{"numTotalTestSuites":143,"numPassedTestSuites":143,"numFailedTestSuites":0,"numPendingTestSuites":0,"numTotalTests":254,"numPassedTests":254,"numFailedTests":0,"numPendingTests":0,"numTodoTests":0,"snapshot":{"added":0,"failure":false,"filesAdded":0,"filesRemoved":0,"filesRemovedList":[],"filesUnmatched":0,"filesUpdated":0,"matched":0,"total":0,"unchecked":0,"uncheckedKeysByFile":[],"unmatched":0,"updated":0,"didUpdate":false},"startTime":1770081918493,"success":true,"testResults":[{"assertionResults":[{"ancestorTitles":["The Bee Agent Logic"],"fullName":"The Bee Agent Logic should calculate 5% reward correctly","status":"passed","title":"should calculate 5% reward correctly","duration":2.700166000000081,"failureMessages":[],"meta":{}},{"ancestorTitles":["The Bee Agent Logic"],"fullName":"The Bee Agent Logic should handle zero amount","status":"passed","title":"should handle zero amount","duration":0.20370899999988978,"failureMessages":[],"meta":{}},{"ancestorTitles":["The Bee Agent Logic"],"fullName":"The Bee Agent Logic should throw error if RPC fails","status":"passed","title":"should throw error if RPC fails","duration":2.431499999999687,"failureMessages":[],"meta":{}}],"startTime":1770081924824,"endTime":1770081924829.4314,"status":"passed","message":"","name":"/Users/macbookprom1/Well/scripts/the_bee_logic.test.ts"},{"assertionResults":[{"ancestorTitles":["Admin Logic Integration Tests","Agent Registry Management"],"fullName":"Admin Logic Integration Tests Agent Registry Management should list all registered agents","status":"passed","title":"should list all registered agents","duration":8.196042000000034,"failureMessages":[],"meta":{}},{"ancestorTitles":["Admin Logic Integration Tests","Agent Registry Management"],"fullName":"Admin Logic Integration Tests Agent Registry Management should retrieve specific agent by name","status":"passed","title":"should retrieve specific agent by name","duration":0.8537919999998849,"failureMessages":[],"meta":{}},{"ancestorTitles":["Admin Logic Integration Tests","Agent Registry Management"],"fullName":"Admin Logic Integration Tests Agent Registry Management should filter agents by business function","status":"passed","title":"should filter agents by business function","duration":0.6990409999998519,"failureMessages":[],"meta":{}},{"ancestorTitles":["Admin Logic Integration Tests","Agent Registry Management"],"fullName":"Admin Logic Integration Tests Agent Registry Management should handle agent registration workflow","status":"passed","title":"should handle agent registration workflow","duration":0.3681249999999636,"failureMessages":[],"meta":{}},{"ancestorTitles":["Admin Logic Integration Tests","Agent Status Monitoring"],"fullName":"Admin Logic Integration Tests Agent Status Monitoring should retrieve KPIs from all agents","status":"passed","title":"should retrieve KPIs from all agents","duration":0.9850830000000315,"failureMessages":[],"meta":{}},{"ancestorTitles":["Admin Logic Integration Tests","Agent Status Monitoring"],"fullName":"Admin Logic Integration Tests Agent Status Monitoring should track agent execution logs","status":"passed","title":"should track agent execution logs","duration":2.111333000000286,"failureMessages":[],"meta":{}},{"ancestorTitles":["Admin Logic Integration Tests","Agent Status Monitoring"],"fullName":"Admin Logic Integration Tests Agent Status Monitoring should monitor agent health status","status":"passed","title":"should monitor agent health status","duration":2.3499580000002425,"failureMessages":[],"meta":{}},{"ancestorTitles":["Admin Logic Integration Tests","Command Analytics Dashboard"],"fullName":"Admin Logic Integration Tests Command Analytics Dashboard should aggregate command execution statistics","status":"passed","title":"should aggregate command execution statistics","duration":1.2442909999999756,"failureMessages":[],"meta":{}},{"ancestorTitles":["Admin Logic Integration Tests","Command Analytics Dashboard"],"fullName":"Admin Logic Integration Tests Command Analytics Dashboard should calculate success rate metrics","status":"passed","title":"should calculate success rate metrics","duration":8.162874999999985,"failureMessages":[],"meta":{}},{"ancestorTitles":["Admin Logic Integration Tests","Command Analytics Dashboard"],"fullName":"Admin Logic Integration Tests Command Analytics Dashboard should provide command history for audit trail","status":"passed","title":"should provide command history for audit trail","duration":1.4966249999997672,"failureMessages":[],"meta":{}},{"ancestorTitles":["Admin Logic Integration Tests","System Health Monitoring"],"fullName":"Admin Logic Integration Tests System Health Monitoring should verify all core agents are available","status":"passed","title":"should verify all core agents are available","duration":0.6774159999999938,"failureMessages":[],"meta":{}},{"ancestorTitles":["Admin Logic Integration Tests","System Health Monitoring"],"fullName":"Admin Logic Integration Tests System Health Monitoring should report system-wide statistics","status":"passed","title":"should report system-wide statistics","duration":0.8357919999998558,"failureMessages":[],"meta":{}},{"ancestorTitles":["Admin Logic Integration Tests","System Health Monitoring"],"fullName":"Admin Logic Integration Tests System Health Monitoring should validate agent registry integrity","status":"passed","title":"should validate agent registry integrity","duration":4.449499999999716,"failureMessages":[],"meta":{}},{"ancestorTitles":["Admin Logic Integration Tests","Admin Operations Workflow"],"fullName":"Admin Logic Integration Tests Admin Operations Workflow should complete full admin monitoring cycle","status":"passed","title":"should complete full admin monitoring cycle","duration":0.9190419999999904,"failureMessages":[],"meta":{}},{"ancestorTitles":["Admin Logic Integration Tests","Admin Operations Workflow"],"fullName":"Admin Logic Integration Tests Admin Operations Workflow should handle multi-agent dashboard view","status":"passed","title":"should handle multi-agent dashboard view","duration":1.3785000000002583,"failureMessages":[],"meta":{}},{"ancestorTitles":["Admin Logic Integration Tests","Command Catalog Administration"],"fullName":"Admin Logic Integration Tests Command Catalog Administration should list all available commands across system","status":"passed","title":"should list all available commands across system","duration":3.380416999999852,"failureMessages":[],"meta":{}},{"ancestorTitles":["Admin Logic Integration Tests","Command Catalog Administration"],"fullName":"Admin Logic Integration Tests Command Catalog Administration should search commands for admin review","status":"passed","title":"should search commands for admin review","duration":1.2797090000003664,"failureMessages":[],"meta":{}},{"ancestorTitles":["Admin Logic Integration Tests","Command Catalog Administration"],"fullName":"Admin Logic Integration Tests Command Catalog Administration should retrieve command documentation for help desk","status":"passed","title":"should retrieve command documentation for help desk","duration":0.21766699999989214,"failureMessages":[],"meta":{}}],"startTime":1770081924861,"endTime":1770081924901.2798,"status":"passed","message":"","name":"/Users/macbookprom1/Well/src/__tests__/admin-logic.integration.test.ts"},{"assertionResults":[{"ancestorTitles":["Affiliate Logic Integration Tests","Referral Tracking"],"fullName":"Affiliate Logic Integration Tests Referral Tracking should have referrals with correct structure","status":"passed","title":"should have referrals with correct structure","duration":3.578208999999788,"failureMessages":[],"meta":{}},{"ancestorTitles":["Affiliate Logic Integration Tests","Referral Tracking"],"fullName":"Affiliate Logic Integration Tests Referral Tracking should track referral link","status":"passed","title":"should track referral link","duration":0.5282499999998436,"failureMessages":[],"meta":{}},{"ancestorTitles":["Affiliate Logic Integration Tests","Referral Tracking"],"fullName":"Affiliate Logic Integration Tests Referral Tracking should count active referrals correctly","status":"passed","title":"should count active referrals correctly","duration":0.3737919999998667,"failureMessages":[],"meta":{}},{"ancestorTitles":["Affiliate Logic Integration Tests","Commission Calculations"],"fullName":"Affiliate Logic Integration Tests Commission Calculations should calculate total commissions","status":"passed","title":"should calculate total commissions","duration":0.7238749999996799,"failureMessages":[],"meta":{}},{"ancestorTitles":["Affiliate Logic Integration Tests","Commission Calculations"],"fullName":"Affiliate Logic Integration Tests Commission Calculations should track level-based commissions","status":"passed","title":"should track level-based commissions","duration":0.17287500000020373,"failureMessages":[],"meta":{}},{"ancestorTitles":["Affiliate Logic Integration Tests","Commission Calculations"],"fullName":"Affiliate Logic Integration Tests Commission Calculations should have commissions proportional to revenue","status":"passed","title":"should have commissions proportional to revenue","duration":0.13245800000004238,"failureMessages":[],"meta":{}},{"ancestorTitles":["Affiliate Logic Integration Tests","MLM Structure"],"fullName":"Affiliate Logic Integration Tests MLM Structure should have multi-level hierarchy","status":"passed","title":"should have multi-level hierarchy","duration":0.10391699999991033,"failureMessages":[],"meta":{}},{"ancestorTitles":["Affiliate Logic Integration Tests","MLM Structure"],"fullName":"Affiliate Logic Integration Tests MLM Structure should track network metrics","status":"passed","title":"should track network metrics","duration":0.3795000000000073,"failureMessages":[],"meta":{}},{"ancestorTitles":["Affiliate Logic Integration Tests","Performance Metrics"],"fullName":"Affiliate Logic Integration Tests Performance Metrics should calculate conversion rate","status":"passed","title":"should calculate conversion rate","duration":6.9644170000001395,"failureMessages":[],"meta":{}},{"ancestorTitles":["Affiliate Logic Integration Tests","Performance Metrics"],"fullName":"Affiliate Logic Integration Tests Performance Metrics should track monthly growth","status":"passed","title":"should track monthly growth","duration":1.0242499999999382,"failureMessages":[],"meta":{}},{"ancestorTitles":["Affiliate Logic Integration Tests","Payout Management"],"fullName":"Affiliate Logic Integration Tests Payout Management should aggregate earnings","status":"passed","title":"should aggregate earnings","duration":0.45241600000008475,"failureMessages":[],"meta":{}},{"ancestorTitles":["Affiliate Logic Integration Tests","Payout Management"],"fullName":"Affiliate Logic Integration Tests Payout Management should segment by status","status":"passed","title":"should segment by status","duration":0.0911670000000413,"failureMessages":[],"meta":{}}],"startTime":1770081927037,"endTime":1770081927055.091,"status":"passed","message":"","name":"/Users/macbookprom1/Well/src/__tests__/affiliate-logic.integration.test.ts"},{"assertionResults":[{"ancestorTitles":["Commission Algorithm Deep Audit","Phase 1: Basic Calculations"],"fullName":"Commission Algorithm Deep Audit Phase 1: Basic Calculations should calculate SHOP commission correctly for CTV (21%)","status":"passed","title":"should calculate SHOP commission correctly for CTV (21%)","duration":2.7816250000000764,"failureMessages":[],"meta":{}},{"ancestorTitles":["Commission Algorithm Deep Audit","Phase 1: Basic Calculations"],"fullName":"Commission Algorithm Deep Audit Phase 1: Basic Calculations should calculate SHOP commission correctly for Khởi Nghiệp (25%)","status":"passed","title":"should calculate SHOP commission correctly for Khởi Nghiệp (25%)","duration":0.2684589999998934,"failureMessages":[],"meta":{}},{"ancestorTitles":["Commission Algorithm Deep Audit","Phase 1: Basic Calculations"],"fullName":"Commission Algorithm Deep Audit Phase 1: Basic Calculations should calculate GROW reward correctly for CTV (5%)","status":"passed","title":"should calculate GROW reward correctly for CTV (5%)","duration":0.2577080000000933,"failureMessages":[],"meta":{}},{"ancestorTitles":["Commission Algorithm Deep Audit","Phase 1: Basic Calculations"],"fullName":"Commission Algorithm Deep Audit Phase 1: Basic Calculations should calculate GROW reward correctly for Đại Sứ (6%)","status":"passed","title":"should calculate GROW reward correctly for Đại Sứ (6%)","duration":0.1985829999998714,"failureMessages":[],"meta":{}},{"ancestorTitles":["Commission Algorithm Deep Audit","Phase 1: Basic Calculations"],"fullName":"Commission Algorithm Deep Audit Phase 1: Basic Calculations should calculate GROW reward correctly for Phượng Hoàng (8%)","status":"passed","title":"should calculate GROW reward correctly for Phượng Hoàng (8%)","duration":0.18120900000030815,"failureMessages":[],"meta":{}},{"ancestorTitles":["Commission Algorithm Deep Audit","Phase 2: Policy Violation Detection"],"fullName":"Commission Algorithm Deep Audit Phase 2: Policy Violation Detection should NEVER exceed 35% total payout ratio","status":"passed","title":"should NEVER exceed 35% total payout ratio","duration":0.534708000000137,"failureMessages":[],"meta":{}},{"ancestorTitles":["Commission Algorithm Deep Audit","Phase 2: Policy Violation Detection"],"fullName":"Commission Algorithm Deep Audit Phase 2: Policy Violation Detection should detect x2 payment vulnerability","status":"passed","title":"should detect x2 payment vulnerability","duration":0.23191700000006676,"failureMessages":[],"meta":{}},{"ancestorTitles":["Commission Algorithm Deep Audit","Phase 2: Policy Violation Detection"],"fullName":"Commission Algorithm Deep Audit Phase 2: Policy Violation Detection should detect x3 payment vulnerability","status":"passed","title":"should detect x3 payment vulnerability","duration":0.22483299999976225,"failureMessages":[],"meta":{}},{"ancestorTitles":["Commission Algorithm Deep Audit","Phase 3: 1000 Transaction Simulation"],"fullName":"Commission Algorithm Deep Audit Phase 3: 1000 Transaction Simulation should process 1000 transactions without policy violations","status":"passed","title":"should process 1000 transactions without policy violations","duration":49.49333299999989,"failureMessages":[],"meta":{}},{"ancestorTitles":["Commission Algorithm Deep Audit","Phase 4: Edge Cases"],"fullName":"Commission Algorithm Deep Audit Phase 4: Edge Cases should handle zero amount gracefully","status":"passed","title":"should handle zero amount gracefully","duration":0.10454200000003766,"failureMessages":[],"meta":{}},{"ancestorTitles":["Commission Algorithm Deep Audit","Phase 4: Edge Cases"],"fullName":"Commission Algorithm Deep Audit Phase 4: Edge Cases should handle very large amounts without overflow","status":"passed","title":"should handle very large amounts without overflow","duration":0.09766700000000128,"failureMessages":[],"meta":{}},{"ancestorTitles":["Commission Algorithm Deep Audit","Phase 4: Edge Cases"],"fullName":"Commission Algorithm Deep Audit Phase 4: Edge Cases should handle negative amounts (should return 0 or throw)","status":"passed","title":"should handle negative amounts (should return 0 or throw)","duration":0.08595800000011877,"failureMessages":[],"meta":{}},{"ancestorTitles":["Commission Algorithm Deep Audit","Phase 4: Edge Cases"],"fullName":"Commission Algorithm Deep Audit Phase 4: Edge Cases should handle decimal amounts correctly","status":"passed","title":"should handle decimal amounts correctly","duration":0.08616600000004837,"failureMessages":[],"meta":{}},{"ancestorTitles":["Commission Algorithm Deep Audit","Phase 5: Rank Boundary Tests"],"fullName":"Commission Algorithm Deep Audit Phase 5: Rank Boundary Tests should apply correct rates at rank boundaries","status":"passed","title":"should apply correct rates at rank boundaries","duration":0.1658329999995658,"failureMessages":[],"meta":{}}],"startTime":1770081927789,"endTime":1770081927844.1658,"status":"passed","message":"","name":"/Users/macbookprom1/Well/src/__tests__/commission-deep-audit.test.ts"},{"assertionResults":[{"ancestorTitles":["Dashboard Pages Integration Tests","Dashboard Home Page","Wallet Data Calculation"],"fullName":"Dashboard Pages Integration Tests Dashboard Home Page Wallet Data Calculation should calculate total wallet correctly","status":"passed","title":"should calculate total wallet correctly","duration":1.8645830000000387,"failureMessages":[],"meta":{}},{"ancestorTitles":["Dashboard Pages Integration Tests","Dashboard Home Page","Wallet Data Calculation"],"fullName":"Dashboard Pages Integration Tests Dashboard Home Page Wallet Data Calculation should handle missing estimatedBonus","status":"passed","title":"should handle missing estimatedBonus","duration":0.2300000000000182,"failureMessages":[],"meta":{}},{"ancestorTitles":["Dashboard Pages Integration Tests","Dashboard Home Page","Revenue Breakdown"],"fullName":"Dashboard Pages Integration Tests Dashboard Home Page Revenue Breakdown should split revenue correctly (70/25/5)","status":"passed","title":"should split revenue correctly (70/25/5)","duration":0.2141670000000886,"failureMessages":[],"meta":{}},{"ancestorTitles":["Dashboard Pages Integration Tests","Dashboard Home Page","Live Activity Generation"],"fullName":"Dashboard Pages Integration Tests Dashboard Home Page Live Activity Generation should have all 5 activity types","status":"passed","title":"should have all 5 activity types","duration":0.1752080000001115,"failureMessages":[],"meta":{}},{"ancestorTitles":["Dashboard Pages Integration Tests","Marketplace Page","Product Filtering"],"fullName":"Dashboard Pages Integration Tests Marketplace Page Product Filtering should filter products by category","status":"passed","title":"should filter products by category","duration":0.38891700000021956,"failureMessages":[],"meta":{}},{"ancestorTitles":["Dashboard Pages Integration Tests","Marketplace Page","Product Filtering"],"fullName":"Dashboard Pages Integration Tests Marketplace Page Product Filtering should have all products with valid prices","status":"passed","title":"should have all products with valid prices","duration":0.5902080000000751,"failureMessages":[],"meta":{}},{"ancestorTitles":["Dashboard Pages Integration Tests","Marketplace Page","Product Filtering"],"fullName":"Dashboard Pages Integration Tests Marketplace Page Product Filtering should have valid commission rates (0-1)","status":"passed","title":"should have valid commission rates (0-1)","duration":0.3049999999998363,"failureMessages":[],"meta":{}},{"ancestorTitles":["Dashboard Pages Integration Tests","Marketplace Page","Cart Calculations"],"fullName":"Dashboard Pages Integration Tests Marketplace Page Cart Calculations should calculate cart total correctly","status":"passed","title":"should calculate cart total correctly","duration":0.10470799999984592,"failureMessages":[],"meta":{}},{"ancestorTitles":["Dashboard Pages Integration Tests","Marketplace Page","Cart Calculations"],"fullName":"Dashboard Pages Integration Tests Marketplace Page Cart Calculations should calculate cart commission correctly","status":"passed","title":"should calculate cart commission correctly","duration":0.08212499999990541,"failureMessages":[],"meta":{}},{"ancestorTitles":["Dashboard Pages Integration Tests","Wallet Page","Portfolio Value"],"fullName":"Dashboard Pages Integration Tests Wallet Page Portfolio Value should calculate total portfolio VND","status":"passed","title":"should calculate total portfolio VND","duration":0.06408299999975497,"failureMessages":[],"meta":{}},{"ancestorTitles":["Dashboard Pages Integration Tests","Wallet Page","Portfolio Value"],"fullName":"Dashboard Pages Integration Tests Wallet Page Portfolio Value should combine available and staked GROW","status":"passed","title":"should combine available and staked GROW","duration":0.05616599999984828,"failureMessages":[],"meta":{}},{"ancestorTitles":["Dashboard Pages Integration Tests","Wallet Page","Transaction Filtering"],"fullName":"Dashboard Pages Integration Tests Wallet Page Transaction Filtering should filter by token type","status":"passed","title":"should filter by token type","duration":0.09062500000027285,"failureMessages":[],"meta":{}},{"ancestorTitles":["Dashboard Pages Integration Tests","Team (Leader Dashboard) Page","Team Metrics"],"fullName":"Dashboard Pages Integration Tests Team (Leader Dashboard) Page Team Metrics should have team members with valid structure","status":"passed","title":"should have team members with valid structure","duration":0.3883330000003298,"failureMessages":[],"meta":{}},{"ancestorTitles":["Dashboard Pages Integration Tests","Team (Leader Dashboard) Page","Team Metrics"],"fullName":"Dashboard Pages Integration Tests Team (Leader Dashboard) Page Team Metrics should filter by rank correctly","status":"passed","title":"should filter by rank correctly","duration":0.08899999999994179,"failureMessages":[],"meta":{}},{"ancestorTitles":["Dashboard Pages Integration Tests","Team (Leader Dashboard) Page","Growth Calculation"],"fullName":"Dashboard Pages Integration Tests Team (Leader Dashboard) Page Growth Calculation should identify positive growth","status":"passed","title":"should identify positive growth","duration":0.08470800000031886,"failureMessages":[],"meta":{}},{"ancestorTitles":["Dashboard Pages Integration Tests","Referral Page","Referral Link"],"fullName":"Dashboard Pages Integration Tests Referral Page Referral Link should generate valid referral link format","status":"passed","title":"should generate valid referral link format","duration":0.15183399999978064,"failureMessages":[],"meta":{}},{"ancestorTitles":["Dashboard Pages Integration Tests","Referral Page","Level-Based Referrals"],"fullName":"Dashboard Pages Integration Tests Referral Page Level-Based Referrals should support multi-level referrals","status":"passed","title":"should support multi-level referrals","duration":0.1162080000003698,"failureMessages":[],"meta":{}},{"ancestorTitles":["Dashboard Pages Integration Tests","Leaderboard Page","Ranking Logic"],"fullName":"Dashboard Pages Integration Tests Leaderboard Page Ranking Logic should sort leaderboard by tokens","status":"passed","title":"should sort leaderboard by tokens","duration":0.12158300000010058,"failureMessages":[],"meta":{}},{"ancestorTitles":["Dashboard Pages Integration Tests","Leaderboard Page","Ranking Logic"],"fullName":"Dashboard Pages Integration Tests Leaderboard Page Ranking Logic should identify top 3 correctly","status":"passed","title":"should identify top 3 correctly","duration":0.09304100000008475,"failureMessages":[],"meta":{}},{"ancestorTitles":["Dashboard Pages Integration Tests","Marketing Tools Page","Gift Card Generation"],"fullName":"Dashboard Pages Integration Tests Marketing Tools Page Gift Card Generation should create valid gift card code","status":"passed","title":"should create valid gift card code","duration":0.3480829999998605,"failureMessages":[],"meta":{}},{"ancestorTitles":["Dashboard Pages Integration Tests","Marketing Tools Page","Content Templates"],"fullName":"Dashboard Pages Integration Tests Marketing Tools Page Content Templates should categorize templates correctly","status":"passed","title":"should categorize templates correctly","duration":0.3097080000002279,"failureMessages":[],"meta":{}},{"ancestorTitles":["Dashboard Pages Integration Tests","Health Coach Page","Product Recommendations"],"fullName":"Dashboard Pages Integration Tests Health Coach Page Product Recommendations should calculate combo total price","status":"passed","title":"should calculate combo total price","duration":0.26670800000010786,"failureMessages":[],"meta":{}},{"ancestorTitles":["Dashboard Pages Integration Tests","Agent Dashboard Page","Agent Visibility"],"fullName":"Dashboard Pages Integration Tests Agent Dashboard Page Agent Visibility should group agents by function","status":"passed","title":"should group agents by function","duration":2.339708999999857,"failureMessages":[],"meta":{}},{"ancestorTitles":["Dashboard Pages Integration Tests","User Data Validation"],"fullName":"Dashboard Pages Integration Tests User Data Validation should have valid CURRENT_USER structure","status":"passed","title":"should have valid CURRENT_USER structure","duration":0.16812500000014552,"failureMessages":[],"meta":{}},{"ancestorTitles":["Dashboard Pages Integration Tests","User Data Validation"],"fullName":"Dashboard Pages Integration Tests User Data Validation should have valid rank value","status":"passed","title":"should have valid rank value","duration":1.353624999999738,"failureMessages":[],"meta":{}},{"ancestorTitles":["Dashboard Pages Integration Tests","User Data Validation"],"fullName":"Dashboard Pages Integration Tests User Data Validation should have all rank names defined","status":"passed","title":"should have all rank names defined","duration":0.6864999999997963,"failureMessages":[],"meta":{}}],"startTime":1770081926642,"endTime":1770081926653.6865,"status":"passed","message":"","name":"/Users/macbookprom1/Well/src/__tests__/dashboard-pages.integration.test.ts"},{"assertionResults":[{"ancestorTitles":["User Flow Integration Tests","Single User Journey"],"fullName":"User Flow Integration Tests Single User Journey should complete full command execution workflow","status":"passed","title":"should complete full command execution workflow","duration":4.778249999999844,"failureMessages":[],"meta":{}},{"ancestorTitles":["User Flow Integration Tests","Single User Journey"],"fullName":"User Flow Integration Tests Single User Journey should handle error recovery gracefully","status":"passed","title":"should handle error recovery gracefully","duration":1.2729159999998956,"failureMessages":[],"meta":{}},{"ancestorTitles":["User Flow Integration Tests","Multi-User Scenarios"],"fullName":"User Flow Integration Tests Multi-User Scenarios should handle multiple users executing commands concurrently","status":"passed","title":"should handle multiple users executing commands concurrently","duration":1.2882079999999405,"failureMessages":[],"meta":{}},{"ancestorTitles":["User Flow Integration Tests","Multi-User Scenarios"],"fullName":"User Flow Integration Tests Multi-User Scenarios should enforce rate limits independently per user","status":"passed","title":"should enforce rate limits independently per user","duration":0.32349999999996726,"failureMessages":[],"meta":{}},{"ancestorTitles":["User Flow Integration Tests","Rate Limiting User Flow"],"fullName":"User Flow Integration Tests Rate Limiting User Flow should guide user through rate limit scenario","status":"passed","title":"should guide user through rate limit scenario","duration":0.9360830000000533,"failureMessages":[],"meta":{}},{"ancestorTitles":["User Flow Integration Tests","Analytics Integration"],"fullName":"User Flow Integration Tests Analytics Integration should track complete user session","status":"passed","title":"should track complete user session","duration":3.288749999999709,"failureMessages":[],"meta":{}},{"ancestorTitles":["User Flow Integration Tests","New User Onboarding Flow"],"fullName":"User Flow Integration Tests New User Onboarding Flow should guide new user through first command","status":"passed","title":"should guide new user through first command","duration":4.750791999999819,"failureMessages":[],"meta":{}},{"ancestorTitles":["User Flow Integration Tests","Power User Workflow"],"fullName":"User Flow Integration Tests Power User Workflow should handle rapid sequential command execution","status":"passed","title":"should handle rapid sequential command execution","duration":1.5593340000000353,"failureMessages":[],"meta":{}},{"ancestorTitles":["User Flow Integration Tests","Complete Session Lifecycle"],"fullName":"User Flow Integration Tests Complete Session Lifecycle should simulate full user session from start to finish","status":"passed","title":"should simulate full user session from start to finish","duration":1.142790999999761,"failureMessages":[],"meta":{}}],"startTime":1770081924322,"endTime":1770081924344.1428,"status":"passed","message":"","name":"/Users/macbookprom1/Well/src/__tests__/user-flows.integration.test.ts"},{"assertionResults":[{"ancestorTitles":["Agent Integration Flow"],"fullName":"Agent Integration Flow Registry should have default agents registered","status":"passed","title":"Registry should have default agents registered","duration":0.8828750000000127,"failureMessages":[],"meta":{}},{"ancestorTitles":["Agent Integration Flow"],"fullName":"Agent Integration Flow Store slice should retrieve agents from registry","status":"passed","title":"Store slice should retrieve agents from registry","duration":0.17762500000003456,"failureMessages":[],"meta":{}},{"ancestorTitles":["Agent Integration Flow"],"fullName":"Agent Integration Flow Should group agents by business function correctly","status":"passed","title":"Should group agents by business function correctly","duration":0.12895899999989524,"failureMessages":[],"meta":{}}],"startTime":1770081929172,"endTime":1770081929173.1777,"status":"passed","message":"","name":"/Users/macbookprom1/Well/src/agents/agentIntegration.test.ts"},{"assertionResults":[{"ancestorTitles":["Admin Check Utility"],"fullName":"Admin Check Utility should return true for valid admin email","status":"passed","title":"should return true for valid admin email","duration":10.97708300000022,"failureMessages":[],"meta":{}},{"ancestorTitles":["Admin Check Utility"],"fullName":"Admin Check Utility should return true for admin email with different casing","status":"passed","title":"should return true for admin email with different casing","duration":1.05074999999988,"failureMessages":[],"meta":{}},{"ancestorTitles":["Admin Check Utility"],"fullName":"Admin Check Utility should return true for admin email with whitespace","status":"passed","title":"should return true for admin email with whitespace","duration":0.4499999999998181,"failureMessages":[],"meta":{}},{"ancestorTitles":["Admin Check Utility"],"fullName":"Admin Check Utility should return false for non-admin email","status":"passed","title":"should return false for non-admin email","duration":0.2444580000001224,"failureMessages":[],"meta":{}},{"ancestorTitles":["Admin Check Utility"],"fullName":"Admin Check Utility should return false for null or undefined email","status":"passed","title":"should return false for null or undefined email","duration":0.2169579999999769,"failureMessages":[],"meta":{}},{"ancestorTitles":["Admin Check Utility"],"fullName":"Admin Check Utility should return false for empty string","status":"passed","title":"should return false for empty string","duration":0.5541250000001128,"failureMessages":[],"meta":{}},{"ancestorTitles":["Admin Check Utility"],"fullName":"Admin Check Utility should handle empty environment variable gracefully","status":"passed","title":"should handle empty environment variable gracefully","duration":1.2118329999998423,"failureMessages":[],"meta":{}}],"startTime":1770081927546,"endTime":1770081927560.212,"status":"passed","message":"","name":"/Users/macbookprom1/Well/src/utils/admin-check.test.ts"},{"assertionResults":[{"ancestorTitles":["Commission Logic - Full Level","Commission Rates by Rank"],"fullName":"Commission Logic - Full Level Commission Rates by Rank CTV (rank 8) should get 21% commission rate","status":"passed","title":"CTV (rank 8) should get 21% commission rate","duration":6.10916700000007,"failureMessages":[],"meta":{}},{"ancestorTitles":["Commission Logic - Full Level","Commission Rates by Rank"],"fullName":"Commission Logic - Full Level Commission Rates by Rank KHOI_NGHIEP (rank 7) should get 25% commission rate","status":"passed","title":"KHOI_NGHIEP (rank 7) should get 25% commission rate","duration":0.6074169999999413,"failureMessages":[],"meta":{}},{"ancestorTitles":["Commission Logic - Full Level","Commission Rates by Rank"],"fullName":"Commission Logic - Full Level Commission Rates by Rank DAI_SU (rank 6) should get 25% commission rate","status":"passed","title":"DAI_SU (rank 6) should get 25% commission rate","duration":0.2697089999999207,"failureMessages":[],"meta":{}},{"ancestorTitles":["Commission Logic - Full Level","Commission Rates by Rank"],"fullName":"Commission Logic - Full Level Commission Rates by Rank DAI_SU_SILVER (rank 5) should get 25% commission rate","status":"passed","title":"DAI_SU_SILVER (rank 5) should get 25% commission rate","duration":0.5469580000001315,"failureMessages":[],"meta":{}},{"ancestorTitles":["Commission Logic - Full Level","Commission Rates by Rank"],"fullName":"Commission Logic - Full Level Commission Rates by Rank DAI_SU_GOLD (rank 4) should get 25% commission rate","status":"passed","title":"DAI_SU_GOLD (rank 4) should get 25% commission rate","duration":0.24029200000018136,"failureMessages":[],"meta":{}},{"ancestorTitles":["Commission Logic - Full Level","Commission Rates by Rank"],"fullName":"Commission Logic - Full Level Commission Rates by Rank DAI_SU_DIAMOND (rank 3) should get 25% commission rate","status":"passed","title":"DAI_SU_DIAMOND (rank 3) should get 25% commission rate","duration":0.21033299999999144,"failureMessages":[],"meta":{}},{"ancestorTitles":["Commission Logic - Full Level","Commission Rates by Rank"],"fullName":"Commission Logic - Full Level Commission Rates by Rank PHUONG_HOANG (rank 2) should get 25% commission rate","status":"passed","title":"PHUONG_HOANG (rank 2) should get 25% commission rate","duration":0.3678340000001299,"failureMessages":[],"meta":{}},{"ancestorTitles":["Commission Logic - Full Level","Commission Rates by Rank"],"fullName":"Commission Logic - Full Level Commission Rates by Rank THIEN_LONG (rank 1) should get 25% commission rate","status":"passed","title":"THIEN_LONG (rank 1) should get 25% commission rate","duration":0.39629100000001927,"failureMessages":[],"meta":{}},{"ancestorTitles":["Commission Logic - Full Level","Commission Calculations"],"fullName":"Commission Logic - Full Level Commission Calculations should calculate CTV commission correctly (21%)","status":"passed","title":"should calculate CTV commission correctly (21%)","duration":0.29795899999999165,"failureMessages":[],"meta":{}},{"ancestorTitles":["Commission Logic - Full Level","Commission Calculations"],"fullName":"Commission Logic - Full Level Commission Calculations should calculate KHOI_NGHIEP commission correctly (25%)","status":"passed","title":"should calculate KHOI_NGHIEP commission correctly (25%)","duration":0.17295799999988049,"failureMessages":[],"meta":{}},{"ancestorTitles":["Commission Logic - Full Level","Commission Calculations"],"fullName":"Commission Logic - Full Level Commission Calculations should calculate DAI_SU commission correctly (25%)","status":"passed","title":"should calculate DAI_SU commission correctly (25%)","duration":0.16395799999986593,"failureMessages":[],"meta":{}},{"ancestorTitles":["Commission Logic - Full Level","Commission Calculations"],"fullName":"Commission Logic - Full Level Commission Calculations should calculate THIEN_LONG (top rank) commission correctly (25%)","status":"passed","title":"should calculate THIEN_LONG (top rank) commission correctly (25%)","duration":0.1592089999999189,"failureMessages":[],"meta":{}},{"ancestorTitles":["Commission Logic - Full Level","Edge Cases"],"fullName":"Commission Logic - Full Level Edge Cases should return 0 commission for 0 bonus revenue","status":"passed","title":"should return 0 commission for 0 bonus revenue","duration":0.15495800000007875,"failureMessages":[],"meta":{}},{"ancestorTitles":["Commission Logic - Full Level","Edge Cases"],"fullName":"Commission Logic - Full Level Edge Cases should handle large bonus revenue without overflow","status":"passed","title":"should handle large bonus revenue without overflow","duration":0.20362500000010186,"failureMessages":[],"meta":{}},{"ancestorTitles":["Commission Logic - Full Level","Edge Cases"],"fullName":"Commission Logic - Full Level Edge Cases should handle decimal bonus revenue","status":"passed","title":"should handle decimal bonus revenue","duration":0.4672080000000278,"failureMessages":[],"meta":{}},{"ancestorTitles":["Commission Logic - Full Level","Rank Tier Boundary"],"fullName":"Commission Logic - Full Level Rank Tier Boundary should have only 2 commission tiers","status":"passed","title":"should have only 2 commission tiers","duration":0.43962500000020555,"failureMessages":[],"meta":{}},{"ancestorTitles":["Commission Logic - Full Level","Rank Tier Boundary"],"fullName":"Commission Logic - Full Level Rank Tier Boundary CTV is the only rank with 21% rate","status":"passed","title":"CTV is the only rank with 21% rate","duration":4.261833000000024,"failureMessages":[],"meta":{}},{"ancestorTitles":["Commission Logic - Full Level","Rank Tier Boundary"],"fullName":"Commission Logic - Full Level Rank Tier Boundary should verify rank names are defined for all ranks","status":"passed","title":"should verify rank names are defined for all ranks","duration":1.4402919999999995,"failureMessages":[],"meta":{}},{"ancestorTitles":["Commission Logic - Full Level","Bonus Revenue Calculation"],"fullName":"Commission Logic - Full Level Bonus Revenue Calculation should use explicit bonusRevenue when provided","status":"passed","title":"should use explicit bonusRevenue when provided","duration":0.3268749999999727,"failureMessages":[],"meta":{}},{"ancestorTitles":["Commission Logic - Full Level","Bonus Revenue Calculation"],"fullName":"Commission Logic - Full Level Bonus Revenue Calculation should fallback to 50% of price when bonusRevenue not set","status":"passed","title":"should fallback to 50% of price when bonusRevenue not set","duration":0.14216699999997218,"failureMessages":[],"meta":{}},{"ancestorTitles":["Commission Logic - Full Level","Bonus Revenue Calculation"],"fullName":"Commission Logic - Full Level Bonus Revenue Calculation should handle 0 price correctly","status":"passed","title":"should handle 0 price correctly","duration":0.12820899999996982,"failureMessages":[],"meta":{}},{"ancestorTitles":["Commission Logic - Full Level","Full Commission Flow"],"fullName":"Commission Logic - Full Level Full Commission Flow should calculate complete commission flow for CTV","status":"passed","title":"should calculate complete commission flow for CTV","duration":0.1859159999999065,"failureMessages":[],"meta":{}},{"ancestorTitles":["Commission Logic - Full Level","Full Commission Flow"],"fullName":"Commission Logic - Full Level Full Commission Flow should calculate complete commission flow for KHOI_NGHIEP","status":"passed","title":"should calculate complete commission flow for KHOI_NGHIEP","duration":0.13808300000005147,"failureMessages":[],"meta":{}},{"ancestorTitles":["Commission Logic - Full Level","Full Commission Flow"],"fullName":"Commission Logic - Full Level Full Commission Flow should show 4% difference between CTV and KHOI_NGHIEP","status":"passed","title":"should show 4% difference between CTV and KHOI_NGHIEP","duration":0.28825000000006185,"failureMessages":[],"meta":{}}],"startTime":1770081929300,"endTime":1770081929319.2883,"status":"passed","message":"","name":"/Users/macbookprom1/Well/src/utils/commission-logic.test.ts"},{"assertionResults":[{"ancestorTitles":["Dashboard Logic","Revenue Breakdown Calculation"],"fullName":"Dashboard Logic Revenue Breakdown Calculation should calculate correct breakdown for 100M sales","status":"passed","title":"should calculate correct breakdown for 100M sales","duration":1.879709000000048,"failureMessages":[],"meta":{}},{"ancestorTitles":["Dashboard Logic","Revenue Breakdown Calculation"],"fullName":"Dashboard Logic Revenue Breakdown Calculation should have percentages that sum to 100%","status":"passed","title":"should have percentages that sum to 100%","duration":0.21754199999986668,"failureMessages":[],"meta":{}},{"ancestorTitles":["Dashboard Logic","Revenue Breakdown Calculation"],"fullName":"Dashboard Logic Revenue Breakdown Calculation should preserve total when summed","status":"passed","title":"should preserve total when summed","duration":0.46833300000002964,"failureMessages":[],"meta":{}},{"ancestorTitles":["Dashboard Logic","Revenue Breakdown Calculation"],"fullName":"Dashboard Logic Revenue Breakdown Calculation should handle zero sales","status":"passed","title":"should handle zero sales","duration":0.511792000000014,"failureMessages":[],"meta":{}},{"ancestorTitles":["Dashboard Logic","Wallet Data Calculation"],"fullName":"Dashboard Logic Wallet Data Calculation should calculate wallet totals correctly","status":"passed","title":"should calculate wallet totals correctly","duration":0.12487499999997453,"failureMessages":[],"meta":{}},{"ancestorTitles":["Dashboard Logic","Wallet Data Calculation"],"fullName":"Dashboard Logic Wallet Data Calculation should handle no pending bonus","status":"passed","title":"should handle no pending bonus","duration":0.06820900000002439,"failureMessages":[],"meta":{}},{"ancestorTitles":["Dashboard Logic","Business Valuation Formula"],"fullName":"Dashboard Logic Business Valuation Formula should calculate annual valuation with 5x PE","status":"passed","title":"should calculate annual valuation with 5x PE","duration":0.05841699999996308,"failureMessages":[],"meta":{}},{"ancestorTitles":["Dashboard Logic","Business Valuation Formula"],"fullName":"Dashboard Logic Business Valuation Formula should handle zero profit","status":"passed","title":"should handle zero profit","duration":0.04616600000008475,"failureMessages":[],"meta":{}},{"ancestorTitles":["Dashboard Logic","Business Valuation Formula"],"fullName":"Dashboard Logic Business Valuation Formula should scale with different PE ratios","status":"passed","title":"should scale with different PE ratios","duration":0.05675000000019281,"failureMessages":[],"meta":{}},{"ancestorTitles":["Dashboard Logic","Live Activity Generation"],"fullName":"Dashboard Logic Live Activity Generation should have 5 distinct activity types","status":"passed","title":"should have 5 distinct activity types","duration":0.046875,"failureMessages":[],"meta":{}},{"ancestorTitles":["Dashboard Logic","Live Activity Generation"],"fullName":"Dashboard Logic Live Activity Generation should include all expected types","status":"passed","title":"should include all expected types","duration":2.189332999999806,"failureMessages":[],"meta":{}}],"startTime":1770081928960,"endTime":1770081928966.1895,"status":"passed","message":"","name":"/Users/macbookprom1/Well/src/utils/dashboard-logic.test.ts"},{"assertionResults":[{"ancestorTitles":["formatVND"],"fullName":"formatVND should format Vietnamese currency correctly","status":"passed","title":"should format Vietnamese currency correctly","duration":56.16508299999987,"failureMessages":[],"meta":{}},{"ancestorTitles":["formatVND"],"fullName":"formatVND should handle large numbers","status":"passed","title":"should handle large numbers","duration":0.24937500000032742,"failureMessages":[],"meta":{}},{"ancestorTitles":["formatVND"],"fullName":"formatVND should handle negative numbers","status":"passed","title":"should handle negative numbers","duration":0.1882500000001528,"failureMessages":[],"meta":{}},{"ancestorTitles":["formatNumber"],"fullName":"formatNumber should format numbers with thousand separators","status":"passed","title":"should format numbers with thousand separators","duration":0.7002090000000862,"failureMessages":[],"meta":{}},{"ancestorTitles":["formatPercent"],"fullName":"formatPercent should format percentages correctly with + sign for positive","status":"passed","title":"should format percentages correctly with + sign for positive","duration":0.3356659999999465,"failureMessages":[],"meta":{}},{"ancestorTitles":["formatPercent"],"fullName":"formatPercent should handle zero without sign","status":"passed","title":"should handle zero without sign","duration":0.16716699999960838,"failureMessages":[],"meta":{}},{"ancestorTitles":["formatPercent"],"fullName":"formatPercent should handle negative percentages","status":"passed","title":"should handle negative percentages","duration":0.15987499999982901,"failureMessages":[],"meta":{}}],"startTime":1770081927702,"endTime":1770081927761.3357,"status":"passed","message":"","name":"/Users/macbookprom1/Well/src/utils/format.test.ts"},{"assertionResults":[{"ancestorTitles":["validatePassword"],"fullName":"validatePassword should identify empty password as weak and invalid","status":"passed","title":"should identify empty password as weak and invalid","duration":47.06691599999999,"failureMessages":[],"meta":{}},{"ancestorTitles":["validatePassword"],"fullName":"validatePassword should fail short passwords","status":"passed","title":"should fail short passwords","duration":12.389458000000104,"failureMessages":[],"meta":{}},{"ancestorTitles":["validatePassword"],"fullName":"validatePassword should require uppercase letter","status":"passed","title":"should require uppercase letter","duration":0.1506249999999909,"failureMessages":[],"meta":{}},{"ancestorTitles":["validatePassword"],"fullName":"validatePassword should require lowercase letter","status":"passed","title":"should require lowercase letter","duration":0.09670799999980773,"failureMessages":[],"meta":{}},{"ancestorTitles":["validatePassword"],"fullName":"validatePassword should require number","status":"passed","title":"should require number","duration":0.08162500000003092,"failureMessages":[],"meta":{}},{"ancestorTitles":["validatePassword"],"fullName":"validatePassword should require special character","status":"passed","title":"should require special character","duration":0.07979199999999764,"failureMessages":[],"meta":{}},{"ancestorTitles":["validatePassword"],"fullName":"validatePassword should pass strong passwords","status":"passed","title":"should pass strong passwords","duration":0.10200000000008913,"failureMessages":[],"meta":{}},{"ancestorTitles":["validatePassword"],"fullName":"validatePassword should correctly grade \"fair\" passwords","status":"passed","title":"should correctly grade \"fair\" passwords","duration":0.05037500000003092,"failureMessages":[],"meta":{}},{"ancestorTitles":["validatePassword"],"fullName":"validatePassword should correctly grade \"good\" passwords","status":"passed","title":"should correctly grade \"good\" passwords","duration":0.05629199999998491,"failureMessages":[],"meta":{}}],"startTime":1770081928662,"endTime":1770081928762.1506,"status":"passed","message":"","name":"/Users/macbookprom1/Well/src/utils/password-validation.test.ts"},{"assertionResults":[{"ancestorTitles":["calculatePIT (Personal Income Tax)"],"fullName":"calculatePIT (Personal Income Tax) should not apply tax for amounts below threshold (2,000,000 VND)","status":"passed","title":"should not apply tax for amounts below threshold (2,000,000 VND)","duration":0.785959000000048,"failureMessages":[],"meta":{}},{"ancestorTitles":["calculatePIT (Personal Income Tax)"],"fullName":"calculatePIT (Personal Income Tax) should apply tax at threshold (2,000,000 VND)","status":"passed","title":"should apply tax at threshold (2,000,000 VND)","duration":0.1277500000001055,"failureMessages":[],"meta":{}},{"ancestorTitles":["calculatePIT (Personal Income Tax)"],"fullName":"calculatePIT (Personal Income Tax) should apply 10% tax for amounts at or above threshold","status":"passed","title":"should apply 10% tax for amounts at or above threshold","duration":0.09658300000000963,"failureMessages":[],"meta":{}},{"ancestorTitles":["calculatePIT (Personal Income Tax)"],"fullName":"calculatePIT (Personal Income Tax) should handle large amounts correctly","status":"passed","title":"should handle large amounts correctly","duration":0.11858300000017152,"failureMessages":[],"meta":{}},{"ancestorTitles":["calculatePIT (Personal Income Tax)"],"fullName":"calculatePIT (Personal Income Tax) should handle zero amount","status":"passed","title":"should handle zero amount","duration":0.18629200000009405,"failureMessages":[],"meta":{}},{"ancestorTitles":["calculatePIT (Personal Income Tax)"],"fullName":"calculatePIT (Personal Income Tax) should return correct tax rate","status":"passed","title":"should return correct tax rate","duration":0.06749999999988177,"failureMessages":[],"meta":{}}],"startTime":1770081929362,"endTime":1770081929364.1863,"status":"passed","message":"","name":"/Users/macbookprom1/Well/src/utils/tax.test.ts"},{"assertionResults":[{"ancestorTitles":["Tokenomics","calculateStakingReward"],"fullName":"Tokenomics calculateStakingReward should calculate basic staking reward correctly","status":"passed","title":"should calculate basic staking reward correctly","duration":2.3494580000001406,"failureMessages":[],"meta":{}},{"ancestorTitles":["Tokenomics","calculateStakingReward"],"fullName":"Tokenomics calculateStakingReward should return 0 for zero tokens","status":"passed","title":"should return 0 for zero tokens","duration":0.4334590000003118,"failureMessages":[],"meta":{}},{"ancestorTitles":["Tokenomics","calculateStakingReward"],"fullName":"Tokenomics calculateStakingReward should return 0 for zero days","status":"passed","title":"should return 0 for zero days","duration":0.27837499999986903,"failureMessages":[],"meta":{}},{"ancestorTitles":["Tokenomics","calculateStakingReward"],"fullName":"Tokenomics calculateStakingReward should calculate full year reward correctly","status":"passed","title":"should calculate full year reward correctly","duration":0.11075000000028012,"failureMessages":[],"meta":{}},{"ancestorTitles":["Tokenomics","calculateStakingReward"],"fullName":"Tokenomics calculateStakingReward should handle large balances without overflow","status":"passed","title":"should handle large balances without overflow","duration":0.06175000000030195,"failureMessages":[],"meta":{}},{"ancestorTitles":["Tokenomics","calculateStakingReward"],"fullName":"Tokenomics calculateStakingReward should return result with 4 decimal precision","status":"passed","title":"should return result with 4 decimal precision","duration":0.0970830000001115,"failureMessages":[],"meta":{}},{"ancestorTitles":["Tokenomics","formatToken"],"fullName":"Tokenomics formatToken should format SHOP token with VND symbol","status":"passed","title":"should format SHOP token with VND symbol","duration":142.2911250000002,"failureMessages":[],"meta":{}},{"ancestorTitles":["Tokenomics","formatToken"],"fullName":"Tokenomics formatToken should format GROW token with Token suffix","status":"passed","title":"should format GROW token with Token suffix","duration":0.33812499999976353,"failureMessages":[],"meta":{}},{"ancestorTitles":["Tokenomics","formatToken"],"fullName":"Tokenomics formatToken should show minimum 2 decimal places","status":"passed","title":"should show minimum 2 decimal places","duration":0.10712499999999636,"failureMessages":[],"meta":{}},{"ancestorTitles":["Tokenomics","formatToken"],"fullName":"Tokenomics formatToken should show up to 4 decimal places for precision","status":"passed","title":"should show up to 4 decimal places for precision","duration":0.08825000000024374,"failureMessages":[],"meta":{}},{"ancestorTitles":["Tokenomics","generateTxHash"],"fullName":"Tokenomics generateTxHash should generate hash with correct length (66 chars)","status":"passed","title":"should generate hash with correct length (66 chars)","duration":0.3203750000002401,"failureMessages":[],"meta":{}},{"ancestorTitles":["Tokenomics","generateTxHash"],"fullName":"Tokenomics generateTxHash should start with 0x prefix","status":"passed","title":"should start with 0x prefix","duration":0.0906249999998181,"failureMessages":[],"meta":{}},{"ancestorTitles":["Tokenomics","generateTxHash"],"fullName":"Tokenomics generateTxHash should contain only valid hex characters after prefix","status":"passed","title":"should contain only valid hex characters after prefix","duration":0.28016699999989214,"failureMessages":[],"meta":{}},{"ancestorTitles":["Tokenomics","generateTxHash"],"fullName":"Tokenomics generateTxHash should generate unique hashes","status":"passed","title":"should generate unique hashes","duration":1.3808329999997113,"failureMessages":[],"meta":{}}],"startTime":1770081921191,"endTime":1770081921340.3809,"status":"passed","message":"","name":"/Users/macbookprom1/Well/src/utils/tokenomics.test.ts"},{"assertionResults":[{"ancestorTitles":["validateConfig"],"fullName":"validateConfig should return valid state when all keys are present","status":"passed","title":"should return valid state when all keys are present","duration":20.736707999999908,"failureMessages":[],"meta":{}},{"ancestorTitles":["validateConfig"],"fullName":"validateConfig should detect missing keys","status":"passed","title":"should detect missing keys","duration":6.818915999999717,"failureMessages":[],"meta":{}},{"ancestorTitles":["validateConfig"],"fullName":"validateConfig should throw in production if keys are missing","status":"passed","title":"should throw in production if keys are missing","duration":15.610124999999698,"failureMessages":[],"meta":{}}],"startTime":1770081927395,"endTime":1770081927439.61,"status":"passed","message":"","name":"/Users/macbookprom1/Well/src/utils/validate-config.test.ts"},{"assertionResults":[{"ancestorTitles":["Wallet Logic","Portfolio Value Calculation"],"fullName":"Wallet Logic Portfolio Value Calculation should calculate portfolio with mixed balances","status":"passed","title":"should calculate portfolio with mixed balances","duration":2.305250000000342,"failureMessages":[],"meta":{}},{"ancestorTitles":["Wallet Logic","Portfolio Value Calculation"],"fullName":"Wallet Logic Portfolio Value Calculation should return 0 for empty wallet","status":"passed","title":"should return 0 for empty wallet","duration":0.35425000000032014,"failureMessages":[],"meta":{}},{"ancestorTitles":["Wallet Logic","Portfolio Value Calculation"],"fullName":"Wallet Logic Portfolio Value Calculation should handle SHOP-only balance","status":"passed","title":"should handle SHOP-only balance","duration":0.19949999999971624,"failureMessages":[],"meta":{}},{"ancestorTitles":["Wallet Logic","Portfolio Value Calculation"],"fullName":"Wallet Logic Portfolio Value Calculation should handle GROW-only balance","status":"passed","title":"should handle GROW-only balance","duration":0.18070899999975154,"failureMessages":[],"meta":{}},{"ancestorTitles":["Wallet Logic","Portfolio Value Calculation"],"fullName":"Wallet Logic Portfolio Value Calculation should handle large balances without overflow","status":"passed","title":"should handle large balances without overflow","duration":0.1691249999998945,"failureMessages":[],"meta":{}},{"ancestorTitles":["Wallet Logic","Transaction Filtering"],"fullName":"Wallet Logic Transaction Filtering should return all transactions when filter is \"all\"","status":"passed","title":"should return all transactions when filter is \"all\"","duration":0.7376249999997526,"failureMessages":[],"meta":{}},{"ancestorTitles":["Wallet Logic","Transaction Filtering"],"fullName":"Wallet Logic Transaction Filtering should filter SHOP transactions only","status":"passed","title":"should filter SHOP transactions only","duration":0.5084170000000086,"failureMessages":[],"meta":{}},{"ancestorTitles":["Wallet Logic","Transaction Filtering"],"fullName":"Wallet Logic Transaction Filtering should filter GROW transactions only","status":"passed","title":"should filter GROW transactions only","duration":2.000250000000051,"failureMessages":[],"meta":{}},{"ancestorTitles":["Wallet Logic","Total Balance Calculation"],"fullName":"Wallet Logic Total Balance Calculation should sum SHOP balance correctly","status":"passed","title":"should sum SHOP balance correctly","duration":0.2762080000002243,"failureMessages":[],"meta":{}},{"ancestorTitles":["Wallet Logic","Total Balance Calculation"],"fullName":"Wallet Logic Total Balance Calculation should sum GROW balance with staked amount","status":"passed","title":"should sum GROW balance with staked amount","duration":0.1799580000001697,"failureMessages":[],"meta":{}}],"startTime":1770081928591,"endTime":1770081928600.2761,"status":"passed","message":"","name":"/Users/macbookprom1/Well/src/utils/wallet-logic.test.ts"},{"assertionResults":[{"ancestorTitles":["CommissionWidget"],"fullName":"CommissionWidget renders correctly with transactions","status":"passed","title":"renders correctly with transactions","duration":364.49066700000003,"failureMessages":[],"meta":{}},{"ancestorTitles":["CommissionWidget"],"fullName":"CommissionWidget calculates breakdown correctly","status":"passed","title":"calculates breakdown correctly","duration":110.97991700000011,"failureMessages":[],"meta":{}},{"ancestorTitles":["CommissionWidget"],"fullName":"CommissionWidget navigates to wallet on withdraw click","status":"passed","title":"navigates to wallet on withdraw click","duration":19.746458000000075,"failureMessages":[],"meta":{}}],"startTime":1770081922128,"endTime":1770081922623.7463,"status":"passed","message":"","name":"/Users/macbookprom1/Well/src/components/Dashboard/CommissionWidget.test.tsx"},{"assertionResults":[{"ancestorTitles":["QuickPurchaseModal"],"fullName":"QuickPurchaseModal renders nothing when not open","status":"passed","title":"renders nothing when not open","duration":63.425542000000405,"failureMessages":[],"meta":{}},{"ancestorTitles":["QuickPurchaseModal"],"fullName":"QuickPurchaseModal renders correctly when open","status":"passed","title":"renders correctly when open","duration":312.02583300000015,"failureMessages":[],"meta":{}},{"ancestorTitles":["QuickPurchaseModal"],"fullName":"QuickPurchaseModal displays recent products by default","status":"passed","title":"displays recent products by default","duration":16.55408299999999,"failureMessages":[],"meta":{}},{"ancestorTitles":["QuickPurchaseModal"],"fullName":"QuickPurchaseModal switches to favorites tab","status":"passed","title":"switches to favorites tab","duration":83.45454199999995,"failureMessages":[],"meta":{}},{"ancestorTitles":["QuickPurchaseModal"],"fullName":"QuickPurchaseModal calls simulateOrder when Buy Now is clicked","status":"passed","title":"calls simulateOrder when Buy Now is clicked","duration":1050.8190840000002,"failureMessages":[],"meta":{}}],"startTime":1770081922219,"endTime":1770081923745.819,"status":"passed","message":"","name":"/Users/macbookprom1/Well/src/components/marketplace/QuickPurchaseModal.test.tsx"},{"assertionResults":[{"ancestorTitles":["Button"],"fullName":"Button renders children correctly","status":"passed","title":"renders children correctly","duration":100.50387500000033,"failureMessages":[],"meta":{}},{"ancestorTitles":["Button"],"fullName":"Button handles onClick event","status":"passed","title":"handles onClick event","duration":27.21900000000005,"failureMessages":[],"meta":{}},{"ancestorTitles":["Button"],"fullName":"Button shows loading state","status":"passed","title":"shows loading state","duration":462.43966700000055,"failureMessages":[],"meta":{}},{"ancestorTitles":["Button"],"fullName":"Button can be disabled","status":"passed","title":"can be disabled","duration":139.44083299999966,"failureMessages":[],"meta":{}},{"ancestorTitles":["Button"],"fullName":"Button renders with icon","status":"passed","title":"renders with icon","duration":13.265625,"failureMessages":[],"meta":{}},{"ancestorTitles":["Button"],"fullName":"Button applies variant classes","status":"passed","title":"applies variant classes","duration":37.915791000000354,"failureMessages":[],"meta":{}},{"ancestorTitles":["Button"],"fullName":"Button applies size classes","status":"passed","title":"applies size classes","duration":92.50516599999992,"failureMessages":[],"meta":{}}],"startTime":1770081924045,"endTime":1770081924920.5051,"status":"passed","message":"","name":"/Users/macbookprom1/Well/src/components/ui/Button.test.tsx"},{"assertionResults":[{"ancestorTitles":["Input"],"fullName":"Input renders correctly","status":"passed","title":"renders correctly","duration":232.2217499999997,"failureMessages":[],"meta":{}},{"ancestorTitles":["Input"],"fullName":"Input renders label","status":"passed","title":"renders label","duration":30.202792000000045,"failureMessages":[],"meta":{}},{"ancestorTitles":["Input"],"fullName":"Input handles value changes","status":"passed","title":"handles value changes","duration":3.9750420000000304,"failureMessages":[],"meta":{}},{"ancestorTitles":["Input"],"fullName":"Input shows error message","status":"passed","title":"shows error message","duration":632.736875,"failureMessages":[],"meta":{}},{"ancestorTitles":["Input"],"fullName":"Input shows helper text","status":"passed","title":"shows helper text","duration":6.290917000000263,"failureMessages":[],"meta":{}},{"ancestorTitles":["Input"],"fullName":"Input prioritizes error over helper text","status":"passed","title":"prioritizes error over helper text","duration":5.872957999999926,"failureMessages":[],"meta":{}},{"ancestorTitles":["Input"],"fullName":"Input renders with icon","status":"passed","title":"renders with icon","duration":4.81533300000001,"failureMessages":[],"meta":{}},{"ancestorTitles":["Input"],"fullName":"Input renders required asterisk","status":"passed","title":"renders required asterisk","duration":7.088917000000038,"failureMessages":[],"meta":{}},{"ancestorTitles":["Input"],"fullName":"Input can be disabled","status":"passed","title":"can be disabled","duration":155.66037499999993,"failureMessages":[],"meta":{}}],"startTime":1770081921560,"endTime":1770081922638.6604,"status":"passed","message":"","name":"/Users/macbookprom1/Well/src/components/ui/Input.test.tsx"},{"assertionResults":[{"ancestorTitles":["Modal"],"fullName":"Modal renders when open","status":"passed","title":"renders when open","duration":342.36987499999987,"failureMessages":[],"meta":{}},{"ancestorTitles":["Modal"],"fullName":"Modal does not render when closed","status":"passed","title":"does not render when closed","duration":2.955583000000388,"failureMessages":[],"meta":{}},{"ancestorTitles":["Modal"],"fullName":"Modal calls onClose when close button is clicked","status":"passed","title":"calls onClose when close button is clicked","duration":30.809625000000324,"failureMessages":[],"meta":{}},{"ancestorTitles":["Modal"],"fullName":"Modal renders with custom max width","status":"passed","title":"renders with custom max width","duration":3.2162500000004,"failureMessages":[],"meta":{}},{"ancestorTitles":["Modal"],"fullName":"Modal hides close button when configured","status":"passed","title":"hides close button when configured","duration":19.064166999999998,"failureMessages":[],"meta":{}}],"startTime":1770081921611,"endTime":1770081922010.0642,"status":"passed","message":"","name":"/Users/macbookprom1/Well/src/components/ui/Modal.test.tsx"},{"assertionResults":[{"ancestorTitles":["Analytics","event"],"fullName":"Analytics event should call window.va in production","status":"passed","title":"should call window.va in production","duration":4.458957999999711,"failureMessages":[],"meta":{}},{"ancestorTitles":["Analytics","event"],"fullName":"Analytics event should not call window.va in development","status":"passed","title":"should not call window.va in development","duration":3.6497089999998025,"failureMessages":[],"meta":{}},{"ancestorTitles":["Analytics","trackCommand"],"fullName":"Analytics trackCommand should track successful command execution","status":"passed","title":"should track successful command execution","duration":1.6755829999997331,"failureMessages":[],"meta":{}},{"ancestorTitles":["Analytics","trackCommand"],"fullName":"Analytics trackCommand should track failed command execution","status":"passed","title":"should track failed command execution","duration":1.4655830000001515,"failureMessages":[],"meta":{}},{"ancestorTitles":["Analytics","trackAgent"],"fullName":"Analytics trackAgent should track agent interactions","status":"passed","title":"should track agent interactions","duration":3.3918330000001333,"failureMessages":[],"meta":{}},{"ancestorTitles":["Analytics","trackError"],"fullName":"Analytics trackError should track errors with context","status":"passed","title":"should track errors with context","duration":2.372041000000081,"failureMessages":[],"meta":{}},{"ancestorTitles":["Analytics","trackPerformance"],"fullName":"Analytics trackPerformance should track performance metrics","status":"passed","title":"should track performance metrics","duration":0.2055000000000291,"failureMessages":[],"meta":{}},{"ancestorTitles":["Analytics","pageView"],"fullName":"Analytics pageView should track page views","status":"passed","title":"should track page views","duration":0.11262500000020736,"failureMessages":[],"meta":{}}],"startTime":1770081925424,"endTime":1770081925442.2056,"status":"passed","message":"","name":"/Users/macbookprom1/Well/src/lib/__tests__/analytics.test.ts"},{"assertionResults":[{"ancestorTitles":["RateLimiter","isAllowed"],"fullName":"RateLimiter isAllowed should allow requests under the limit","status":"passed","title":"should allow requests under the limit","duration":4.911457999999584,"failureMessages":[],"meta":{}},{"ancestorTitles":["RateLimiter","isAllowed"],"fullName":"RateLimiter isAllowed should block requests over the limit","status":"passed","title":"should block requests over the limit","duration":0.6097079999999551,"failureMessages":[],"meta":{}},{"ancestorTitles":["RateLimiter","isAllowed"],"fullName":"RateLimiter isAllowed should track different users separately","status":"passed","title":"should track different users separately","duration":0.11862500000006548,"failureMessages":[],"meta":{}},{"ancestorTitles":["RateLimiter","isAllowed"],"fullName":"RateLimiter isAllowed should reset after time window","status":"passed","title":"should reset after time window","duration":1102.041209,"failureMessages":[],"meta":{}},{"ancestorTitles":["RateLimiter","getRemaining"],"fullName":"RateLimiter getRemaining should return correct remaining count","status":"passed","title":"should return correct remaining count","duration":0.4274999999997817,"failureMessages":[],"meta":{}},{"ancestorTitles":["RateLimiter","getResetTime"],"fullName":"RateLimiter getResetTime should return time until reset","status":"passed","title":"should return time until reset","duration":0.2075419999996484,"failureMessages":[],"meta":{}},{"ancestorTitles":["RateLimiter","getResetTime"],"fullName":"RateLimiter getResetTime should return 0 for users with no requests","status":"passed","title":"should return 0 for users with no requests","duration":0.07066699999995762,"failureMessages":[],"meta":{}},{"ancestorTitles":["RateLimiter","reset"],"fullName":"RateLimiter reset should clear limits for specific user","status":"passed","title":"should clear limits for specific user","duration":0.08370899999999892,"failureMessages":[],"meta":{}},{"ancestorTitles":["RateLimiter","resetAll"],"fullName":"RateLimiter resetAll should clear all limits","status":"passed","title":"should clear all limits","duration":0.09312499999987267,"failureMessages":[],"meta":{}},{"ancestorTitles":["commandRateLimiter"],"fullName":"commandRateLimiter should be configured with 10 requests per minute","status":"passed","title":"should be configured with 10 requests per minute","duration":0.19037500000013097,"failureMessages":[],"meta":{}}],"startTime":1770081921178,"endTime":1770081922288.1904,"status":"passed","message":"","name":"/Users/macbookprom1/Well/src/lib/__tests__/rate-limiter.test.ts"},{"assertionResults":[{"ancestorTitles":["AgencyOSAgent","initialization"],"fullName":"AgencyOSAgent initialization should initialize with correct definition","status":"passed","title":"should initialize with correct definition","duration":1.4696249999997235,"failureMessages":[],"meta":{}},{"ancestorTitles":["AgencyOSAgent","initialization"],"fullName":"AgencyOSAgent initialization should have correct KPIs","status":"passed","title":"should have correct KPIs","duration":0.34950000000026193,"failureMessages":[],"meta":{}},{"ancestorTitles":["AgencyOSAgent","execute - listCommands"],"fullName":"AgencyOSAgent execute - listCommands should list all commands","status":"passed","title":"should list all commands","duration":1.1812079999999696,"failureMessages":[],"meta":{}},{"ancestorTitles":["AgencyOSAgent","execute - listCommands"],"fullName":"AgencyOSAgent execute - listCommands should filter by category","status":"passed","title":"should filter by category","duration":0.23533399999996618,"failureMessages":[],"meta":{}},{"ancestorTitles":["AgencyOSAgent","execute - searchCommands"],"fullName":"AgencyOSAgent execute - searchCommands should search commands by query","status":"passed","title":"should search commands by query","duration":0.2447079999997186,"failureMessages":[],"meta":{}},{"ancestorTitles":["AgencyOSAgent","execute - searchCommands"],"fullName":"AgencyOSAgent execute - searchCommands should return empty array for no matches","status":"passed","title":"should return empty array for no matches","duration":0.14058299999987867,"failureMessages":[],"meta":{}},{"ancestorTitles":["AgencyOSAgent","execute - getCommandHelp"],"fullName":"AgencyOSAgent execute - getCommandHelp should get help for valid command","status":"passed","title":"should get help for valid command","duration":0.17841600000019753,"failureMessages":[],"meta":{}},{"ancestorTitles":["AgencyOSAgent","execute - getCommandHelp"],"fullName":"AgencyOSAgent execute - getCommandHelp should throw error for invalid command","status":"passed","title":"should throw error for invalid command","duration":0.14545799999996234,"failureMessages":[],"meta":{}},{"ancestorTitles":["AgencyOSAgent","execute - executeCommand"],"fullName":"AgencyOSAgent execute - executeCommand should execute valid command successfully","status":"passed","title":"should execute valid command successfully","duration":0.3680839999997261,"failureMessages":[],"meta":{}},{"ancestorTitles":["AgencyOSAgent","execute - executeCommand"],"fullName":"AgencyOSAgent execute - executeCommand should handle invalid commands","status":"passed","title":"should handle invalid commands","duration":0.13441599999987375,"failureMessages":[],"meta":{}},{"ancestorTitles":["AgencyOSAgent","execute - executeCommand"],"fullName":"AgencyOSAgent execute - executeCommand should track command execution in KPIs","status":"passed","title":"should track command execution in KPIs","duration":0.1538749999999709,"failureMessages":[],"meta":{}},{"ancestorTitles":["AgencyOSAgent","command history"],"fullName":"AgencyOSAgent command history should track command execution history","status":"passed","title":"should track command execution history","duration":0.21870799999987867,"failureMessages":[],"meta":{}},{"ancestorTitles":["AgencyOSAgent","error handling"],"fullName":"AgencyOSAgent error handling should handle unknown actions","status":"passed","title":"should handle unknown actions","duration":0.10129099999994651,"failureMessages":[],"meta":{}},{"ancestorTitles":["AgencyOSAgent","error handling"],"fullName":"AgencyOSAgent error handling should log errors","status":"passed","title":"should log errors","duration":0.12437499999987267,"failureMessages":[],"meta":{}},{"ancestorTitles":["AGENCYOS_COMMANDS"],"fullName":"AGENCYOS_COMMANDS should have all 6 categories","status":"passed","title":"should have all 6 categories","duration":0.1485000000002401,"failureMessages":[],"meta":{}},{"ancestorTitles":["AGENCYOS_COMMANDS"],"fullName":"AGENCYOS_COMMANDS should have correct number of commands per category","status":"passed","title":"should have correct number of commands per category","duration":0.09149999999999636,"failureMessages":[],"meta":{}},{"ancestorTitles":["AGENCYOS_COMMANDS"],"fullName":"AGENCYOS_COMMANDS should have correct command format","status":"passed","title":"should have correct command format","duration":0.22779200000013589,"failureMessages":[],"meta":{}}],"startTime":1770081925502,"endTime":1770081925508.2278,"status":"passed","message":"","name":"/Users/macbookprom1/Well/src/agents/custom/__tests__/AgencyOSAgent.test.ts"},{"assertionResults":[{"ancestorTitles":["Project Manager Agent","Agent Definition"],"fullName":"Project Manager Agent Agent Definition should have correct agent name","status":"passed","title":"should have correct agent name","duration":2.4502090000000862,"failureMessages":[],"meta":{}},{"ancestorTitles":["Project Manager Agent","Agent Definition"],"fullName":"Project Manager Agent Agent Definition should belong to Operations & Logistics function","status":"passed","title":"should belong to Operations & Logistics function","duration":0.35912499999994907,"failureMessages":[],"meta":{}},{"ancestorTitles":["Project Manager Agent","Agent Definition"],"fullName":"Project Manager Agent Agent Definition should have 4 core actions","status":"passed","title":"should have 4 core actions","duration":2.938332999999602,"failureMessages":[],"meta":{}},{"ancestorTitles":["Project Manager Agent","Agent Definition"],"fullName":"Project Manager Agent Agent Definition should have 3 KPIs defined","status":"passed","title":"should have 3 KPIs defined","duration":0.763915999999881,"failureMessages":[],"meta":{}},{"ancestorTitles":["Project Manager Agent","generateReport Action"],"fullName":"Project Manager Agent generateReport Action should generate a status report successfully","status":"passed","title":"should generate a status report successfully","duration":3.2905839999998534,"failureMessages":[],"meta":{}},{"ancestorTitles":["Project Manager Agent","generateReport Action"],"fullName":"Project Manager Agent generateReport Action should include summary metrics in report","status":"passed","title":"should include summary metrics in report","duration":0.7775000000001455,"failureMessages":[],"meta":{}},{"ancestorTitles":["Project Manager Agent","generateReport Action"],"fullName":"Project Manager Agent generateReport Action should update Reports Generated KPI","status":"passed","title":"should update Reports Generated KPI","duration":1.6527079999996204,"failureMessages":[],"meta":{}},{"ancestorTitles":["Project Manager Agent","coordinateAgents Action"],"fullName":"Project Manager Agent coordinateAgents Action should orchestrate workflow with agents","status":"passed","title":"should orchestrate workflow with agents","duration":0.2529999999997017,"failureMessages":[],"meta":{}},{"ancestorTitles":["Project Manager Agent","coordinateAgents Action"],"fullName":"Project Manager Agent coordinateAgents Action should define workflow sequence","status":"passed","title":"should define workflow sequence","duration":0.78512499999988,"failureMessages":[],"meta":{}},{"ancestorTitles":["Project Manager Agent","trackProgress Action"],"fullName":"Project Manager Agent trackProgress Action should monitor project progress","status":"passed","title":"should monitor project progress","duration":0.5524580000001151,"failureMessages":[],"meta":{}},{"ancestorTitles":["Project Manager Agent","trackProgress Action"],"fullName":"Project Manager Agent trackProgress Action should include velocity and task counts","status":"passed","title":"should include velocity and task counts","duration":0.6007920000001832,"failureMessages":[],"meta":{}},{"ancestorTitles":["Project Manager Agent","identifyBlockers Action"],"fullName":"Project Manager Agent identifyBlockers Action should identify project blockers","status":"passed","title":"should identify project blockers","duration":25.645708000000013,"failureMessages":[],"meta":{}},{"ancestorTitles":["Project Manager Agent","identifyBlockers Action"],"fullName":"Project Manager Agent identifyBlockers Action should include blocker details","status":"passed","title":"should include blocker details","duration":1.5290829999999005,"failureMessages":[],"meta":{}},{"ancestorTitles":["Project Manager Agent","Error Handling"],"fullName":"Project Manager Agent Error Handling should handle unknown actions gracefully","status":"passed","title":"should handle unknown actions gracefully","duration":0.12954199999967386,"failureMessages":[],"meta":{}}],"startTime":1770081926151,"endTime":1770081926253.529,"status":"passed","message":"","name":"/Users/macbookprom1/Well/src/agents/custom/__tests__/ProjectManagerAgent.test.ts"}],"coverageMap":{"/Users/macbookprom1/Well/src/agents/claudekit/ClaudeKitAdapter.ts":{"path":"/Users/macbookprom1/Well/src/agents/claudekit/ClaudeKitAdapter.ts","statementMap":{"0":{"start":{"line":10,"column":40},"end":{"line":36,"column":null}},"1":{"start":{"line":38,"column":4},"end":{"line":38,"column":null}},"2":{"start":{"line":47,"column":23},"end":{"line":47,"column":null}},"3":{"start":{"line":48,"column":4},"end":{"line":50,"column":null}},"4":{"start":{"line":49,"column":6},"end":{"line":49,"column":null}},"5":{"start":{"line":54,"column":19},"end":{"line":58,"column":null}},"6":{"start":{"line":60,"column":4},"end":{"line":60,"column":null}},"7":{"start":{"line":62,"column":4},"end":{"line":62,"column":null}}},"fnMap":{"0":{"name":"(anonymous_0)","decl":{"start":{"line":9,"column":2},"end":{"line":9,"column":14}},"loc":{"start":{"line":9,"column":66},"end":{"line":39,"column":null}},"line":9},"1":{"name":"(anonymous_1)","decl":{"start":{"line":45,"column":8},"end":{"line":45,"column":16}},"loc":{"start":{"line":45,"column":82},"end":{"line":63,"column":null}},"line":45}},"branchMap":{"0":{"loc":{"start":{"line":48,"column":4},"end":{"line":50,"column":null}},"type":"if","locations":[{"start":{"line":48,"column":4},"end":{"line":50,"column":null}},{"start":{},"end":{}}],"line":48}},"s":{"0":80,"1":80,"2":0,"3":0,"4":0,"5":0,"6":0,"7":0},"f":{"0":80,"1":0},"b":{"0":[0,0]},"meta":{"lastBranch":1,"lastFunction":2,"lastStatement":8,"seen":{"f:9:2:9:14":0,"s:10:40:36:Infinity":0,"s:38:4:38:Infinity":1,"f:45:8:45:16":1,"s:47:23:47:Infinity":2,"b:48:4:50:Infinity:undefined:undefined:undefined:undefined":0,"s:48:4:50:Infinity":3,"s:49:6:49:Infinity":4,"s:54:19:58:Infinity":5,"s:60:4:60:Infinity":6,"s:62:4:62:Infinity":7}}},"/Users/macbookprom1/Well/src/agents/core/BaseAgent.ts":{"path":"/Users/macbookprom1/Well/src/agents/core/BaseAgent.ts","statementMap":{"0":{"start":{"line":15,"column":2},"end":{"line":15,"column":null}},"1":{"start":{"line":18,"column":4},"end":{"line":18,"column":null}},"2":{"start":{"line":32,"column":4},"end":{"line":38,"column":null}},"3":{"start":{"line":33,"column":6},"end":{"line":37,"column":null}},"4":{"start":{"line":36,"column":8},"end":{"line":36,"column":null}},"5":{"start":{"line":39,"column":4},"end":{"line":39,"column":null}},"6":{"start":{"line":46,"column":31},"end":{"line":54,"column":null}},"7":{"start":{"line":55,"column":4},"end":{"line":55,"column":null}},"8":{"start":{"line":63,"column":16},"end":{"line":63,"column":null}},"9":{"start":{"line":63,"column":55},"end":{"line":63,"column":70}},"10":{"start":{"line":64,"column":4},"end":{"line":67,"column":null}},"11":{"start":{"line":65,"column":6},"end":{"line":65,"column":null}},"12":{"start":{"line":66,"column":6},"end":{"line":66,"column":null}},"13":{"start":{"line":74,"column":4},"end":{"line":74,"column":null}},"14":{"start":{"line":81,"column":4},"end":{"line":81,"column":null}},"15":{"start":{"line":88,"column":4},"end":{"line":88,"column":null}},"16":{"start":{"line":95,"column":4},"end":{"line":95,"column":null}}},"fnMap":{"0":{"name":"(anonymous_0)","decl":{"start":{"line":17,"column":2},"end":{"line":17,"column":14}},"loc":{"start":{"line":17,"column":43},"end":{"line":19,"column":null}},"line":17},"1":{"name":"(anonymous_1)","decl":{"start":{"line":31,"column":18},"end":{"line":31,"column":32}},"loc":{"start":{"line":31,"column":101},"end":{"line":40,"column":null}},"line":31},"2":{"name":"(anonymous_2)","dec
[...]
},"end":{"line":41,"column":null}},"2":{"start":{"line":30,"column":20},"end":{"line":30,"column":null}},"3":{"start":{"line":31,"column":20},"end":{"line":31,"column":null}},"4":{"start":{"line":32,"column":14},"end":{"line":32,"column":null}},"5":{"start":{"line":34,"column":2},"end":{"line":40,"column":null}}},"fnMap":{"0":{"name":"(anonymous_0)","decl":{"start":{"line":29,"column":28},"end":{"line":29,"column":29}},"loc":{"start":{"line":29,"column":59},"end":{"line":41,"column":null}},"line":29}},"branchMap":{"0":{"loc":{"start":{"line":31,"column":20},"end":{"line":31,"column":null}},"type":"cond-expr","locations":[{"start":{"line":31,"column":32},"end":{"line":31,"column":62}},{"start":{"line":31,"column":62},"end":{"line":31,"column":null}}],"line":31},"1":{"loc":{"start":{"line":39,"column":13},"end":{"line":39,"column":null}},"type":"cond-expr","locations":[{"start":{"line":39,"column":25},"end":{"line":39,"column":46}},{"start":{"line":39,"column":46},"end":{"line":39,"column":null}}],"line":39}},"s":{"0":2,"1":2,"2":6,"3":6,"4":6,"5":6},"f":{"0":6},"b":{"0":[4,2],"1":[4,2]},"meta":{"lastBranch":2,"lastFunction":1,"lastStatement":6,"seen":{"s:17:29:20:Infinity":0,"s:29:28:41:Infinity":1,"f:29:28:29:29":0,"s:30:20:30:Infinity":2,"s:31:20:31:Infinity":3,"b:31:32:31:62:31:62:31:Infinity":0,"s:32:14:32:Infinity":4,"s:34:2:40:Infinity":5,"b:39:25:39:46:39:46:39:Infinity":1}}},"/Users/macbookprom1/Well/src/utils/tokenomics.ts":{"path":"/Users/macbookprom1/Well/src/utils/tokenomics.ts","statementMap":{"0":{"start":{"line":15,"column":20},"end":{"line":15,"column":null}},"1":{"start":{"line":16,"column":17},"end":{"line":16,"column":null}},"2":{"start":{"line":17,"column":2},"end":{"line":17,"column":null}},"3":{"start":{"line":27,"column":20},"end":{"line":30,"column":null}},"4":{"start":{"line":32,"column":2},"end":{"line":36,"column":null}},"5":{"start":{"line":33,"column":4},"end":{"line":33,"column":null}},"6":{"start":{"line":35,"column":4},"end":{"line":35,"column":null}},"7":{"start":{"line":44,"column":21},"end":{"line":44,"column":null}},"8":{"start":{"line":45,"column":13},"end":{"line":45,"column":null}},"9":{"start":{"line":48,"column":2},"end":{"line":51,"column":null}},"10":{"start":{"line":48,"column":15},"end":{"line":48,"column":18}},"11":{"start":{"line":49,"column":24},"end":{"line":49,"column":null}},"12":{"start":{"line":50,"column":4},"end":{"line":50,"column":null}},"13":{"start":{"line":53,"column":2},"end":{"line":53,"column":null}}},"fnMap":{"0":{"name":"calculateStakingReward","decl":{"start":{"line":10,"column":16},"end":{"line":10,"column":null}},"loc":{"start":{"line":14,"column":10},"end":{"line":18,"column":null}},"line":14},"1":{"name":"formatToken","decl":{"start":{"line":26,"column":16},"end":{"line":26,"column":28}},"loc":{"start":{"line":26,"column":69},"end":{"line":37,"column":null}},"line":26},"2":{"name":"generateTxHash","decl":{"start":{"line":43,"column":16},"end":{"line":43,"column":41}},"loc":{"start":{"line":43,"column":41},"end":{"line":54,"column":null}},"line":43}},"branchMap":{"0":{"loc":{"start":{"line":32,"column":2},"end":{"line":36,"column":null}},"type":"if","locations":[{"start":{"line":32,"column":2},"end":{"line":36,"column":null}},{"start":{"line":34,"column":9},"end":{"line":36,"column":null}}],"line":32}},"s":{"0":6,"1":6,"2":6,"3":4,"4":4,"5":2,"6":2,"7":9,"8":9,"9":9,"10":9,"11":576,"12":576,"13":9},"f":{"0":6,"1":4,"2":9},"b":{"0":[2,2]},"meta":{"lastBranch":1,"lastFunction":3,"lastStatement":14,"seen":{"f:10:16:10:Infinity":0,"s:15:20:15:Infinity":0,"s:16:17:16:Infinity":1,"s:17:2:17:Infinity":2,"f:26:16:26:28":1,"s:27:20:30:Infinity":3,"b:32:2:36:Infinity:34:9:36:Infinity":0,"s:32:2:36:Infinity":4,"s:33:4:33:Infinity":5,"s:35:4:35:Infinity":6,"f:43:16:43:41":2,"s:44:21:44:Infinity":7,"s:45:13:45:Infinity":8,"s:48:2:51:Infinity":9,"s:48:15:48:18":10,"s:49:24:49:Infinity":11,"s:50:4:50:Infinity":12,"s:53:2:53:Infinity":13}}},"/Users/macbookprom1/Well/src/utils/secure-token-storage.ts":{"path":"/Users/macbookprom1/Well/src/utils/secure-token-storage.ts","statementMap":{"0":{"start":{"line":8,"column":2},"end":{"line":8,"column":null}},"1":{"start":{"line":9,"column":2},"end":{"line":9,"column":null}},"2":{"start":{"line":10,"column":2},"end":{"line":10,"column":null}},"3":{"start":{"line":11,"column":2},"end":{"line":11,"column":null}},"4":{"start":{"line":17,"column":4},"end":{"line":21,"column":null}},"5":{"start":{"line":22,"column":4},"end":{"line":22,"column":null}},"6":{"start":{"line":26,"column":4},"end":{"line":28,"column":null}},"7":{"start":{"line":27,"column":6},"end":{"line":27,"column":null}},"8":{"start":{"line":29,"column":4},"end":{"line":29,"column":null}},"9":{"start":{"line":68,"column":4},"end":{"line":68,"column":null}},"10":{"start":{"line":70,"column":4},"end":{"line":70,"column":null}},"11":{"start":{"line":74,"column":4},"end":{"line":76,"column":null}},"12":{"start":{"line":75,"column":6},"end":{"line":75,"column":null}},"13":{"start":{"line":78,"column":4},"end":{"line":78,"column":null}},"14":{"start":{"line":82,"column":4},"end":{"line":82,"column":null}},"15":{"start":{"line":83,"column":4},"end":{"line":83,"column":null}},"16":{"start":{"line":87,"column":4},"end":{"line":89,"column":null}},"17":{"start":{"line":88,"column":6},"end":{"line":88,"column":null}},"18":{"start":{"line":90,"column":4},"end":{"line":90,"column":null}},"19":{"start":{"line":94,"column":16},"end":{"line":94,"column":null}},"20":{"start":{"line":95,"column":4},"end":{"line":95,"column":null}},"21":{"start":{"line":96,"column":4},"end":{"line":96,"column":null}},"22":{"start":{"line":100,"column":4},"end":{"line":102,"column":null}},"23":{"start":{"line":101,"column":6},"end":{"line":101,"column":null}},"24":{"start":{"line":103,"column":22},"end":{"line":103,"column":null}},"25":{"start":{"line":104,"column":4},"end":{"line":104,"column":null}},"26":{"start":{"line":108,"column":4},"end":{"line":112,"column":null}},"27":{"start":{"line":115,"column":4},"end":{"line":115,"column":null}},"28":{"start":{"line":116,"column":4},"end":{"line":116,"column":null}},"29":{"start":{"line":117,"column":4},"end":{"line":117,"column":null}},"30":{"start":{"line":124,"column":4},"end":{"line":124,"column":null}},"31":{"start":{"line":125,"column":4},"end":{"line":125,"column":null}},"32":{"start":{"line":129,"column":4},"end":{"line":131,"column":null}},"33":{"start":{"line":130,"column":6},"end":{"line":130,"column":null}},"34":{"start":{"line":132,"column":16},"end":{"line":132,"column":null}},"35":{"start":{"line":134,"column":4},"end":{"line":136,"column":null}},"36":{"start":{"line":135,"column":6},"end":{"line":135,"column":null}},"37":{"start":{"line":137,"column":4},"end":{"line":137,"column":null}},"38":{"start":{"line":141,"column":4},"end":{"line":141,"column":null}},"39":{"start":{"line":142,"column":4},"end":{"line":142,"column":null}},"40":{"start":{"line":148,"column":4},"end":{"line":148,"column":null}},"41":{"start":{"line":155,"column":4},"end":{"line":166,"column":null}},"42":{"start":{"line":162,"column":24},"end":{"line":162,"column":null}},"43":{"start":{"line":163,"column":6},"end":{"line":163,"column":null}},"44":{"start":{"line":165,"column":6},"end":{"line":165,"column":null}},"45":{"start":{"line":170,"column":4},"end":{"line":180,"column":null}},"46":{"start":{"line":171,"column":21},"end":{"line":171,"column":null}},"47":{"start":{"line":172,"column":6},"end":{"line":172,"column":null}},"48":{"start":{"line":172,"column":19},"end":{"line":172,"column":null}},"49":{"start":{"line":174,"column":24},"end":{"line":174,"column":null}},"50":{"start":{"line":176,"column":6},"end":{"line":176,"column":null}},"51":{"start":{"line":177,"column":6},"end":{"line":177,"column":null}},"52":{"start":{"line":179,"column":6},"end":{"line":179,"column":null}},"53":{"start":{"line":189,"column":4},"end":{"line":191,"column":null}},"54":{"start":{"line":190,"column":6},"end":{"line":190,"column":null}},"55":{"start":{"line":195,"column":4},"end":{"line":202,"column":null}},"56":{"start":{"line":196,"column":19},"end":{"line":196,"column":null}},"57":{"start":{"line":197,"column":6},"end":{"line":199,"column":null}},"58":{"start":{"line":198,"column":8},"end":{"line":198,"column":null}},"59":{"start":{"line":201,"column":6},"end":{"line":201,"column":null}},"60":{"start":{"line":206,"column":34},"end":{"line":206,"column":null}}},"fnMap":{"0":{"name":"(anonymous_0)","decl":{"start":{"line":16,"column":2},"end":{"line":16,"column":16}},"loc":{"start":{"line":16,"column":16},"end":{"line":23,"column":null}},"line":16},"1":{"name":"(anonymous_1)","decl":{"start":{"line":25,"column":9},"end":{"line":25,"column":43}},"loc":{"start":{"line":25,"column":43},"end":{"line":30,"column":null}},"line":25},"2":{"name":"(anonymous_2)","decl":{"start":{"line":59,"column":16},"end":{"line":59,"column":33}},"loc":{"start":{"line":59,"column":33},"end":{"line":63,"column":null}},"line":59},"3":{"name":"(anonymous_3)","decl":{"start":{"line":67,"column":9},"end":{"line":67,"column":24}},"loc":{"start":{"line":67,"column":39},"end":{"line":71,"column":null}},"line":67},"4":{"name":"(anonymous_4)","decl":{"start":{"line":73,"column":9},"end":{"line":73,"column":41}},"loc":{"start":{"line":73,"column":41},"end":{"line":79,"column":null}},"line":73},"5":{"name":"(anonymous_5)","decl":{"start":{"line":81,"column":9},"end":{"line":81,"column":25}},"loc":{"start":{"line":81,"column":40},"end":{"line":84,"column":null}},"line":81},"6":{"name":"(anonymous_6)","decl":{"start":{"line":86,"column":9},"end":{"line":86,"column":42}},"loc":{"start":{"line":86,"column":42},"end":{"line":91,"column":null}},"line":86},"7":{"name":"(anonymous_7)","decl":{"start":{"line":93,"column":9},"end":{"line":93,"column":22}},"loc":{"start":{"line":93,"column":41},"end":{"line":97,"column":null}},"line":93},"8":{"name":"(anonymous_8)","decl":{"start":{"line":99,"column":9},"end":{"line":99,"column":39}},"loc":{"start":{"line":99,"column":39},"end":{"line":105,"column":null}},"line":99},"9":{"name":"(anonymous_9)","decl":{"start":{"line":107,"column":9},"end":{"line":107,"column":17}},"loc":{"start":{"line":107,"column":17},"end":{"line":118,"column":null}},"line":107},"10":{"name":"(anonymous_10)","decl":{"start":{"line":122,"column":9},"end":{"line":122,"column":17}},"loc":{"start":{"line":122,"column":51},"end":{"line":126,"column":null}},"line":122},"11":{"name":"(anonymous_11)","decl":{"start":{"line":128,"column":9},"end":{"line":128,"column":17}},"loc":{"start":{"line":128,"column":45},"end":{"line":138,"column":null}},"line":128},"12":{"name":"(anonymous_12)","decl":{"start":{"line":140,"column":9},"end":{"line":140,"column":20}},"loc":{"start":{"line":140,"column":39},"end":{"line":143,"column":null}},"line":140},"13":{"name":"(anonymous_13)","decl":{"start":{"line":147,"column":10},"end":{"line":147,"column":17}},"loc":{"start":{"line":147,"column":38},"end":{"line":149,"column":null}},"line":147},"14":{"name":"(anonymous_14)","decl":{"start":{"line":154,"column":10},"end":{"line":154,"column":27}},"loc":{"start":{"line":154,"column":55},"end":{"line":167,"column":null}},"line":154},"15":{"name":"(anonymous_15)","decl":{"start":{"line":169,"column":10},"end":{"line":169,"column":29}},"loc":{"start":{"line":169,"column":57},"end":{"line":181,"column":null}},"line":169},"16":{"name":"(anonymous_16)","decl":{"start":{"line":187,"column":10},"end":{"line":187,"column":24}},"loc":{"start":{"line":187,"column":46},"end":{"line":192,"column":null}},"line":187},"17":{"name":"(anonymous_17)","decl":{"start":{"line":189,"column":35},"end":{"line":189,"column":36}},"loc":{"start":{"line":189,"column":42},"end":{"line":191,"column":5}},"line":189},"18":{"name":"(anonymous_18)","decl":{"start":{"line":194,"column":10},"end":{"line":194,"column":24}},"loc":{"start":{"line":194,"column":49},"end":{"line":203,"column":null}},"line":194},"19":{"name":"(anonymous_19)","decl":{"start":{"line":197,"column":32},"end":{"line":197,"column":33}},"loc":{"start":{"line":197,"column":39},"end":{"line":199,"column":7}},"line":197}},"branchMap":{"0":{"loc":{"start":{"line":26,"column":4},"end":{"line":28,"column":null}},"type":"if","locations":[{"start":{"line":26,"column":4},"end":{"line":28,"column":null}},{"start":{},"end":{}}],"line":26},"1":{"loc":{"start":{"line":74,"column":4},"end":{"line":76,"column":null}},"type":"if","locations":[{"start":{"line":74,"column":4},"end":{"line":76,"column":null}},{"start":{},"end":{}}],"line":74},"2":{"loc":{"start":{"line":87,"column":4},"end":{"line":89,"column":null}},"type":"if","locations":[{"start":{"line":87,"column":4},"end":{"line":89,"column":null}},{"start":{},"end":{}}],"line":87},"3":{"loc":{"start":{"line":100,"column":4},"end":{"line":102,"column":null}},"type":"if","locations":[{"start":{"line":100,"column":4},"end":{"line":102,"column":null}},{"start":{},"end":{}}],"line":100},"4":{"loc":{"start":{"line":104,"column":11},"end":{"line":104,"column":null}},"type":"cond-expr","locations":[{"start":{"line":104,"column":23},"end":{"line":104,"column":49}},{"start":{"line":104,"column":49},"end":{"line":104,"column":null}}],"line":104},"5":{"loc":{"start":{"line":129,"column":4},"end":{"line":131,"column":null}},"type":"if","locations":[{"start":{"line":129,"column":4},"end":{"line":131,"column":null}},{"start":{},"end":{}}],"line":129},"6":{"loc":{"start":{"line":134,"column":4},"end":{"line":136,"column":null}},"type":"if","locations":[{"start":{"line":134,"column":4},"end":{"line":136,"column":null}},{"start":{},"end":{}}],"line":134},"7":{"loc":{"start":{"line":172,"column":6},"end":{"line":172,"column":null}},"type":"if","locations":[{"start":{"line":172,"column":6},"end":{"line":172,"column":null}},{"start":{},"end":{}}],"line":172}},"s":{"0":4,"1":4,"2":4,"3":4,"4":4,"5":4,"6":4,"7":4,"8":4,"9":0,"10":0,"11":0,"12":0,"13":0,"14":0,"15":0,"16":0,"17":0,"18":0,"19":0,"20":0,"21":0,"22":0,"23":0,"24":0,"25":0,"26":0,"27":0,"28":0,"29":0,"30":0,"31":0,"32":16,"33":0,"34":16,"35":16,"36":0,"37":16,"38":0,"39":0,"40":16,"41":0,"42":0,"43":0,"44":0,"45":16,"46":16,"47":16,"48":16,"49":0,"50":0,"51":0,"52":0,"53":0,"54":0,"55":0,"56":0,"57":0,"58":0,"59":0,"60":4},"f":{"0":4,"1":4,"2":4,"3":0,"4":0,"5":0,"6":0,"7":0,"8":0,"9":0,"10":0,"11":16,"12":0,"13":16,"14":0,"15":16,"16":0,"17":0,"18":0,"19":0},"b":{"0":[4,0],"1":[0,0],"2":[0,0],"3":[0,0],"4":[0,0],"5":[0,16],"6":[0,16],"7":[16,0]},"meta":{"lastBranch":8,"lastFunction":20,"lastStatement":61,"seen":{"f:16:2:16:16":0,"s:8:2:8:Infinity":0,"s:9:2:9:Infinity":1,"s:10:2:10:Infinity":2,"s:11:2:11:Infinity":3,"s:17:4:21:Infinity":4,"s:22:4:22:Infinity":5,"f:25:9:25:43":1,"b:26:4:28:Infinity:undefined:undefined:undefined:undefined":0,"s:26:4:28:Infinity":6,"s:27:6:27:Infinity":7,"s:29:4:29:Infinity":8,"f:59:16:59:33":2,"f:67:9:67:24":3,"s:68:4:68:Infinity":9,"s:70:4:70:Infinity":10,"f:73:9:73:41":4,"b:74:4:76:Infinity:undefined:undefined:undefined:undefined":1,"s:74:4:76:Infinity":11,"s:75:6:75:Infinity":12,"s:78:4:78:Infinity":13,"f:81:9:81:25":5,"s:82:4:82:Infinity":14,"s:83:4:83:Infinity":15,"f:86:9:86:42":6,"b:87:4:89:Infinity:undefined:undefined:undefined:undefined":2,"s:87:4:89:Infinity":16,"s:88:6:88:Infinity":17,"s:90:4:90:Infinity":18,"f:93:9:93:22":7,"s:94:16:94:Infinity":19,"s:95:4:95:Infinity":20,"s:96:4:96:Infinity":21,"f:99:9:99:39":8,"b:100:4:102:Infinity:undefined:undefined:undefined:undefined":3,"s:100:4:102:Infinity":22,"s:101:6:101:Infinity":23,"s:103:22:103:Infinity":24,"s:104:4:104:Infinity":25,"b:104:23:104:49:104:49:104:Infinity":4,"f:107:9:107:17":9,"s:108:4:112:Infinity":26,"s:115:4:115:Infinity":27,"s:116:4:116:Infinity":28,"s:117:4:117:Infinity":29,"f:122:9:122:17":10,"s:124:4:124:Infinity":30,"s:125:4:125:Infinity":31,"f:128:9:128:17":11,"b:129:4:131:Infinity:undefined:undefined:undefined:undefined":5,"s:129:4:131:Infinity":32,"s:130:6:130:Infinity":33,"s:132:16:132:Infinity":34,"b:134:4:136:Infinity:undefined:undefined:undefined:undefined":6,"s:134:4:136:Infinity":35,"s:135:6:135:Infinity":36,"s:137:4:137:Infinity":37,"f:140:9:140:20":12,"s:141:4:141:Infinity":38,"s:142:4:142:Infinity":39,"f:147:10:147:17":13,"s:148:4:148:Infinity":40,"f:154:10:154:27":14,"s:155:4:166:Infinity":41,"s:162:24:162:Infinity":42,"s:163:6:163:Infinity":43,"s:165:6:165:Infinity":44,"f:169:10:169:29":15,"s:170:4:180:Infinity":45,"s:171:21:171:Infinity":46,"b:172:6:172:Infinity:undefined:undefined:undefined:undefined":7,"s:172:6:172:Infinity":47,"s:172:19:172:Infinity":48,"s:174:24:174:Infinity":49,"s:176:6:176:Infinity":50,"s:177:6:177:Infinity":51,"s:179:6:179:Infinity":52,"f:187:10:187:24":16,"s:189:4:191:Infinity":53,"f:189:35:189:36":17,"s:190:6:190:Infinity":54,"f:194:10:194:24":18,"s:195:4:202:Infinity":55,"s:196:19:196:Infinity":56,"s:197:6:199:Infinity":57,"f:197:32:197:33":19,"s:198:8:198:Infinity":58,"s:201:6:201:Infinity":59,"s:206:34:206:Infinity":60}}},"/Users/macbookprom1/Well/src/utils/validate-config.ts":{"path":"/Users/macbookprom1/Well/src/utils/validate-config.ts","statementMap":{"0":{"start":{"line":11,"column":26},"end":{"line":23,"column":null}},"1":{"start":{"line":25,"column":32},"end":{"line":25,"column":null}},"2":{"start":{"line":27,"column":2},"end":{"line":33,"column":null}},"3":{"start":{"line":30,"column":4},"end":{"line":32,"column":null}},"4":{"start":{"line":31,"column":6},"end":{"line":31,"column":null}},"5":{"start":{"line":35,"column":2},"end":{"line":58,"column":null}},"6":{"start":{"line":36,"column":25},"end":{"line":40,"column":null}},"7":{"start":{"line":40,"column":25},"end":{"line":40,"column":38}},"8":{"start":{"line":51,"column":4},"end":{"line":55,"column":null}},"9":{"start":{"line":52,"column":7},"end":{"line":52,"column":null}},"10":{"start":{"line":54,"column":7},"end":{"line":54,"column":null}},"11":{"start":{"line":57,"column":4},"end":{"line":57,"column":null}},"12":{"start":{"line":60,"column":2},"end":{"line":60,"column":null}}},"fnMap":{"0":{"name":"validateConfig","decl":{"start":{"line":10,"column":83},"end":{"line":10,"column":113}},"loc":{"start":{"line":10,"column":113},"end":{"line":61,"column":null}},"line":10},"1":{"name":"(anonymous_1)","decl":{"start":{"line":40,"column":18},"end":{"line":40,"column":25}},"loc":{"start":{"line":40,"column":25},"end":{"line":40,"column":38}},"line":40}},"branchMap":{"0":{"loc":{"start":{"line":10,"column":83},"end":{"line":10,"column":113}},"type":"default-arg","locations":[{"start":{"line":10,"column":83},"end":{"line":10,"column":113}}],"line":10},"1":{"loc":{"start":{"line":30,"column":4},"end":{"line":32,"column":null}},"type":"if","locations":[{"start":{"line":30,"column":4},"end":{"line":32,"column":null}},{"start":{},"end":{}}],"line":30},"2":{"loc":{"start":{"line":35,"column":2},"end":{"line":58,"column":null}},"type":"if","locations":[{"start":{"line":35,"column":2},"end":{"line":58,"column":null}},{"start":{},"end":{}}],"line":35},"3":{"loc":{"start":{"line":51,"column":4},"end":{"line":55,"column":null}},"type":"if","locations":[{"start":{"line":51,"column":4},"end":{"line":55,"column":null}},{"start":{"line":53,"column":11},"end":{"line":55,"column":null}}],"line":51}},"s":{"0":3,"1":3,"2":3,"3":27,"4":17,"5":3,"6":2,"7":17,"8":2,"9":1,"10":1,"11":1,"12":1},"f":{"0":3,"1":17},"b":{"0":[3],"1":[17,10],"2":[2,1],"3":[1,1]},"meta":{"lastBranch":4,"lastFunction":2,"lastStatement":13,"seen":{"f:10:83:10:113":0,"b:10:83:10:113":0,"s:11:26:23:Infinity":0,"s:25:32:25:Infinity":1,"s:27:2:33:Infinity":2,"b:30:4:32:Infinity:undefined:undefined:undefined:undefined":1,"s:30:4:32:Infinity":3,"s:31:6:31:Infinity":4,"b:35:2:58:Infinity:undefined:undefined:undefined:undefined":2,"s:35:2:58:Infinity":5,"s:36:25:40:Infinity":6,"f:40:18:40:25":1,"s:40:25:40:38":7,"b:51:4:55:Infinity:53:11:55:Infinity":3,"s:51:4:55:Infinity":8,"s:52:7:52:Infinity":9,"s:54:7:54:Infinity":10,"s:57:4:57:Infinity":11,"s:60:2:60:Infinity":12}}}}}