<?xml version="1.0" encoding="UTF-8"?>
<coverage generated="1769750998711" clover="3.2.0">
  <project timestamp="1769750998711" name="All files">
    <metrics statements="230" coveredstatements="214" conditionals="214" coveredconditionals="163" methods="97" coveredmethods="80" elements="541" coveredelements="457" complexity="0" loc="230" ncloc="230" packages="10" files="22" classes="22"/>
    <package name="components.dashboard">
      <metrics statements="2" coveredstatements="2" conditionals="6" coveredconditionals="4" methods="1" coveredmethods="1"/>
      <file name="KPICard.tsx" path="/Users/macbookprom1/Well/admin-panel/src/components/dashboard/KPICard.tsx">
        <metrics statements="2" coveredstatements="2" conditionals="6" coveredconditionals="4" methods="1" coveredmethods="1"/>
        <line num="16" count="18" type="stmt"/>
        <line num="23" count="18" type="stmt"/>
      </file>
    </package>
    <package name="components.ui">
      <metrics statements="53" coveredstatements="51" conditionals="39" coveredconditionals="35" methods="20" coveredmethods="19"/>
      <file name="Badge.tsx" path="/Users/macbookprom1/Well/admin-panel/src/components/ui/Badge.tsx">
        <metrics statements="2" coveredstatements="2" conditionals="0" coveredconditionals="0" methods="1" coveredmethods="1"/>
        <line num="5" count="6" type="stmt"/>
        <line num="35" count="15" type="stmt"/>
      </file>
      <file name="Button.tsx" path="/Users/macbookprom1/Well/admin-panel/src/components/ui/Button.tsx">
        <metrics statements="9" coveredstatements="9" conditionals="11" coveredconditionals="11" methods="1" coveredmethods="1"/>
        <line num="24" count="11" type="stmt"/>
        <line num="27" count="101" type="stmt"/>
        <line num="30" count="101" type="stmt"/>
        <line num="39" count="101" type="stmt"/>
        <line num="46" count="101" type="cond" truecount="2" falsecount="0"/>
        <line num="48" count="101" type="cond" truecount="2" falsecount="0"/>
        <line num="49" count="1" type="stmt"/>
        <line num="60" count="100" type="stmt"/>
        <line num="73" count="11" type="stmt"/>
      </file>
      <file name="DataTable.tsx" path="/Users/macbookprom1/Well/admin-panel/src/components/ui/DataTable.tsx">
        <metrics statements="12" coveredstatements="10" conditionals="16" coveredconditionals="12" methods="8" coveredmethods="7"/>
        <line num="52" count="9" type="stmt"/>
        <line num="66" count="1" type="cond" truecount="1" falsecount="1"/>
        <line num="67" count="1" type="stmt"/>
        <line num="68" count="1" type="stmt"/>
        <line num="70" count="0" type="stmt"/>
        <line num="77" count="9" type="stmt"/>
        <line num="85" count="9" type="stmt"/>
        <line num="87" count="34" type="stmt"/>
        <line num="121" count="9" type="stmt"/>
        <line num="127" count="34" type="stmt"/>
        <line num="162" count="0" type="stmt"/>
        <line num="170" count="1" type="stmt"/>
      </file>
      <file name="GlassCard.tsx" path="/Users/macbookprom1/Well/admin-panel/src/components/ui/GlassCard.tsx">
        <metrics statements="3" coveredstatements="3" conditionals="6" coveredconditionals="6" methods="1" coveredmethods="1"/>
        <line num="4" count="7" type="stmt"/>
        <line num="11" count="90" type="stmt"/>
        <line num="29" count="7" type="stmt"/>
      </file>
      <file name="Input.tsx" path="/Users/macbookprom1/Well/admin-panel/src/components/ui/Input.tsx">
        <metrics statements="3" coveredstatements="3" conditionals="6" coveredconditionals="6" methods="1" coveredmethods="1"/>
        <line num="10" count="7" type="stmt"/>
        <line num="12" count="78" type="stmt"/>
        <line num="34" count="7" type="stmt"/>
      </file>
      <file name="table.tsx" path="/Users/macbookprom1/Well/admin-panel/src/components/ui/table.tsx">
        <metrics statements="24" coveredstatements="24" conditionals="0" coveredconditionals="0" methods="8" coveredmethods="8"/>
        <line num="4" count="1" type="stmt"/>
        <line num="8" count="3" type="stmt"/>
        <line num="16" count="1" type="stmt"/>
        <line num="18" count="1" type="stmt"/>
        <line num="22" count="1" type="stmt"/>
        <line num="24" count="1" type="stmt"/>
        <line num="26" count="1" type="stmt"/>
        <line num="30" count="2" type="stmt"/>
        <line num="36" count="1" type="stmt"/>
        <line num="38" count="1" type="stmt"/>
        <line num="42" count="1" type="stmt"/>
        <line num="51" count="1" type="stmt"/>
        <line num="53" count="1" type="stmt"/>
        <line num="57" count="4" type="stmt"/>
        <line num="66" count="1" type="stmt"/>
        <line num="68" count="1" type="stmt"/>
        <line num="72" count="1" type="stmt"/>
        <line num="81" count="1" type="stmt"/>
        <line num="83" count="1" type="stmt"/>
        <line num="87" count="2" type="stmt"/>
        <line num="93" count="1" type="stmt"/>
        <line num="95" count="1" type="stmt"/>
        <line num="99" count="1" type="stmt"/>
        <line num="105" count="1" type="stmt"/>
      </file>
    </package>
    <package name="lib">
      <metrics statements="1" coveredstatements="1" conditionals="0" coveredconditionals="0" methods="1" coveredmethods="1"/>
      <file name="utils.ts" path="/Users/macbookprom1/Well/admin-panel/src/lib/utils.ts">
        <metrics statements="1" coveredstatements="1" conditionals="0" coveredconditionals="0" methods="1" coveredmethods="1"/>
        <line num="5" count="338" type="stmt"/>
      </file>
    </package>
    <package name="pages.auth">
      <metrics statements="26" coveredstatements="26" conditionals="12" coveredconditionals="10" methods="4" coveredmethods="4"/>
      <file name="LoginPage.tsx" path="/Users/macbookprom1/Well/admin-panel/src/pages/auth/LoginPage.tsx">
        <metrics statements="26" coveredstatements="26" conditionals="12" coveredconditionals="10" methods="4" coveredmethods="4"/>
        <line num="11" count="24" type="stmt"/>
        <line num="12" count="24" type="stmt"/>
        <line num="13" count="24" type="stmt"/>
        <line num="14" count="24" type="stmt"/>
        <line num="15" count="24" type="stmt"/>
        <line num="16" count="24" type="stmt"/>
        <line num="18" count="24" type="stmt"/>
        <line num="19" count="4" type="stmt"/>
        <line num="20" count="4" type="stmt"/>
        <line num="21" count="4" type="stmt"/>
        <line num="23" count="4" type="stmt"/>
        <line num="24" count="4" type="stmt"/>
        <line num="29" count="4" type="cond" truecount="2" falsecount="0"/>
        <line num="31" count="2" type="cond" truecount="1" falsecount="1"/>
        <line num="33" count="2" type="cond" truecount="2" falsecount="0"/>
        <line num="35" count="2" type="cond" truecount="2" falsecount="0"/>
        <line num="36" count="1" type="stmt"/>
        <line num="37" count="1" type="stmt"/>
        <line num="41" count="1" type="stmt"/>
        <line num="42" count="1" type="stmt"/>
        <line num="45" count="3" type="stmt"/>
        <line num="46" count="3" type="cond" truecount="1" falsecount="1"/>
        <line num="48" count="4" type="stmt"/>
        <line num="52" count="24" type="stmt"/>
        <line num="81" count="5" type="stmt"/>
        <line num="93" count="5" type="stmt"/>
      </file>
    </package>
    <package name="pages.customers">
      <metrics statements="29" coveredstatements="26" conditionals="34" coveredconditionals="25" methods="15" coveredmethods="12"/>
      <file name="CustomerDetailPage.tsx" path="/Users/macbookprom1/Well/admin-panel/src/pages/customers/CustomerDetailPage.tsx">
        <metrics statements="9" coveredstatements="8" conditionals="18" coveredconditionals="12" methods="3" coveredmethods="2"/>
        <line num="9" count="5" type="stmt"/>
        <line num="10" count="5" type="stmt"/>
        <line num="11" count="5" type="cond" truecount="1" falsecount="1"/>
        <line num="12" count="5" type="cond" truecount="1" falsecount="1"/>
        <line num="14" count="5" type="cond" truecount="2" falsecount="0"/>
        <line num="15" count="4" type="cond" truecount="2" falsecount="0"/>
        <line num="17" count="3" type="stmt"/>
        <line num="19" count="0" type="stmt"/>
        <line num="82" count="1" type="stmt"/>
      </file>
      <file name="CustomersPage.tsx" path="/Users/macbookprom1/Well/admin-panel/src/pages/customers/CustomersPage.tsx">
        <metrics statements="8" coveredstatements="8" conditionals="12" coveredconditionals="10" methods="3" coveredmethods="3"/>
        <line num="11" count="8" type="stmt"/>
        <line num="12" count="8" type="stmt"/>
        <line num="13" count="8" type="stmt"/>
        <line num="15" count="8" type="stmt"/>
        <line num="23" count="8" type="stmt"/>
        <line num="25" count="8" type="stmt"/>
        <line num="40" count="1" type="stmt"/>
        <line num="51" count="1" type="stmt"/>
      </file>
      <file name="columns.tsx" path="/Users/macbookprom1/Well/admin-panel/src/pages/customers/columns.tsx">
        <metrics statements="12" coveredstatements="10" conditionals="4" coveredconditionals="3" methods="9" coveredmethods="7"/>
        <line num="8" count="2" type="stmt"/>
        <line num="12" count="2" type="stmt"/>
        <line num="15" count="0" type="stmt"/>
        <line num="24" count="2" type="stmt"/>
        <line num="25" count="2" type="stmt"/>
        <line num="42" count="2" type="stmt"/>
        <line num="53" count="2" type="stmt"/>
        <line num="56" count="0" type="stmt"/>
        <line num="65" count="2" type="stmt"/>
        <line num="76" count="2" type="cond" truecount="1" falsecount="1"/>
        <line num="77" count="2" type="stmt"/>
        <line num="83" count="2" type="stmt"/>
      </file>
    </package>
    <package name="pages.dashboard">
      <metrics statements="5" coveredstatements="5" conditionals="26" coveredconditionals="24" methods="2" coveredmethods="2"/>
      <file name="DashboardPage.tsx" path="/Users/macbookprom1/Well/admin-panel/src/pages/dashboard/DashboardPage.tsx">
        <metrics statements="5" coveredstatements="5" conditionals="26" coveredconditionals="24" methods="2" coveredmethods="2"/>
        <line num="9" count="4" type="stmt"/>
        <line num="10" count="4" type="stmt"/>
        <line num="11" count="4" type="stmt"/>
        <line num="13" count="4" type="stmt"/>
        <line num="70" count="2" type="stmt"/>
      </file>
    </package>
    <package name="pages.distributors">
      <metrics statements="38" coveredstatements="35" conditionals="34" coveredconditionals="21" methods="17" coveredmethods="13"/>
      <file name="DistributorDetailPage.tsx" path="/Users/macbookprom1/Well/admin-panel/src/pages/distributors/DistributorDetailPage.tsx">
        <metrics statements="17" coveredstatements="16" conditionals="10" coveredconditionals="8" methods="6" coveredmethods="4"/>
        <line num="10" count="7" type="stmt"/>
        <line num="11" count="7" type="stmt"/>
        <line num="12" count="7" type="cond" truecount="1" falsecount="1"/>
        <line num="13" count="7" type="stmt"/>
        <line num="15" count="7" type="stmt"/>
        <line num="17" count="7" type="stmt"/>
        <line num="18" count="4" type="cond" truecount="2" falsecount="0"/>
        <line num="19" count="2" type="stmt"/>
        <line num="23" count="7" type="stmt"/>
        <line num="24" count="1" type="cond" truecount="1" falsecount="1"/>
        <line num="25" count="1" type="stmt"/>
        <line num="35" count="7" type="cond" truecount="2" falsecount="0"/>
        <line num="36" count="6" type="cond" truecount="2" falsecount="0"/>
        <line num="38" count="5" type="stmt"/>
        <line num="40" count="5" type="stmt"/>
        <line num="42" count="0" type="stmt"/>
        <line num="95" count="1" type="stmt"/>
      </file>
      <file name="DistributorsPage.tsx" path="/Users/macbookprom1/Well/admin-panel/src/pages/distributors/DistributorsPage.tsx">
        <metrics statements="8" coveredstatements="7" conditionals="12" coveredconditionals="7" methods="3" coveredmethods="2"/>
        <line num="12" count="4" type="stmt"/>
        <line num="13" count="4" type="stmt"/>
        <line num="14" count="4" type="stmt"/>
        <line num="16" count="4" type="stmt"/>
        <line num="24" count="4" type="stmt"/>
        <line num="26" count="4" type="stmt"/>
        <line num="45" count="1" type="stmt"/>
        <line num="56" count="0" type="stmt"/>
      </file>
      <file name="columns.tsx" path="/Users/macbookprom1/Well/admin-panel/src/pages/distributors/columns.tsx">
        <metrics statements="13" coveredstatements="12" conditionals="12" coveredconditionals="6" methods="8" coveredmethods="7"/>
        <line num="9" count="2" type="stmt"/>
        <line num="14" count="1" type="stmt"/>
        <line num="15" count="1" type="stmt"/>
        <line num="16" count="1" type="stmt"/>
        <line num="37" count="1" type="stmt"/>
        <line num="38" count="1" type="stmt"/>
        <line num="45" count="1" type="cond" truecount="1" falsecount="1"/>
        <line num="51" count="1" type="stmt"/>
        <line num="54" count="0" type="stmt"/>
        <line num="63" count="1" type="stmt"/>
        <line num="75" count="1" type="stmt"/>
        <line num="82" count="1" type="stmt"/>
        <line num="93" count="1" type="stmt"/>
      </file>
    </package>
    <package name="pages.orders">
      <metrics statements="38" coveredstatements="33" conditionals="37" coveredconditionals="28" methods="21" coveredmethods="16"/>
      <file name="OrderDetailPage.tsx" path="/Users/macbookprom1/Well/admin-panel/src/pages/orders/OrderDetailPage.tsx">
        <metrics statements="16" coveredstatements="14" conditionals="21" coveredconditionals="19" methods="8" coveredmethods="6"/>
        <line num="11" count="6" type="stmt"/>
        <line num="12" count="6" type="stmt"/>
        <line num="13" count="6" type="cond" truecount="1" falsecount="1"/>
        <line num="14" count="6" type="stmt"/>
        <line num="16" count="6" type="stmt"/>
        <line num="17" count="3" type="cond" truecount="1" falsecount="1"/>
        <line num="18" count="3" type="stmt"/>
        <line num="21" count="6" type="cond" truecount="2" falsecount="0"/>
        <line num="22" count="5" type="cond" truecount="2" falsecount="0"/>
        <line num="24" count="4" type="stmt"/>
        <line num="27" count="0" type="stmt"/>
        <line num="33" count="1" type="stmt"/>
        <line num="38" count="1" type="stmt"/>
        <line num="44" count="1" type="stmt"/>
        <line num="50" count="0" type="stmt"/>
        <line num="67" count="1" type="stmt"/>
      </file>
      <file name="OrdersPage.tsx" path="/Users/macbookprom1/Well/admin-panel/src/pages/orders/OrdersPage.tsx">
        <metrics statements="8" coveredstatements="7" conditionals="12" coveredconditionals="7" methods="3" coveredmethods="2"/>
        <line num="11" count="4" type="stmt"/>
        <line num="12" count="4" type="stmt"/>
        <line num="13" count="4" type="stmt"/>
        <line num="15" count="4" type="stmt"/>
        <line num="23" count="4" type="stmt"/>
        <line num="25" count="4" type="stmt"/>
        <line num="40" count="1" type="stmt"/>
        <line num="51" count="0" type="stmt"/>
      </file>
      <file name="columns.tsx" path="/Users/macbookprom1/Well/admin-panel/src/pages/orders/columns.tsx">
        <metrics statements="14" coveredstatements="12" conditionals="4" coveredconditionals="2" methods="10" coveredmethods="8"/>
        <line num="9" count="2" type="stmt"/>
        <line num="14" count="1" type="stmt"/>
        <line num="21" count="1" type="stmt"/>
        <line num="31" count="1" type="stmt"/>
        <line num="34" count="0" type="stmt"/>
        <line num="43" count="1" type="stmt"/>
        <line num="54" count="1" type="stmt"/>
        <line num="55" count="1" type="stmt"/>
        <line num="64" count="1" type="stmt"/>
        <line num="73" count="1" type="cond" truecount="1" falsecount="1"/>
        <line num="79" count="1" type="stmt"/>
        <line num="82" count="0" type="stmt"/>
        <line num="91" count="1" type="stmt"/>
        <line num="97" count="1" type="stmt"/>
      </file>
    </package>
    <package name="pages.users">
      <metrics statements="19" coveredstatements="16" conditionals="18" coveredconditionals="9" methods="11" coveredmethods="8"/>
      <file name="UsersPage.tsx" path="/Users/macbookprom1/Well/admin-panel/src/pages/users/UsersPage.tsx">
        <metrics statements="8" coveredstatements="7" conditionals="12" coveredconditionals="7" methods="3" coveredmethods="2"/>
        <line num="12" count="4" type="stmt"/>
        <line num="13" count="4" type="stmt"/>
        <line num="14" count="4" type="stmt"/>
        <line num="17" count="4" type="stmt"/>
        <line num="25" count="4" type="stmt"/>
        <line num="27" count="4" type="stmt"/>
        <line num="47" count="1" type="stmt"/>
        <line num="59" count="0" type="stmt"/>
      </file>
      <file name="columns.tsx" path="/Users/macbookprom1/Well/admin-panel/src/pages/users/columns.tsx">
        <metrics statements="11" coveredstatements="9" conditionals="6" coveredconditionals="2" methods="8" coveredmethods="6"/>
        <line num="19" count="2" type="stmt"/>
        <line num="23" count="1" type="stmt"/>
        <line num="26" count="0" type="stmt"/>
        <line num="35" count="1" type="stmt"/>
        <line num="36" count="1" type="stmt"/>
        <line num="57" count="1" type="stmt"/>
        <line num="63" count="1" type="stmt"/>
        <line num="66" count="0" type="stmt"/>
        <line num="75" count="1" type="stmt"/>
        <line num="81" count="1" type="stmt"/>
        <line num="83" count="1" type="stmt"/>
      </file>
    </package>
    <package name="stores">
      <metrics statements="19" coveredstatements="19" conditionals="8" coveredconditionals="7" methods="5" coveredmethods="4"/>
      <file name="authStore.ts" path="/Users/macbookprom1/Well/admin-panel/src/stores/authStore.ts">
        <metrics statements="19" coveredstatements="19" conditionals="8" coveredconditionals="7" methods="5" coveredmethods="4"/>
        <line num="15" count="1" type="stmt"/>
        <line num="22" count="6" type="stmt"/>
        <line num="23" count="6" type="stmt"/>
        <line num="25" count="6" type="stmt"/>
        <line num="27" count="5" type="cond" truecount="2" falsecount="0"/>
        <line num="28" count="2" type="stmt"/>
        <line num="30" count="2" type="cond" truecount="2" falsecount="0"/>
        <line num="35" count="2" type="stmt"/>
        <line num="37" count="3" type="stmt"/>
        <line num="41" count="5" type="stmt"/>
        <line num="42" count="2" type="cond" truecount="2" falsecount="0"/>
        <line num="43" count="1" type="stmt"/>
        <line num="44" count="1" type="cond" truecount="1" falsecount="1"/>
        <line num="45" count="1" type="stmt"/>
        <line num="47" count="1" type="stmt"/>
        <line num="52" count="1" type="stmt"/>
        <line num="54" count="6" type="stmt"/>
        <line num="66" count="1" type="stmt"/>
        <line num="67" count="1" type="stmt"/>
      </file>
    </package>
  </project>
</coverage>
