{"/Users/macbookprom1/Well/admin-panel/src/components/dashboard/KPICard.tsx": {"path":"/Users/macbookprom1/Well/admin-panel/src/components/dashboard/KPICard.tsx","statementMap":{"0":{"start":{"line":16,"column":17},"end":{"line":21,"column":null}},"1":{"start":{"line":23,"column":2},"end":{"line":44,"column":null}}},"fnMap":{"0":{"name":"KPICard","decl":{"start":{"line":15,"column":16},"end":{"line":15,"column":24}},"loc":{"start":{"line":15,"column":127},"end":{"line":46,"column":null}},"line":15}},"branchMap":{"0":{"loc":{"start":{"line":15,"column":59},"end":{"line":15,"column":94}},"type":"default-arg","locations":[{"start":{"line":15,"column":72},"end":{"line":15,"column":94}}],"line":15},"1":{"loc":{"start":{"line":15,"column":94},"end":{"line":15,"column":110}},"type":"default-arg","locations":[{"start":{"line":15,"column":102},"end":{"line":15,"column":110}}],"line":15},"2":{"loc":{"start":{"line":37,"column":10},"end":{"line":37,"column":null}},"type":"cond-expr","locations":[{"start":{"line":37,"column":23},"end":{"line":37,"column":42}},{"start":{"line":37,"column":42},"end":{"line":37,"column":null}}],"line":37},"3":{"loc":{"start":{"line":39,"column":11},"end":{"line":39,"column":null}},"type":"cond-expr","locations":[{"start":{"line":39,"column":24},"end":{"line":39,"column":61}},{"start":{"line":39,"column":61},"end":{"line":39,"column":null}}],"line":39}},"s":{"0":18,"1":18},"f":{"0":18},"b":{"0":[18],"1":[18],"2":[18,0],"3":[18,0]},"meta":{"lastBranch":4,"lastFunction":1,"lastStatement":2,"seen":{"f:15:16:15:24":0,"b:15:72:15:94":0,"b:15:102:15:110":1,"s:16:17:21:Infinity":0,"s:23:2:44:Infinity":1,"b:37:23:37:42:37:42:37:Infinity":2,"b:39:24:39:61:39:61:39:Infinity":3}}}
,"/Users/macbookprom1/Well/admin-panel/src/components/ui/Badge.tsx": {"path":"/Users/macbookprom1/Well/admin-panel/src/components/ui/Badge.tsx","statementMap":{"0":{"start":{"line":5,"column":6},"end":{"line":28,"column":null}},"1":{"start":{"line":35,"column":2},"end":{"line":36,"column":null}}},"fnMap":{"0":{"name":"Badge","decl":{"start":{"line":34,"column":9},"end":{"line":34,"column":15}},"loc":{"start":{"line":34,"column":61},"end":{"line":38,"column":null}},"line":34}},"branchMap":{},"s":{"0":6,"1":15},"f":{"0":15},"b":{},"meta":{"lastBranch":0,"lastFunction":1,"lastStatement":2,"seen":{"s:5:6:28:Infinity":0,"f:34:9:34:15":0,"s:35:2:36:Infinity":1}}}
,"/Users/macbookprom1/Well/admin-panel/src/components/ui/Button.tsx": {"path":"/Users/macbookprom1/Well/admin-panel/src/components/ui/Button.tsx","statementMap":{"0":{"start":{"line":24,"column":15},"end":{"line":72,"column":null}},"1":{"start":{"line":27,"column":23},"end":{"line":27,"column":null}},"2":{"start":{"line":30,"column":21},"end":{"line":36,"column":null}},"3":{"start":{"line":39,"column":18},"end":{"line":44,"column":null}},"4":{"start":{"line":46,"column":17},"end":{"line":46,"column":null}},"5":{"start":{"line":48,"column":4},"end":{"line":58,"column":null}},"6":{"start":{"line":49,"column":6},"end":{"line":56,"column":null}},"7":{"start":{"line":60,"column":4},"end":{"line":69,"column":null}},"8":{"start":{"line":73,"column":0},"end":{"line":73,"column":null}}},"fnMap":{"0":{"name":"(anonymous_0)","decl":{"start":{"line":25,"column":2},"end":{"line":25,"column":3}},"loc":{"start":{"line":25,"column":108},"end":{"line":71,"column":null}},"line":25}},"branchMap":{"0":{"loc":{"start":{"line":25,"column":16},"end":{"line":25,"column":37}},"type":"default-arg","locations":[{"start":{"line":25,"column":26},"end":{"line":25,"column":37}}],"line":25},"1":{"loc":{"start":{"line":25,"column":37},"end":{"line":25,"column":50}},"type":"default-arg","locations":[{"start":{"line":25,"column":44},"end":{"line":25,"column":50}}],"line":25},"2":{"loc":{"start":{"line":25,"column":61},"end":{"line":25,"column":78}},"type":"default-arg","locations":[{"start":{"line":25,"column":71},"end":{"line":25,"column":78}}],"line":25},"3":{"loc":{"start":{"line":46,"column":17},"end":{"line":46,"column":null}},"type":"cond-expr","locations":[{"start":{"line":46,"column":27},"end":{"line":46,"column":34}},{"start":{"line":46,"column":34},"end":{"line":46,"column":null}}],"line":46},"4":{"loc":{"start":{"line":48,"column":4},"end":{"line":58,"column":null}},"type":"if","locations":[{"start":{"line":48,"column":4},"end":{"line":58,"column":null}},{"start":{},"end":{}}],"line":48},"5":{"loc":{"start":{"line":64,"column":18},"end":{"line":64,"column":null}},"type":"binary-expr","locations":[{"start":{"line":64,"column":18},"end":{"line":64,"column":31}},{"start":{"line":64,"column":31},"end":{"line":64,"column":null}}],"line":64},"6":{"loc":{"start":{"line":67,"column":9},"end":{"line":67,"column":null}},"type":"binary-expr","locations":[{"start":{"line":67,"column":9},"end":{"line":67,"column":22}},{"start":{"line":67,"column":22},"end":{"line":67,"column":null}}],"line":67}},"s":{"0":11,"1":101,"2":101,"3":101,"4":101,"5":101,"6":1,"7":100,"8":11},"f":{"0":101},"b":{"0":[101],"1":[101],"2":[101],"3":[1,100],"4":[1,100],"5":[100,95],"6":[101,5]},"meta":{"lastBranch":7,"lastFunction":1,"lastStatement":9,"seen":{"s:24:15:72:Infinity":0,"f:25:2:25:3":0,"b:25:26:25:37":0,"b:25:44:25:50":1,"b:25:71:25:78":2,"s:27:23:27:Infinity":1,"s:30:21:36:Infinity":2,"s:39:18:44:Infinity":3,"s:46:17:46:Infinity":4,"b:46:27:46:34:46:34:46:Infinity":3,"b:48:4:58:Infinity:undefined:undefined:undefined:undefined":4,"s:48:4:58:Infinity":5,"s:49:6:56:Infinity":6,"s:60:4:69:Infinity":7,"b:64:18:64:31:64:31:64:Infinity":5,"b:67:9:67:22:67:22:67:Infinity":6,"s:73:0:73:Infinity":8}}}
,"/Users/macbookprom1/Well/admin-panel/src/components/ui/DataTable.tsx": {"path":"/Users/macbookprom1/Well/admin-panel/src/components/ui/DataTable.tsx","statementMap":{"0":{"start":{"line":52,"column":8},"end":{"line":75,"column":null}},"1":{"start":{"line":66,"column":8},"end":{"line":71,"column":null}},"2":{"start":{"line":67,"column":29},"end":{"line":67,"column":null}},"3":{"start":{"line":68,"column":12},"end":{"line":68,"column":null}},"4":{"start":{"line":70,"column":12},"end":{"line":70,"column":null}},"5":{"start":{"line":77,"column":2},"end":{"line":177,"column":null}},"6":{"start":{"line":85,"column":18},"end":{"line":102,"column":null}},"7":{"start":{"line":87,"column":22},"end":{"line":99,"column":null}},"8":{"start":{"line":121,"column":18},"end":{"line":137,"column":null}},"9":{"start":{"line":127,"column":22},"end":{"line":135,"column":null}},"10":{"start":{"line":162,"column":27},"end":{"line":162,"column":null}},"11":{"start":{"line":170,"column":27},"end":{"line":170,"column":null}}},"fnMap":{"0":{"name":"DataTable","decl":{"start":{"line":41,"column":16},"end":{"line":41,"column":41}},"loc":{"start":{"line":51,"column":34},"end":{"line":179,"column":null}},"line":51},"1":{"name":"(anonymous_1)","decl":{"start":{"line":65,"column":24},"end":{"line":65,"column":25}},"loc":{"start":{"line":65,"column":37},"end":{"line":72,"column":null}},"line":65},"2":{"name":"(anonymous_2)","decl":{"start":{"line":84,"column":45},"end":{"line":84,"column":46}},"loc":{"start":{"line":85,"column":18},"end":{"line":102,"column":null}},"line":85},"3":{"name":"(anonymous_3)","decl":{"start":{"line":86,"column":45},"end":{"line":86,"column":46}},"loc":{"start":{"line":86,"column":57},"end":{"line":101,"column":21}},"line":86},"4":{"name":"(anonymous_4)","decl":{"start":{"line":120,"column":45},"end":{"line":120,"column":46}},"loc":{"start":{"line":121,"column":18},"end":{"line":137,"column":null}},"line":121},"5":{"name":"(anonymous_5)","decl":{"start":{"line":126,"column":47},"end":{"line":126,"column":48}},"loc":{"start":{"line":127,"column":22},"end":{"line":135,"column":null}},"line":127},"6":{"name":"(anonymous_6)","decl":{"start":{"line":162,"column":21},"end":{"line":162,"column":27}},"loc":{"start":{"line":162,"column":27},"end":{"line":162,"column":null}},"line":162},"7":{"name":"(anonymous_7)","decl":{"start":{"line":170,"column":21},"end":{"line":170,"column":27}},"loc":{"start":{"line":170,"column":27},"end":{"line":170,"column":null}},"line":170}},"branchMap":{"0":{"loc":{"start":{"line":66,"column":8},"end":{"line":71,"column":null}},"type":"if","locations":[{"start":{"line":66,"column":8},"end":{"line":71,"column":null}},{"start":{"line":69,"column":15},"end":{"line":71,"column":null}}],"line":66},"1":{"loc":{"start":{"line":93,"column":27},"end":{"line":98,"column":null}},"type":"cond-expr","locations":[{"start":{"line":94,"column":30},"end":{"line":94,"column":null}},{"start":{"line":94,"column":30},"end":{"line":98,"column":null}}],"line":93},"2":{"loc":{"start":{"line":107,"column":15},"end":{"line":147,"column":null}},"type":"cond-expr","locations":[{"start":{"line":108,"column":16},"end":{"line":118,"column":null}},{"start":{"line":119,"column":18},"end":{"line":147,"column":null}}],"line":107},"3":{"loc":{"start":{"line":119,"column":18},"end":{"line":147,"column":null}},"type":"cond-expr","locations":[{"start":{"line":120,"column":16},"end":{"line":138,"column":null}},{"start":{"line":140,"column":16},"end":{"line":147,"column":null}}],"line":119},"4":{"loc":{"start":{"line":123,"column":32},"end":{"line":123,"column":null}},"type":"binary-expr","locations":[{"start":{"line":123,"column":32},"end":{"line":123,"column":55}},{"start":{"line":123,"column":55},"end":{"line":123,"column":null}}],"line":123},"5":{"loc":{"start":{"line":156,"column":36},"end":{"line":156,"column":null}},"type":"cond-expr","locations":[{"start":{"line":156,"column":52},"end":{"line":156,"column":64}},{"start":{"line":156,"column":64},"end":{"line":156,"column":null}}],"line":156},"6":{"loc":{"start":{"line":163,"column":22},"end":{"line":163,"column":null}},"type":"binary-expr","locations":[{"start":{"line":163,"column":22},"end":{"line":163,"column":53}},{"start":{"line":163,"column":53},"end":{"line":163,"column":null}}],"line":163},"7":{"loc":{"start":{"line":171,"column":22},"end":{"line":171,"column":null}},"type":"binary-expr","locations":[{"start":{"line":171,"column":22},"end":{"line":171,"column":49}},{"start":{"line":171,"column":49},"end":{"line":171,"column":null}}],"line":171}},"s":{"0":9,"1":1,"2":1,"3":1,"4":0,"5":9,"6":9,"7":34,"8":9,"9":34,"10":0,"11":1},"f":{"0":9,"1":1,"2":9,"3":34,"4":9,"5":34,"6":0,"7":1},"b":{"0":[1,0],"1":[0,34],"2":[1,8],"3":[7,1],"4":[9,0],"5":[7,2],"6":[9,0],"7":[9,1]},"meta":{"lastBranch":8,"lastFunction":8,"lastStatement":12,"seen":{"f:41:16:41:41":0,"s:52:8:75:Infinity":0,"f:65:24:65:25":1,"b:66:8:71:Infinity:69:15:71:Infinity":0,"s:66:8:71:Infinity":1,"s:67:29:67:Infinity":2,"s:68:12:68:Infinity":3,"s:70:12:70:Infinity":4,"s:77:2:177:Infinity":5,"f:84:45:84:46":2,"s:85:18:102:Infinity":6,"f:86:45:86:46":3,"s:87:22:99:Infinity":7,"b:94:30:94:Infinity:94:30:98:Infinity":1,"b:108:16:118:Infinity:119:18:147:Infinity":2,"b:120:16:138:Infinity:140:16:147:Infinity":3,"f:120:45:120:46":4,"s:121:18:137:Infinity":8,"b:123:32:123:55:123:55:123:Infinity":4,"f:126:47:126:48":5,"s:127:22:135:Infinity":9,"b:156:52:156:64:156:64:156:Infinity":5,"f:162:21:162:27":6,"s:162:27:162:Infinity":10,"b:163:22:163:53:163:53:163:Infinity":6,"f:170:21:170:27":7,"s:170:27:170:Infinity":11,"b:171:22:171:49:171:49:171:Infinity":7}}}
,"/Users/macbookprom1/Well/admin-panel/src/components/ui/GlassCard.tsx": {"path":"/Users/macbookprom1/Well/admin-panel/src/components/ui/GlassCard.tsx","statementMap":{"0":{"start":{"line":4,"column":18},"end":{"line":28,"column":null}},"1":{"start":{"line":11,"column":2},"end":{"line":27,"column":null}},"2":{"start":{"line":29,"column":0},"end":{"line":29,"column":null}}},"fnMap":{"0":{"name":"(anonymous_0)","decl":{"start":{"line":10,"column":2},"end":{"line":10,"column":3}},"loc":{"start":{"line":11,"column":2},"end":{"line":27,"column":null}},"line":11}},"branchMap":{"0":{"loc":{"start":{"line":10,"column":16},"end":{"line":10,"column":34}},"type":"default-arg","locations":[{"start":{"line":10,"column":27},"end":{"line":10,"column":34}}],"line":10},"1":{"loc":{"start":{"line":10,"column":34},"end":{"line":10,"column":55}},"type":"default-arg","locations":[{"start":{"line":10,"column":48},"end":{"line":10,"column":55}}],"line":10},"2":{"loc":{"start":{"line":20,"column":6},"end":{"line":20,"column":null}},"type":"binary-expr","locations":[{"start":{"line":20,"column":6},"end":{"line":20,"column":18}},{"start":{"line":20,"column":18},"end":{"line":20,"column":null}}],"line":20},"3":{"loc":{"start":{"line":22,"column":6},"end":{"line":22,"column":null}},"type":"binary-expr","locations":[{"start":{"line":22,"column":6},"end":{"line":22,"column":21}},{"start":{"line":22,"column":21},"end":{"line":22,"column":null}}],"line":22}},"s":{"0":7,"1":90,"2":7},"f":{"0":90},"b":{"0":[90],"1":[90],"2":[90,1],"3":[90,1]},"meta":{"lastBranch":4,"lastFunction":1,"lastStatement":3,"seen":{"s:4:18:28:Infinity":0,"f:10:2:10:3":0,"s:11:2:27:Infinity":1,"b:10:27:10:34":0,"b:10:48:10:55":1,"b:20:6:20:18:20:18:20:Infinity":2,"b:22:6:22:21:22:21:22:Infinity":3,"s:29:0:29:Infinity":2}}}
,"/Users/macbookprom1/Well/admin-panel/src/components/ui/Input.tsx": {"path":"/Users/macbookprom1/Well/admin-panel/src/components/ui/Input.tsx","statementMap":{"0":{"start":{"line":10,"column":14},"end":{"line":33,"column":null}},"1":{"start":{"line":12,"column":4},"end":{"line":30,"column":null}},"2":{"start":{"line":34,"column":0},"end":{"line":34,"column":null}}},"fnMap":{"0":{"name":"(anonymous_0)","decl":{"start":{"line":11,"column":2},"end":{"line":11,"column":3}},"loc":{"start":{"line":11,"column":55},"end":{"line":32,"column":null}},"line":11}},"branchMap":{"0":{"loc":{"start":{"line":14,"column":9},"end":{"line":17,"column":null}},"type":"binary-expr","locations":[{"start":{"line":14,"column":9},"end":{"line":14,"column":null}},{"start":{"line":15,"column":10},"end":{"line":17,"column":null}}],"line":14},"1":{"loc":{"start":{"line":23,"column":12},"end":{"line":23,"column":null}},"type":"binary-expr","locations":[{"start":{"line":23,"column":12},"end":{"line":23,"column":20}},{"start":{"line":23,"column":20},"end":{"line":23,"column":null}}],"line":23},"2":{"loc":{"start":{"line":24,"column":12},"end":{"line":24,"column":null}},"type":"binary-expr","locations":[{"start":{"line":24,"column":12},"end":{"line":24,"column":21}},{"start":{"line":24,"column":21},"end":{"line":24,"column":null}}],"line":24}},"s":{"0":7,"1":78,"2":7},"f":{"0":78},"b":{"0":[78,69],"1":[78,69],"2":[78,1]},"meta":{"lastBranch":3,"lastFunction":1,"lastStatement":3,"seen":{"s:10:14:33:Infinity":0,"f:11:2:11:3":0,"s:12:4:30:Infinity":1,"b:14:9:14:Infinity:15:10:17:Infinity":0,"b:23:12:23:20:23:20:23:Infinity":1,"b:24:12:24:21:24:21:24:Infinity":2,"s:34:0:34:Infinity":2}}}
,"/Users/macbookprom1/Well/admin-panel/src/components/ui/table.tsx": {"path":"/Users/macbookprom1/Well/admin-panel/src/components/ui/table.tsx","statementMap":{"0":{"start":{"line":4,"column":14},"end":{"line":15,"column":null}},"1":{"start":{"line":8,"column":2},"end":{"line":14,"column":null}},"2":{"start":{"line":16,"column":0},"end":{"line":16,"column":null}},"3":{"start":{"line":18,"column":20},"end":{"line":23,"column":null}},"4":{"start":{"line":22,"column":2},"end":{"line":22,"column":null}},"5":{"start":{"line":24,"column":0},"end":{"line":24,"column":null}},"6":{"start":{"line":26,"column":18},"end":{"line":35,"column":null}},"7":{"start":{"line":30,"column":2},"end":{"line":34,"column":null}},"8":{"start":{"line":36,"column":0},"end":{"line":36,"column":null}},"9":{"start":{"line":38,"column":20},"end":{"line":50,"column":null}},"10":{"start":{"line":42,"column":2},"end":{"line":49,"column":null}},"11":{"start":{"line":51,"column":0},"end":{"line":51,"column":null}},"12":{"start":{"line":53,"column":17},"end":{"line":65,"column":null}},"13":{"start":{"line":57,"column":2},"end":{"line":64,"column":null}},"14":{"start":{"line":66,"column":0},"end":{"line":66,"column":null}},"15":{"start":{"line":68,"column":18},"end":{"line":80,"column":null}},"16":{"start":{"line":72,"column":2},"end":{"line":79,"column":null}},"17":{"start":{"line":81,"column":0},"end":{"line":81,"column":null}},"18":{"start":{"line":83,"column":18},"end":{"line":92,"column":null}},"19":{"start":{"line":87,"column":2},"end":{"line":91,"column":null}},"20":{"start":{"line":93,"column":0},"end":{"line":93,"column":null}},"21":{"start":{"line":95,"column":21},"end":{"line":104,"column":null}},"22":{"start":{"line":99,"column":2},"end":{"line":103,"column":null}},"23":{"start":{"line":105,"column":0},"end":{"line":105,"column":null}}},"fnMap":{"0":{"name":"(anonymous_0)","decl":{"start":{"line":7,"column":2},"end":{"line":7,"column":3}},"loc":{"start":{"line":8,"column":2},"end":{"line":14,"column":null}},"line":8},"1":{"name":"(anonymous_1)","decl":{"start":{"line":21,"column":2},"end":{"line":21,"column":3}},"loc":{"start":{"line":22,"column":2},"end":{"line":22,"column":null}},"line":22},"2":{"name":"(anonymous_2)","decl":{"start":{"line":29,"column":2},"end":{"line":29,"column":3}},"loc":{"start":{"line":30,"column":2},"end":{"line":34,"column":null}},"line":30},"3":{"name":"(anonymous_3)","decl":{"start":{"line":41,"column":2},"end":{"line":41,"column":3}},"loc":{"start":{"line":42,"column":2},"end":{"line":49,"column":null}},"line":42},"4":{"name":"(anonymous_4)","decl":{"start":{"line":56,"column":2},"end":{"line":56,"column":3}},"loc":{"start":{"line":57,"column":2},"end":{"line":64,"column":null}},"line":57},"5":{"name":"(anonymous_5)","decl":{"start":{"line":71,"column":2},"end":{"line":71,"column":3}},"loc":{"start":{"line":72,"column":2},"end":{"line":79,"column":null}},"line":72},"6":{"name":"(anonymous_6)","decl":{"start":{"line":86,"column":2},"end":{"line":86,"column":3}},"loc":{"start":{"line":87,"column":2},"end":{"line":91,"column":null}},"line":87},"7":{"name":"(anonymous_7)","decl":{"start":{"line":98,"column":2},"end":{"line":98,"column":3}},"loc":{"start":{"line":99,"column":2},"end":{"line":103,"column":null}},"line":99}},"branchMap":{},"s":{"0":1,"1":3,"2":1,"3":1,"4":1,"5":1,"6":1,"7":2,"8":1,"9":1,"10":1,"11":1,"12":1,"13":4,"14":1,"15":1,"16":1,"17":1,"18":1,"19":2,"20":1,"21":1,"22":1,"23":1},"f":{"0":3,"1":1,"2":2,"3":1,"4":4,"5":1,"6":2,"7":1},"b":{},"meta":{"lastBranch":0,"lastFunction":8,"lastStatement":24,"seen":{"s:4:14:15:Infinity":0,"f:7:2:7:3":0,"s:8:2:14:Infinity":1,"s:16:0:16:Infinity":2,"s:18:20:23:Infinity":3,"f:21:2:21:3":1,"s:22:2:22:Infinity":4,"s:24:0:24:Infinity":5,"s:26:18:35:Infinity":6,"f:29:2:29:3":2,"s:30:2:34:Infinity":7,"s:36:0:36:Infinity":8,"s:38:20:50:Infinity":9,"f:41:2:41:3":3,"s:42:2:49:Infinity":10,"s:51:0:51:Infinity":11,"s:53:17:65:Infinity":12,"f:56:2:56:3":4,"s:57:2:64:Infinity":13,"s:66:0:66:Infinity":14,"s:68:18:80:Infinity":15,"f:71:2:71:3":5,"s:72:2:79:Infinity":16,"s:81:0:81:Infinity":17,"s:83:18:92:Infinity":18,"f:86:2:86:3":6,"s:87:2:91:Infinity":19,"s:93:0:93:Infinity":20,"s:95:21:104:Infinity":21,"f:98:2:98:3":7,"s:99:2:103:Infinity":22,"s:105:0:105:Infinity":23}}}
,"/Users/macbookprom1/Well/admin-panel/src/lib/utils.ts": {"path":"/Users/macbookprom1/Well/admin-panel/src/lib/utils.ts","statementMap":{"0":{"start":{"line":5,"column":2},"end":{"line":5,"column":null}}},"fnMap":{"0":{"name":"cn","decl":{"start":{"line":4,"column":16},"end":{"line":4,"column":22}},"loc":{"start":{"line":4,"column":44},"end":{"line":6,"column":null}},"line":4}},"branchMap":{},"s":{"0":338},"f":{"0":338},"b":{},"meta":{"lastBranch":0,"lastFunction":1,"lastStatement":1,"seen":{"f:4:16:4:22":0,"s:5:2:5:Infinity":0}}}
,"/Users/macbookprom1/Well/admin-panel/src/pages/auth/LoginPage.tsx": {"path":"/Users/macbookprom1/Well/admin-panel/src/pages/auth/LoginPage.tsx","statementMap":{"0":{"start":{"line":11,"column":24},"end":{"line":11,"column":null}},"1":{"start":{"line":12,"column":30},"end":{"line":12,"column":null}},"2":{"start":{"line":13,"column":28},"end":{"line":13,"column":null}},"3":{"start":{"line":14,"column":24},"end":{"line":14,"column":null}},"4":{"start":{"line":15,"column":8},"end":{"line":15,"column":null}},"5":{"start":{"line":16,"column":21},"end":{"line":16,"column":null}},"6":{"start":{"line":18,"column":22},"end":{"line":50,"column":null}},"7":{"start":{"line":19,"column":4},"end":{"line":19,"column":null}},"8":{"start":{"line":20,"column":4},"end":{"line":20,"column":null}},"9":{"start":{"line":21,"column":4},"end":{"line":21,"column":null}},"10":{"start":{"line":23,"column":4},"end":{"line":49,"column":null}},"11":{"start":{"line":24,"column":30},"end":{"line":27,"column":null}},"12":{"start":{"line":29,"column":6},"end":{"line":29,"column":null}},"13":{"start":{"line":29,"column":17},"end":{"line":29,"column":null}},"14":{"start":{"line":31,"column":6},"end":{"line":43,"column":null}},"15":{"start":{"line":33,"column":27},"end":{"line":33,"column":null}},"16":{"start":{"line":35,"column":9},"end":{"line":38,"column":null}},"17":{"start":{"line":36,"column":13},"end":{"line":36,"column":null}},"18":{"start":{"line":37,"column":13},"end":{"line":37,"column":null}},"19":{"start":{"line":41,"column":9},"end":{"line":41,"column":null}},"20":{"start":{"line":42,"column":9},"end":{"line":42,"column":null}},"21":{"start":{"line":45,"column":6},"end":{"line":45,"column":null}},"22":{"start":{"line":46,"column":6},"end":{"line":46,"column":null}},"23":{"start":{"line":48,"column":6},"end":{"line":48,"column":null}},"24":{"start":{"line":52,"column":2},"end":{"line":109,"column":null}},"25":{"start":{"line":81,"column":33},"end":{"line":81,"column":null}},"26":{"start":{"line":93,"column":33},"end":{"line":93,"column":null}}},"fnMap":{"0":{"name":"LoginPage","decl":{"start":{"line":10,"column":16},"end":{"line":10,"column":28}},"loc":{"start":{"line":10,"column":28},"end":{"line":111,"column":null}},"line":10},"1":{"name":"(anonymous_1)","decl":{"start":{"line":18,"column":22},"end":{"line":18,"column":29}},"loc":{"start":{"line":18,"column":52},"end":{"line":50,"column":null}},"line":18},"2":{"name":"(anonymous_2)","decl":{"start":{"line":81,"column":26},"end":{"line":81,"column":27}},"loc":{"start":{"line":81,"column":33},"end":{"line":81,"column":null}},"line":81},"3":{"name":"(anonymous_3)","decl":{"start":{"line":93,"column":26},"end":{"line":93,"column":27}},"loc":{"start":{"line":93,"column":33},"end":{"line":93,"column":null}},"line":93}},"branchMap":{"0":{"loc":{"start":{"line":29,"column":6},"end":{"line":29,"column":null}},"type":"if","locations":[{"start":{"line":29,"column":6},"end":{"line":29,"column":null}},{"start":{},"end":{}}],"line":29},"1":{"loc":{"start":{"line":31,"column":6},"end":{"line":43,"column":null}},"type":"if","locations":[{"start":{"line":31,"column":6},"end":{"line":43,"column":null}},{"start":{},"end":{}}],"line":31},"2":{"loc":{"start":{"line":33,"column":27},"end":{"line":33,"column":null}},"type":"binary-expr","locations":[{"start":{"line":33,"column":27},"end":{"line":33,"column":73}},{"start":{"line":33,"column":73},"end":{"line":33,"column":null}}],"line":33},"3":{"loc":{"start":{"line":35,"column":9},"end":{"line":38,"column":null}},"type":"if","locations":[{"start":{"line":35,"column":9},"end":{"line":38,"column":null}},{"start":{},"end":{}}],"line":35},"4":{"loc":{"start":{"line":46,"column":15},"end":{"line":46,"column":49}},"type":"binary-expr","locations":[{"start":{"line":46,"column":15},"end":{"line":46,"column":30}},{"start":{"line":46,"column":30},"end":{"line":46,"column":49}}],"line":46},"5":{"loc":{"start":{"line":67,"column":9},"end":{"line":71,"column":null}},"type":"binary-expr","locations":[{"start":{"line":67,"column":9},"end":{"line":67,"column":null}},{"start":{"line":68,"column":12},"end":{"line":71,"column":null}}],"line":67}},"s":{"0":24,"1":24,"2":24,"3":24,"4":24,"5":24,"6":24,"7":4,"8":4,"9":4,"10":4,"11":4,"12":4,"13":2,"14":2,"15":2,"16":2,"17":1,"18":1,"19":1,"20":1,"21":3,"22":3,"23":4,"24":24,"25":5,"26":5},"f":{"0":24,"1":4,"2":5,"3":5},"b":{"0":[2,2],"1":[2,0],"2":[2,1],"3":[1,1],"4":[3,0],"5":[24,3]},"meta":{"lastBranch":6,"lastFunction":4,"lastStatement":27,"seen":{"f:10:16:10:28":0,"s:11:24:11:Infinity":0,"s:12:30:12:Infinity":1,"s:13:28:13:Infinity":2,"s:14:24:14:Infinity":3,"s:15:8:15:Infinity":4,"s:16:21:16:Infinity":5,"s:18:22:50:Infinity":6,"f:18:22:18:29":1,"s:19:4:19:Infinity":7,"s:20:4:20:Infinity":8,"s:21:4:21:Infinity":9,"s:23:4:49:Infinity":10,"s:24:30:27:Infinity":11,"b:29:6:29:Infinity:undefined:undefined:undefined:undefined":0,"s:29:6:29:Infinity":12,"s:29:17:29:Infinity":13,"b:31:6:43:Infinity:undefined:undefined:undefined:undefined":1,"s:31:6:43:Infinity":14,"s:33:27:33:Infinity":15,"b:33:27:33:73:33:73:33:Infinity":2,"b:35:9:38:Infinity:undefined:undefined:undefined:undefined":3,"s:35:9:38:Infinity":16,"s:36:13:36:Infinity":17,"s:37:13:37:Infinity":18,"s:41:9:41:Infinity":19,"s:42:9:42:Infinity":20,"s:45:6:45:Infinity":21,"s:46:6:46:Infinity":22,"b:46:15:46:30:46:30:46:49":4,"s:48:6:48:Infinity":23,"s:52:2:109:Infinity":24,"b:67:9:67:Infinity:68:12:71:Infinity":5,"f:81:26:81:27":2,"s:81:33:81:Infinity":25,"f:93:26:93:27":3,"s:93:33:93:Infinity":26}}}
,"/Users/macbookprom1/Well/admin-panel/src/pages/customers/CustomerDetailPage.tsx": {"path":"/Users/macbookprom1/Well/admin-panel/src/pages/customers/CustomerDetailPage.tsx","statementMap":{"0":{"start":{"line":9,"column":13},"end":{"line":9,"column":null}},"1":{"start":{"line":10,"column":8},"end":{"line":10,"column":null}},"2":{"start":{"line":11,"column":36},"end":{"line":11,"column":null}},"3":{"start":{"line":12,"column":51},"end":{"line":12,"column":null}},"4":{"start":{"line":14,"column":2},"end":{"line":14,"column":null}},"5":{"start":{"line":14,"column":17},"end":{"line":14,"column":null}},"6":{"start":{"line":15,"column":2},"end":{"line":15,"column":null}},"7":{"start":{"line":15,"column":17},"end":{"line":15,"column":null}},"8":{"start":{"line":17,"column":2},"end":{"line":106,"column":null}},"9":{"start":{"line":19,"column":45},"end":{"line":19,"column":69}},"10":{"start":{"line":82,"column":24},"end":{"line":100,"column":null}}},"fnMap":{"0":{"name":"CustomerDetailPage","decl":{"start":{"line":8,"column":24},"end":{"line":8,"column":45}},"loc":{"start":{"line":8,"column":45},"end":{"line":108,"column":null}},"line":8},"1":{"name":"(anonymous_1)","decl":{"start":{"line":19,"column":39},"end":{"line":19,"column":45}},"loc":{"start":{"line":19,"column":45},"end":{"line":19,"column":69}},"line":19},"2":{"name":"(anonymous_2)","decl":{"start":{"line":81,"column":32},"end":{"line":81,"column":33}},"loc":{"start":{"line":82,"column":24},"end":{"line":100,"column":null}},"line":82}},"branchMap":{"0":{"loc":{"start":{"line":11,"column":52},"end":{"line":11,"column":60}},"type":"binary-expr","locations":[{"start":{"line":11,"column":52},"end":{"line":11,"column":58}},{"start":{"line":11,"column":58},"end":{"line":11,"column":60}}],"line":11},"1":{"loc":{"start":{"line":12,"column":73},"end":{"line":12,"column":81}},"type":"binary-expr","locations":[{"start":{"line":12,"column":73},"end":{"line":12,"column":79}},{"start":{"line":12,"column":79},"end":{"line":12,"column":81}}],"line":12},"2":{"loc":{"start":{"line":14,"column":2},"end":{"line":14,"column":null}},"type":"if","locations":[{"start":{"line":14,"column":2},"end":{"line":14,"column":null}},{"start":{},"end":{}}],"line":14},"3":{"loc":{"start":{"line":15,"column":2},"end":{"line":15,"column":null}},"type":"if","locations":[{"start":{"line":15,"column":2},"end":{"line":15,"column":null}},{"start":{},"end":{}}],"line":15},"4":{"loc":{"start":{"line":43,"column":31},"end":{"line":43,"column":75}},"type":"binary-expr","locations":[{"start":{"line":43,"column":31},"end":{"line":43,"column":51}},{"start":{"line":43,"column":51},"end":{"line":43,"column":75}}],"line":43},"5":{"loc":{"start":{"line":76,"column":17},"end":{"line":101,"column":null}},"type":"cond-expr","locations":[{"start":{"line":77,"column":20},"end":{"line":77,"column":null}},{"start":{"line":78,"column":20},"end":{"line":101,"column":null}}],"line":76},"6":{"loc":{"start":{"line":78,"column":20},"end":{"line":101,"column":null}},"type":"cond-expr","locations":[{"start":{"line":79,"column":20},"end":{"line":79,"column":null}},{"start":{"line":81,"column":20},"end":{"line":101,"column":null}}],"line":78},"7":{"loc":{"start":{"line":94,"column":36},"end":{"line":95,"column":null}},"type":"cond-expr","locations":[{"start":{"line":94,"column":67},"end":{"line":94,"column":null}},{"start":{"line":95,"column":36},"end":{"line":95,"column":null}}],"line":94},"8":{"loc":{"start":{"line":95,"column":36},"end":{"line":95,"column":null}},"type":"cond-expr","locations":[{"start":{"line":95,"column":67},"end":{"line":95,"column":84}},{"start":{"line":95,"column":84},"end":{"line":95,"column":null}}],"line":95}},"s":{"0":5,"1":5,"2":5,"3":5,"4":5,"5":1,"6":4,"7":4,"8":3,"9":0,"10":1},"f":{"0":5,"1":0,"2":1},"b":{"0":[5,0],"1":[5,0],"2":[1,4],"3":[1,3],"4":[5,2],"5":[0,3],"6":[2,1],"7":[1,0],"8":[0,0]},"meta":{"lastBranch":9,"lastFunction":3,"lastStatement":11,"seen":{"f:8:24:8:45":0,"s:9:13:9:Infinity":0,"s:10:8:10:Infinity":1,"s:11:36:11:Infinity":2,"b:11:52:11:58:11:58:11:60":0,"s:12:51:12:Infinity":3,"b:12:73:12:79:12:79:12:81":1,"b:14:2:14:Infinity:undefined:undefined:undefined:undefined":2,"s:14:2:14:Infinity":4,"s:14:17:14:Infinity":5,"b:15:2:15:Infinity:undefined:undefined:undefined:undefined":3,"s:15:2:15:Infinity":6,"s:15:17:15:Infinity":7,"s:17:2:106:Infinity":8,"f:19:39:19:45":1,"s:19:45:19:69":9,"b:43:31:43:51:43:51:43:75":4,"b:77:20:77:Infinity:78:20:101:Infinity":5,"b:79:20:79:Infinity:81:20:101:Infinity":6,"f:81:32:81:33":2,"s:82:24:100:Infinity":10,"b:94:67:94:Infinity:95:36:95:Infinity":7,"b:95:67:95:84:95:84:95:Infinity":8}}}
,"/Users/macbookprom1/Well/admin-panel/src/pages/customers/CustomersPage.tsx": {"path":"/Users/macbookprom1/Well/admin-panel/src/pages/customers/CustomersPage.tsx","statementMap":{"0":{"start":{"line":11,"column":34},"end":{"line":11,"column":null}},"1":{"start":{"line":12,"column":28},"end":{"line":12,"column":null}},"2":{"start":{"line":13,"column":26},"end":{"line":13,"column":null}},"3":{"start":{"line":15,"column":40},"end":{"line":21,"column":null}},"4":{"start":{"line":23,"column":26},"end":{"line":23,"column":null}},"5":{"start":{"line":25,"column":2},"end":{"line":56,"column":null}},"6":{"start":{"line":40,"column":31},"end":{"line":40,"column":null}},"7":{"start":{"line":51,"column":53},"end":{"line":51,"column":null}}},"fnMap":{"0":{"name":"CustomersPage","decl":{"start":{"line":10,"column":24},"end":{"line":10,"column":40}},"loc":{"start":{"line":10,"column":40},"end":{"line":58,"column":null}},"line":10},"1":{"name":"(anonymous_1)","decl":{"start":{"line":40,"column":24},"end":{"line":40,"column":25}},"loc":{"start":{"line":40,"column":31},"end":{"line":40,"column":null}},"line":40},"2":{"name":"(anonymous_2)","decl":{"start":{"line":51,"column":28},"end":{"line":51,"column":29}},"loc":{"start":{"line":51,"column":53},"end":{"line":51,"column":null}},"line":51}},"branchMap":{"0":{"loc":{"start":{"line":18,"column":12},"end":{"line":18,"column":null}},"type":"binary-expr","locations":[{"start":{"line":18,"column":12},"end":{"line":18,"column":22}},{"start":{"line":18,"column":22},"end":{"line":18,"column":null}}],"line":18},"1":{"loc":{"start":{"line":19,"column":12},"end":{"line":19,"column":null}},"type":"cond-expr","locations":[{"start":{"line":19,"column":29},"end":{"line":19,"column":45}},{"start":{"line":19,"column":45},"end":{"line":19,"column":null}}],"line":19},"2":{"loc":{"start":{"line":20,"column":15},"end":{"line":20,"column":null}},"type":"cond-expr","locations":[{"start":{"line":20,"column":33},"end":{"line":20,"column":69}},{"start":{"line":20,"column":69},"end":{"line":20,"column":null}}],"line":20},"3":{"loc":{"start":{"line":20,"column":33},"end":{"line":20,"column":69}},"type":"cond-expr","locations":[{"start":{"line":20,"column":51},"end":{"line":20,"column":60}},{"start":{"line":20,"column":60},"end":{"line":20,"column":69}}],"line":20},"4":{"loc":{"start":{"line":47,"column":14},"end":{"line":47,"column":null}},"type":"binary-expr","locations":[{"start":{"line":47,"column":14},"end":{"line":47,"column":28}},{"start":{"line":47,"column":28},"end":{"line":47,"column":null}}],"line":47},"5":{"loc":{"start":{"line":48,"column":19},"end":{"line":48,"column":null}},"type":"binary-expr","locations":[{"start":{"line":48,"column":19},"end":{"line":48,"column":39}},{"start":{"line":48,"column":39},"end":{"line":48,"column":null}}],"line":48}},"s":{"0":8,"1":8,"2":8,"3":8,"4":8,"5":8,"6":1,"7":1},"f":{"0":8,"1":1,"2":1},"b":{"0":[8,7],"1":[1,7],"2":[1,7],"3":[0,1],"4":[8,0],"5":[8,3]},"meta":{"lastBranch":6,"lastFunction":3,"lastStatement":8,"seen":{"f:10:24:10:40":0,"s:11:34:11:Infinity":0,"s:12:28:12:Infinity":1,"s:13:26:13:Infinity":2,"s:15:40:21:Infinity":3,"b:18:12:18:22:18:22:18:Infinity":0,"b:19:29:19:45:19:45:19:Infinity":1,"b:20:33:20:69:20:69:20:Infinity":2,"b:20:51:20:60:20:60:20:69":3,"s:23:26:23:Infinity":4,"s:25:2:56:Infinity":5,"f:40:24:40:25":1,"s:40:31:40:Infinity":6,"b:47:14:47:28:47:28:47:Infinity":4,"b:48:19:48:39:48:39:48:Infinity":5,"f:51:28:51:29":2,"s:51:53:51:Infinity":7}}}
,"/Users/macbookprom1/Well/admin-panel/src/pages/customers/columns.tsx": {"path":"/Users/macbookprom1/Well/admin-panel/src/pages/customers/columns.tsx","statementMap":{"0":{"start":{"line":8,"column":46},"end":{"line":94,"column":null}},"1":{"start":{"line":12,"column":8},"end":{"line":20,"column":null}},"2":{"start":{"line":15,"column":27},"end":{"line":15,"column":null}},"3":{"start":{"line":24,"column":23},"end":{"line":24,"column":null}},"4":{"start":{"line":25,"column":6},"end":{"line":34,"column":null}},"5":{"start":{"line":42,"column":6},"end":{"line":46,"column":null}},"6":{"start":{"line":53,"column":8},"end":{"line":61,"column":null}},"7":{"start":{"line":56,"column":27},"end":{"line":56,"column":null}},"8":{"start":{"line":65,"column":6},"end":{"line":68,"column":null}},"9":{"start":{"line":76,"column":6},"end":{"line":76,"column":null}},"10":{"start":{"line":76,"column":41},"end":{"line":76,"column":null}},"11":{"start":{"line":77,"column":6},"end":{"line":77,"column":null}},"12":{"start":{"line":83,"column":6},"end":{"line":90,"column":null}}},"fnMap":{"0":{"name":"(anonymous_0)","decl":{"start":{"line":11,"column":12},"end":{"line":11,"column":13}},"loc":{"start":{"line":11,"column":28},"end":{"line":22,"column":null}},"line":11},"1":{"name":"(anonymous_1)","decl":{"start":{"line":15,"column":21},"end":{"line":15,"column":27}},"loc":{"start":{"line":15,"column":27},"end":{"line":15,"column":null}},"line":15},"2":{"name":"(anonymous_2)","decl":{"start":{"line":23,"column":10},"end":{"line":23,"column":11}},"loc":{"start":{"line":23,"column":23},"end":{"line":36,"column":null}},"line":23},"3":{"name":"(anonymous_3)","decl":{"start":{"line":41,"column":10},"end":{"line":41,"column":11}},"loc":{"start":{"line":41,"column":23},"end":{"line":48,"column":null}},"line":41},"4":{"name":"(anonymous_4)","decl":{"start":{"line":52,"column":12},"end":{"line":52,"column":13}},"loc":{"start":{"line":52,"column":28},"end":{"line":63,"column":null}},"line":52},"5":{"name":"(anonymous_5)","decl":{"start":{"line":56,"column":21},"end":{"line":56,"column":27}},"loc":{"start":{"line":56,"column":27},"end":{"line":56,"column":null}},"line":56},"6":{"name":"(anonymous_6)","decl":{"start":{"line":64,"column":10},"end":{"line":64,"column":11}},"loc":{"start":{"line":64,"column":23},"end":{"line":70,"column":null}},"line":64},"7":{"name":"(anonymous_7)","decl":{"start":{"line":75,"column":10},"end":{"line":75,"column":11}},"loc":{"start":{"line":75,"column":23},"end":{"line":78,"column":null}},"line":75},"8":{"name":"(anonymous_8)","decl":{"start":{"line":82,"column":10},"end":{"line":82,"column":11}},"loc":{"start":{"line":82,"column":23},"end":{"line":92,"column":null}},"line":82}},"branchMap":{"0":{"loc":{"start":{"line":28,"column":14},"end":{"line":28,"column":null}},"type":"binary-expr","locations":[{"start":{"line":28,"column":14},"end":{"line":28,"column":47}},{"start":{"line":28,"column":47},"end":{"line":28,"column":null}}],"line":28},"1":{"loc":{"start":{"line":76,"column":6},"end":{"line":76,"column":null}},"type":"if","locations":[{"start":{"line":76,"column":6},"end":{"line":76,"column":null}},{"start":{},"end":{}}],"line":76}},"s":{"0":2,"1":2,"2":0,"3":2,"4":2,"5":2,"6":2,"7":0,"8":2,"9":2,"10":0,"11":2,"12":2},"f":{"0":2,"1":0,"2":2,"3":2,"4":2,"5":0,"6":2,"7":2,"8":2},"b":{"0":[2,1],"1":[0,2]},"meta":{"lastBranch":2,"lastFunction":9,"lastStatement":13,"seen":{"s:8:46:94:Infinity":0,"f:11:12:11:13":0,"s:12:8:20:Infinity":1,"f:15:21:15:27":1,"s:15:27:15:Infinity":2,"f:23:10:23:11":2,"s:24:23:24:Infinity":3,"s:25:6:34:Infinity":4,"b:28:14:28:47:28:47:28:Infinity":0,"f:41:10:41:11":3,"s:42:6:46:Infinity":5,"f:52:12:52:13":4,"s:53:8:61:Infinity":6,"f:56:21:56:27":5,"s:56:27:56:Infinity":7,"f:64:10:64:11":6,"s:65:6:68:Infinity":8,"f:75:10:75:11":7,"b:76:6:76:Infinity:undefined:undefined:undefined:undefined":1,"s:76:6:76:Infinity":9,"s:76:41:76:Infinity":10,"s:77:6:77:Infinity":11,"f:82:10:82:11":8,"s:83:6:90:Infinity":12}}}
,"/Users/macbookprom1/Well/admin-panel/src/pages/dashboard/DashboardPage.tsx": {"path":"/Users/macbookprom1/Well/admin-panel/src/pages/dashboard/DashboardPage.tsx","statementMap":{"0":{"start":{"line":9,"column":24},"end":{"line":9,"column":null}},"1":{"start":{"line":10,"column":28},"end":{"line":10,"column":null}},"2":{"start":{"line":11,"column":25},"end":{"line":11,"column":null}},"3":{"start":{"line":13,"column":2},"end":{"line":91,"column":null}},"4":{"start":{"line":70,"column":15},"end":{"line":86,"column":null}}},"fnMap":{"0":{"name":"DashboardPage","decl":{"start":{"line":8,"column":24},"end":{"line":8,"column":40}},"loc":{"start":{"line":8,"column":40},"end":{"line":93,"column":null}},"line":8},"1":{"name":"(anonymous_1)","decl":{"start":{"line":69,"column":28},"end":{"line":69,"column":29}},"loc":{"start":{"line":70,"column":15},"end":{"line":86,"column":null}},"line":70}},"branchMap":{"0":{"loc":{"start":{"line":21,"column":95},"end":{"line":21,"column":121}},"type":"binary-expr","locations":[{"start":{"line":21,"column":95},"end":{"line":21,"column":120}},{"start":{"line":21,"column":120},"end":{"line":21,"column":121}}],"line":21},"1":{"loc":{"start":{"line":23,"column":17},"end":{"line":23,"column":null}},"type":"binary-expr","locations":[{"start":{"line":23,"column":17},"end":{"line":23,"column":43}},{"start":{"line":23,"column":43},"end":{"line":23,"column":null}}],"line":23},"2":{"loc":{"start":{"line":28,"column":17},"end":{"line":28,"column":null}},"type":"binary-expr","locations":[{"start":{"line":28,"column":17},"end":{"line":28,"column":41}},{"start":{"line":28,"column":41},"end":{"line":28,"column":null}}],"line":28},"3":{"loc":{"start":{"line":30,"column":17},"end":{"line":30,"column":null}},"type":"binary-expr","locations":[{"start":{"line":30,"column":17},"end":{"line":30,"column":42}},{"start":{"line":30,"column":42},"end":{"line":30,"column":null}}],"line":30},"4":{"loc":{"start":{"line":35,"column":17},"end":{"line":35,"column":null}},"type":"binary-expr","locations":[{"start":{"line":35,"column":17},"end":{"line":35,"column":40}},{"start":{"line":35,"column":40},"end":{"line":35,"column":null}}],"line":35},"5":{"loc":{"start":{"line":37,"column":17},"end":{"line":37,"column":null}},"type":"binary-expr","locations":[{"start":{"line":37,"column":17},"end":{"line":37,"column":41}},{"start":{"line":37,"column":41},"end":{"line":37,"column":null}}],"line":37},"6":{"loc":{"start":{"line":42,"column":17},"end":{"line":42,"column":null}},"type":"binary-expr","locations":[{"start":{"line":42,"column":17},"end":{"line":42,"column":48}},{"start":{"line":42,"column":48},"end":{"line":42,"column":null}}],"line":42},"7":{"loc":{"start":{"line":44,"column":17},"end":{"line":44,"column":null}},"type":"binary-expr","locations":[{"start":{"line":44,"column":17},"end":{"line":44,"column":48}},{"start":{"line":44,"column":48},"end":{"line":44,"column":null}}],"line":44},"8":{"loc":{"start":{"line":59,"column":30},"end":{"line":59,"column":49}},"type":"binary-expr","locations":[{"start":{"line":59,"column":30},"end":{"line":59,"column":45}},{"start":{"line":59,"column":45},"end":{"line":59,"column":49}}],"line":59},"9":{"loc":{"start":{"line":78,"column":22},"end":{"line":78,"column":null}},"type":"binary-expr","locations":[{"start":{"line":78,"column":22},"end":{"line":78,"column":56}},{"start":{"line":78,"column":56},"end":{"line":78,"column":null}}],"line":78},"10":{"loc":{"start":{"line":79,"column":22},"end":{"line":79,"column":null}},"type":"binary-expr","locations":[{"start":{"line":79,"column":22},"end":{"line":79,"column":50}},{"start":{"line":79,"column":50},"end":{"line":79,"column":null}}],"line":79},"11":{"loc":{"start":{"line":80,"column":22},"end":{"line":80,"column":null}},"type":"binary-expr","locations":[{"start":{"line":80,"column":22},"end":{"line":80,"column":52}},{"start":{"line":80,"column":52},"end":{"line":80,"column":null}}],"line":80},"12":{"loc":{"start":{"line":82,"column":22},"end":{"line":82,"column":null}},"type":"binary-expr","locations":[{"start":{"line":82,"column":22},"end":{"line":82,"column":37}},{"start":{"line":82,"column":37},"end":{"line":82,"column":null}}],"line":82}},"s":{"0":4,"1":4,"2":4,"3":4,"4":2},"f":{"0":4,"1":2},"b":{"0":[4,3],"1":[4,3],"2":[4,3],"3":[4,3],"4":[4,3],"5":[4,3],"6":[4,3],"7":[4,3],"8":[4,1],"9":[2,1],"10":[2,1],"11":[2,0],"12":[2,0]},"meta":{"lastBranch":13,"lastFunction":2,"lastStatement":5,"seen":{"f:8:24:8:40":0,"s:9:24:9:Infinity":0,"s:10:28:10:Infinity":1,"s:11:25:11:Infinity":2,"s:13:2:91:Infinity":3,"b:21:95:21:120:21:120:21:121":0,"b:23:17:23:43:23:43:23:Infinity":1,"b:28:17:28:41:28:41:28:Infinity":2,"b:30:17:30:42:30:42:30:Infinity":3,"b:35:17:35:40:35:40:35:Infinity":4,"b:37:17:37:41:37:41:37:Infinity":5,"b:42:17:42:48:42:48:42:Infinity":6,"b:44:17:44:48:44:48:44:Infinity":7,"b:59:30:59:45:59:45:59:49":8,"f:69:28:69:29":1,"s:70:15:86:Infinity":4,"b:78:22:78:56:78:56:78:Infinity":9,"b:79:22:79:50:79:50:79:Infinity":10,"b:80:22:80:52:80:52:80:Infinity":11,"b:82:22:82:37:82:37:82:Infinity":12}}}
,"/Users/macbookprom1/Well/admin-panel/src/pages/distributors/DistributorDetailPage.tsx": {"path":"/Users/macbookprom1/Well/admin-panel/src/pages/distributors/DistributorDetailPage.tsx","statementMap":{"0":{"start":{"line":10,"column":13},"end":{"line":10,"column":null}},"1":{"start":{"line":11,"column":8},"end":{"line":11,"column":null}},"2":{"start":{"line":12,"column":39},"end":{"line":12,"column":null}},"3":{"start":{"line":13,"column":8},"end":{"line":13,"column":null}},"4":{"start":{"line":15,"column":42},"end":{"line":15,"column":null}},"5":{"start":{"line":17,"column":2},"end":{"line":21,"column":null}},"6":{"start":{"line":18,"column":4},"end":{"line":20,"column":null}},"7":{"start":{"line":19,"column":8},"end":{"line":19,"column":null}},"8":{"start":{"line":23,"column":23},"end":{"line":33,"column":null}},"9":{"start":{"line":24,"column":4},"end":{"line":24,"column":null}},"10":{"start":{"line":24,"column":13},"end":{"line":24,"column":null}},"11":{"start":{"line":25,"column":4},"end":{"line":32,"column":null}},"12":{"start":{"line":35,"column":2},"end":{"line":35,"column":null}},"13":{"start":{"line":35,"column":17},"end":{"line":35,"column":null}},"14":{"start":{"line":36,"column":2},"end":{"line":36,"column":null}},"15":{"start":{"line":36,"column":20},"end":{"line":36,"column":null}},"16":{"start":{"line":38,"column":15},"end":{"line":38,"column":null}},"17":{"start":{"line":40,"column":2},"end":{"line":122,"column":null}},"18":{"start":{"line":42,"column":45},"end":{"line":42,"column":72}},"19":{"start":{"line":95,"column":45},"end":{"line":95,"column":null}}},"fnMap":{"0":{"name":"DistributorDetailPage","decl":{"start":{"line":9,"column":24},"end":{"line":9,"column":48}},"loc":{"start":{"line":9,"column":48},"end":{"line":124,"column":null}},"line":9},"1":{"name":"(anonymous_1)","decl":{"start":{"line":17,"column":18},"end":{"line":17,"column":24}},"loc":{"start":{"line":17,"column":24},"end":{"line":21,"column":5}},"line":17},"2":{"name":"(anonymous_2)","decl":{"start":{"line":23,"column":23},"end":{"line":23,"column":29}},"loc":{"start":{"line":23,"column":29},"end":{"line":33,"column":null}},"line":23},"3":{"name":"(anonymous_3)","decl":{"start":{"line":29,"column":19},"end":{"line":29,"column":25}},"loc":{"start":{"line":29,"column":25},"end":{"line":31,"column":null}},"line":29},"4":{"name":"(anonymous_4)","decl":{"start":{"line":42,"column":39},"end":{"line":42,"column":45}},"loc":{"start":{"line":42,"column":45},"end":{"line":42,"column":72}},"line":42},"5":{"name":"(anonymous_5)","decl":{"start":{"line":95,"column":38},"end":{"line":95,"column":39}},"loc":{"start":{"line":95,"column":45},"end":{"line":95,"column":null}},"line":95}},"branchMap":{"0":{"loc":{"start":{"line":12,"column":58},"end":{"line":12,"column":66}},"type":"binary-expr","locations":[{"start":{"line":12,"column":58},"end":{"line":12,"column":64}},{"start":{"line":12,"column":64},"end":{"line":12,"column":66}}],"line":12},"1":{"loc":{"start":{"line":18,"column":4},"end":{"line":20,"column":null}},"type":"if","locations":[{"start":{"line":18,"column":4},"end":{"line":20,"column":null}},{"start":{},"end":{}}],"line":18},"2":{"loc":{"start":{"line":24,"column":4},"end":{"line":24,"column":null}},"type":"if","locations":[{"start":{"line":24,"column":4},"end":{"line":24,"column":null}},{"start":{},"end":{}}],"line":24},"3":{"loc":{"start":{"line":35,"column":2},"end":{"line":35,"column":null}},"type":"if","locations":[{"start":{"line":35,"column":2},"end":{"line":35,"column":null}},{"start":{},"end":{}}],"line":35},"4":{"loc":{"start":{"line":36,"column":2},"end":{"line":36,"column":null}},"type":"if","locations":[{"start":{"line":36,"column":2},"end":{"line":36,"column":null}},{"start":{},"end":{}}],"line":36}},"s":{"0":7,"1":7,"2":7,"3":7,"4":7,"5":7,"6":4,"7":2,"8":7,"9":1,"10":0,"11":1,"12":7,"13":1,"14":6,"15":6,"16":5,"17":5,"18":0,"19":1},"f":{"0":7,"1":4,"2":1,"3":0,"4":0,"5":1},"b":{"0":[7,0],"1":[2,2],"2":[0,1],"3":[1,6],"4":[1,5]},"meta":{"lastBranch":5,"lastFunction":6,"lastStatement":20,"seen":{"f:9:24:9:48":0,"s:10:13:10:Infinity":0,"s:11:8:11:Infinity":1,"s:12:39:12:Infinity":2,"b:12:58:12:64:12:64:12:66":0,"s:13:8:13:Infinity":3,"s:15:42:15:Infinity":4,"s:17:2:21:Infinity":5,"f:17:18:17:24":1,"b:18:4:20:Infinity:undefined:undefined:undefined:undefined":1,"s:18:4:20:Infinity":6,"s:19:8:19:Infinity":7,"s:23:23:33:Infinity":8,"f:23:23:23:29":2,"b:24:4:24:Infinity:undefined:undefined:undefined:undefined":2,"s:24:4:24:Infinity":9,"s:24:13:24:Infinity":10,"s:25:4:32:Infinity":11,"f:29:19:29:25":3,"b:35:2:35:Infinity:undefined:undefined:undefined:undefined":3,"s:35:2:35:Infinity":12,"s:35:17:35:Infinity":13,"b:36:2:36:Infinity:undefined:undefined:undefined:undefined":4,"s:36:2:36:Infinity":14,"s:36:20:36:Infinity":15,"s:38:15:38:Infinity":16,"s:40:2:122:Infinity":17,"f:42:39:42:45":4,"s:42:45:42:72":18,"f:95:38:95:39":5,"s:95:45:95:Infinity":19}}}
,"/Users/macbookprom1/Well/admin-panel/src/pages/distributors/DistributorsPage.tsx": {"path":"/Users/macbookprom1/Well/admin-panel/src/pages/distributors/DistributorsPage.tsx","statementMap":{"0":{"start":{"line":12,"column":34},"end":{"line":12,"column":null}},"1":{"start":{"line":13,"column":28},"end":{"line":13,"column":null}},"2":{"start":{"line":14,"column":26},"end":{"line":14,"column":null}},"3":{"start":{"line":16,"column":40},"end":{"line":22,"column":null}},"4":{"start":{"line":24,"column":26},"end":{"line":24,"column":null}},"5":{"start":{"line":26,"column":2},"end":{"line":61,"column":null}},"6":{"start":{"line":45,"column":31},"end":{"line":45,"column":null}},"7":{"start":{"line":56,"column":53},"end":{"line":56,"column":null}}},"fnMap":{"0":{"name":"DistributorsPage","decl":{"start":{"line":11,"column":24},"end":{"line":11,"column":43}},"loc":{"start":{"line":11,"column":43},"end":{"line":63,"column":null}},"line":11},"1":{"name":"(anonymous_1)","decl":{"start":{"line":45,"column":24},"end":{"line":45,"column":25}},"loc":{"start":{"line":45,"column":31},"end":{"line":45,"column":null}},"line":45},"2":{"name":"(anonymous_2)","decl":{"start":{"line":56,"column":28},"end":{"line":56,"column":29}},"loc":{"start":{"line":56,"column":53},"end":{"line":56,"column":null}},"line":56}},"branchMap":{"0":{"loc":{"start":{"line":19,"column":12},"end":{"line":19,"column":null}},"type":"binary-expr","locations":[{"start":{"line":19,"column":12},"end":{"line":19,"column":22}},{"start":{"line":19,"column":22},"end":{"line":19,"column":null}}],"line":19},"1":{"loc":{"start":{"line":20,"column":12},"end":{"line":20,"column":null}},"type":"cond-expr","locations":[{"start":{"line":20,"column":29},"end":{"line":20,"column":45}},{"start":{"line":20,"column":45},"end":{"line":20,"column":null}}],"line":20},"2":{"loc":{"start":{"line":21,"column":15},"end":{"line":21,"column":null}},"type":"cond-expr","locations":[{"start":{"line":21,"column":33},"end":{"line":21,"column":69}},{"start":{"line":21,"column":69},"end":{"line":21,"column":null}}],"line":21},"3":{"loc":{"start":{"line":21,"column":33},"end":{"line":21,"column":69}},"type":"cond-expr","locations":[{"start":{"line":21,"column":51},"end":{"line":21,"column":60}},{"start":{"line":21,"column":60},"end":{"line":21,"column":69}}],"line":21},"4":{"loc":{"start":{"line":52,"column":14},"end":{"line":52,"column":null}},"type":"binary-expr","locations":[{"start":{"line":52,"column":14},"end":{"line":52,"column":28}},{"start":{"line":52,"column":28},"end":{"line":52,"column":null}}],"line":52},"5":{"loc":{"start":{"line":53,"column":19},"end":{"line":53,"column":null}},"type":"binary-expr","locations":[{"start":{"line":53,"column":19},"end":{"line":53,"column":39}},{"start":{"line":53,"column":39},"end":{"line":53,"column":null}}],"line":53}},"s":{"0":4,"1":4,"2":4,"3":4,"4":4,"5":4,"6":1,"7":0},"f":{"0":4,"1":1,"2":0},"b":{"0":[4,3],"1":[0,4],"2":[0,4],"3":[0,0],"4":[4,0],"5":[4,3]},"meta":{"lastBranch":6,"lastFunction":3,"lastStatement":8,"seen":{"f:11:24:11:43":0,"s:12:34:12:Infinity":0,"s:13:28:13:Infinity":1,"s:14:26:14:Infinity":2,"s:16:40:22:Infinity":3,"b:19:12:19:22:19:22:19:Infinity":0,"b:20:29:20:45:20:45:20:Infinity":1,"b:21:33:21:69:21:69:21:Infinity":2,"b:21:51:21:60:21:60:21:69":3,"s:24:26:24:Infinity":4,"s:26:2:61:Infinity":5,"f:45:24:45:25":1,"s:45:31:45:Infinity":6,"b:52:14:52:28:52:28:52:Infinity":4,"b:53:19:53:39:53:39:53:Infinity":5,"f:56:28:56:29":2,"s:56:53:56:Infinity":7}}}
,"/Users/macbookprom1/Well/admin-panel/src/pages/distributors/columns.tsx": {"path":"/Users/macbookprom1/Well/admin-panel/src/pages/distributors/columns.tsx","statementMap":{"0":{"start":{"line":9,"column":49},"end":{"line":104,"column":null}},"1":{"start":{"line":14,"column":26},"end":{"line":14,"column":null}},"2":{"start":{"line":15,"column":19},"end":{"line":15,"column":null}},"3":{"start":{"line":16,"column":6},"end":{"line":29,"column":null}},"4":{"start":{"line":37,"column":20},"end":{"line":37,"column":null}},"5":{"start":{"line":38,"column":21},"end":{"line":44,"column":null}},"6":{"start":{"line":45,"column":6},"end":{"line":45,"column":null}},"7":{"start":{"line":51,"column":8},"end":{"line":59,"column":null}},"8":{"start":{"line":54,"column":27},"end":{"line":54,"column":null}},"9":{"start":{"line":63,"column":6},"end":{"line":67,"column":null}},"10":{"start":{"line":75,"column":6},"end":{"line":75,"column":null}},"11":{"start":{"line":82,"column":6},"end":{"line":86,"column":null}},"12":{"start":{"line":93,"column":6},"end":{"line":100,"column":null}}},"fnMap":{"0":{"name":"(anonymous_0)","decl":{"start":{"line":13,"column":10},"end":{"line":13,"column":11}},"loc":{"start":{"line":13,"column":23},"end":{"line":31,"column":null}},"line":13},"1":{"name":"(anonymous_1)","decl":{"start":{"line":36,"column":10},"end":{"line":36,"column":11}},"loc":{"start":{"line":36,"column":23},"end":{"line":46,"column":null}},"line":36},"2":{"name":"(anonymous_2)","decl":{"start":{"line":50,"column":12},"end":{"line":50,"column":13}},"loc":{"start":{"line":50,"column":28},"end":{"line":61,"column":null}},"line":50},"3":{"name":"(anonymous_3)","decl":{"start":{"line":54,"column":21},"end":{"line":54,"column":27}},"loc":{"start":{"line":54,"column":27},"end":{"line":54,"column":null}},"line":54},"4":{"name":"(anonymous_4)","decl":{"start":{"line":62,"column":10},"end":{"line":62,"column":11}},"loc":{"start":{"line":62,"column":23},"end":{"line":69,"column":null}},"line":62},"5":{"name":"(anonymous_5)","decl":{"start":{"line":74,"column":10},"end":{"line":74,"column":11}},"loc":{"start":{"line":74,"column":23},"end":{"line":76,"column":null}},"line":74},"6":{"name":"(anonymous_6)","decl":{"start":{"line":81,"column":10},"end":{"line":81,"column":11}},"loc":{"start":{"line":81,"column":23},"end":{"line":88,"column":null}},"line":81},"7":{"name":"(anonymous_7)","decl":{"start":{"line":92,"column":10},"end":{"line":92,"column":11}},"loc":{"start":{"line":92,"column":23},"end":{"line":102,"column":null}},"line":92}},"branchMap":{"0":{"loc":{"start":{"line":19,"column":13},"end":{"line":22,"column":null}},"type":"cond-expr","locations":[{"start":{"line":20,"column":14},"end":{"line":20,"column":null}},{"start":{"line":22,"column":14},"end":{"line":22,"column":null}}],"line":19},"1":{"loc":{"start":{"line":22,"column":53},"end":{"line":22,"column":87}},"type":"binary-expr","locations":[{"start":{"line":22,"column":53},"end":{"line":22,"column":83}},{"start":{"line":22,"column":83},"end":{"line":22,"column":87}}],"line":22},"2":{"loc":{"start":{"line":26,"column":42},"end":{"line":26,"column":71}},"type":"binary-expr","locations":[{"start":{"line":26,"column":42},"end":{"line":26,"column":61}},{"start":{"line":26,"column":61},"end":{"line":26,"column":71}}],"line":26},"3":{"loc":{"start":{"line":45,"column":31},"end":{"line":45,"column":53}},"type":"binary-expr","locations":[{"start":{"line":45,"column":31},"end":{"line":45,"column":48}},{"start":{"line":45,"column":48},"end":{"line":45,"column":53}}],"line":45},"4":{"loc":{"start":{"line":84,"column":52},"end":{"line":84,"column":103}},"type":"cond-expr","locations":[{"start":{"line":84,"column":74},"end":{"line":84,"column":91}},{"start":{"line":84,"column":91},"end":{"line":84,"column":103}}],"line":84},"5":{"loc":{"start":{"line":85,"column":74},"end":{"line":85,"column":121}},"type":"cond-expr","locations":[{"start":{"line":85,"column":96},"end":{"line":85,"column":110}},{"start":{"line":85,"column":110},"end":{"line":85,"column":121}}],"line":85}},"s":{"0":2,"1":1,"2":1,"3":1,"4":1,"5":1,"6":1,"7":1,"8":0,"9":1,"10":1,"11":1,"12":1},"f":{"0":1,"1":1,"2":1,"3":0,"4":1,"5":1,"6":1,"7":1},"b":{"0":[0,1],"1":[1,0],"2":[1,0],"3":[1,0],"4":[1,0],"5":[1,0]},"meta":{"lastBranch":6,"lastFunction":8,"lastStatement":13,"seen":{"s:9:49:104:Infinity":0,"f:13:10:13:11":0,"s:14:26:14:Infinity":1,"s:15:19:15:Infinity":2,"s:16:6:29:Infinity":3,"b:20:14:20:Infinity:22:14:22:Infinity":0,"b:22:53:22:83:22:83:22:87":1,"b:26:42:26:61:26:61:26:71":2,"f:36:10:36:11":1,"s:37:20:37:Infinity":4,"s:38:21:44:Infinity":5,"s:45:6:45:Infinity":6,"b:45:31:45:48:45:48:45:53":3,"f:50:12:50:13":2,"s:51:8:59:Infinity":7,"f:54:21:54:27":3,"s:54:27:54:Infinity":8,"f:62:10:62:11":4,"s:63:6:67:Infinity":9,"f:74:10:74:11":5,"s:75:6:75:Infinity":10,"f:81:10:81:11":6,"s:82:6:86:Infinity":11,"b:84:74:84:91:84:91:84:103":4,"b:85:96:85:110:85:110:85:121":5,"f:92:10:92:11":7,"s:93:6:100:Infinity":12}}}
,"/Users/macbookprom1/Well/admin-panel/src/pages/orders/OrderDetailPage.tsx": {"path":"/Users/macbookprom1/Well/admin-panel/src/pages/orders/OrderDetailPage.tsx","statementMap":{"0":{"start":{"line":11,"column":13},"end":{"line":11,"column":null}},"1":{"start":{"line":12,"column":8},"end":{"line":12,"column":null}},"2":{"start":{"line":13,"column":33},"end":{"line":13,"column":null}},"3":{"start":{"line":14,"column":8},"end":{"line":14,"column":null}},"4":{"start":{"line":16,"column":29},"end":{"line":19,"column":null}},"5":{"start":{"line":17,"column":6},"end":{"line":17,"column":null}},"6":{"start":{"line":17,"column":15},"end":{"line":17,"column":null}},"7":{"start":{"line":18,"column":6},"end":{"line":18,"column":null}},"8":{"start":{"line":21,"column":2},"end":{"line":21,"column":null}},"9":{"start":{"line":21,"column":17},"end":{"line":21,"column":null}},"10":{"start":{"line":22,"column":2},"end":{"line":22,"column":null}},"11":{"start":{"line":22,"column":14},"end":{"line":22,"column":null}},"12":{"start":{"line":24,"column":2},"end":{"line":131,"column":null}},"13":{"start":{"line":27,"column":48},"end":{"line":27,"column":69}},"14":{"start":{"line":33,"column":39},"end":{"line":33,"column":73}},"15":{"start":{"line":38,"column":39},"end":{"line":38,"column":70}},"16":{"start":{"line":44,"column":39},"end":{"line":44,"column":72}},"17":{"start":{"line":50,"column":40},"end":{"line":50,"column":73}},"18":{"start":{"line":67,"column":28},"end":{"line":78,"column":null}}},"fnMap":{"0":{"name":"OrderDetailPage","decl":{"start":{"line":10,"column":24},"end":{"line":10,"column":42}},"loc":{"start":{"line":10,"column":42},"end":{"line":133,"column":null}},"line":10},"1":{"name":"(anonymous_1)","decl":{"start":{"line":16,"column":29},"end":{"line":16,"column":30}},"loc":{"start":{"line":16,"column":58},"end":{"line":19,"column":null}},"line":16},"2":{"name":"(anonymous_2)","decl":{"start":{"line":27,"column":42},"end":{"line":27,"column":48}},"loc":{"start":{"line":27,"column":48},"end":{"line":27,"column":69}},"line":27},"3":{"name":"(anonymous_3)","decl":{"start":{"line":33,"column":33},"end":{"line":33,"column":39}},"loc":{"start":{"line":33,"column":39},"end":{"line":33,"column":73}},"line":33},"4":{"name":"(anonymous_4)","decl":{"start":{"line":38,"column":33},"end":{"line":38,"column":39}},"loc":{"start":{"line":38,"column":39},"end":{"line":38,"column":70}},"line":38},"5":{"name":"(anonymous_5)","decl":{"start":{"line":44,"column":33},"end":{"line":44,"column":39}},"loc":{"start":{"line":44,"column":39},"end":{"line":44,"column":72}},"line":44},"6":{"name":"(anonymous_6)","decl":{"start":{"line":50,"column":34},"end":{"line":50,"column":40}},"loc":{"start":{"line":50,"column":40},"end":{"line":50,"column":73}},"line":50},"7":{"name":"(anonymous_7)","decl":{"start":{"line":66,"column":42},"end":{"line":66,"column":43}},"loc":{"start":{"line":67,"column":28},"end":{"line":78,"column":null}},"line":67}},"branchMap":{"0":{"loc":{"start":{"line":13,"column":46},"end":{"line":13,"column":54}},"type":"binary-expr","locations":[{"start":{"line":13,"column":46},"end":{"line":13,"column":52}},{"start":{"line":13,"column":52},"end":{"line":13,"column":54}}],"line":13},"1":{"loc":{"start":{"line":17,"column":6},"end":{"line":17,"column":null}},"type":"if","locations":[{"start":{"line":17,"column":6},"end":{"line":17,"column":null}},{"start":{},"end":{}}],"line":17},"2":{"loc":{"start":{"line":21,"column":2},"end":{"line":21,"column":null}},"type":"if","locations":[{"start":{"line":21,"column":2},"end":{"line":21,"column":null}},{"start":{},"end":{}}],"line":21},"3":{"loc":{"start":{"line":22,"column":2},"end":{"line":22,"column":null}},"type":"if","locations":[{"start":{"line":22,"column":2},"end":{"line":22,"column":null}},{"start":{},"end":{}}],"line":22},"4":{"loc":{"start":{"line":32,"column":13},"end":{"line":35,"column":null}},"type":"binary-expr","locations":[{"start":{"line":32,"column":13},"end":{"line":32,"column":null}},{"start":{"line":33,"column":16},"end":{"line":35,"column":null}}],"line":32},"5":{"loc":{"start":{"line":37,"column":13},"end":{"line":41,"column":null}},"type":"binary-expr","locations":[{"start":{"line":37,"column":13},"end":{"line":37,"column":null}},{"start":{"line":38,"column":16},"end":{"line":41,"column":null}}],"line":37},"6":{"loc":{"start":{"line":43,"column":13},"end":{"line":47,"column":null}},"type":"binary-expr","locations":[{"start":{"line":43,"column":13},"end":{"line":43,"column":null}},{"start":{"line":44,"column":16},"end":{"line":47,"column":null}}],"line":43},"7":{"loc":{"start":{"line":49,"column":13},"end":{"line":53,"column":null}},"type":"binary-expr","locations":[{"start":{"line":49,"column":13},"end":{"line":49,"column":null}},{"start":{"line":50,"column":17},"end":{"line":53,"column":null}}],"line":49},"8":{"loc":{"start":{"line":79,"column":25},"end":{"line":81,"column":null}},"type":"binary-expr","locations":[{"start":{"line":80,"column":26},"end":{"line":80,"column":42}},{"start":{"line":80,"column":42},"end":{"line":80,"column":null}},{"start":{"line":81,"column":28},"end":{"line":81,"column":null}}],"line":79},"9":{"loc":{"start":{"line":107,"column":54},"end":{"line":107,"column":87}},"type":"binary-expr","locations":[{"start":{"line":107,"column":54},"end":{"line":107,"column":81}},{"start":{"line":107,"column":81},"end":{"line":107,"column":87}}],"line":107}},"s":{"0":6,"1":6,"2":6,"3":6,"4":6,"5":3,"6":0,"7":3,"8":6,"9":1,"10":5,"11":5,"12":4,"13":0,"14":1,"15":1,"16":1,"17":0,"18":1},"f":{"0":6,"1":3,"2":0,"3":1,"4":1,"5":1,"6":0,"7":1},"b":{"0":[6,0],"1":[0,3],"2":[1,5],"3":[1,4],"4":[4,2],"5":[6,1],"6":[6,1],"7":[6,3],"8":[6,4,3],"9":[6,3]},"meta":{"lastBranch":10,"lastFunction":8,"lastStatement":19,"seen":{"f:10:24:10:42":0,"s:11:13:11:Infinity":0,"s:12:8:12:Infinity":1,"s:13:33:13:Infinity":2,"b:13:46:13:52:13:52:13:54":0,"s:14:8:14:Infinity":3,"s:16:29:19:Infinity":4,"f:16:29:16:30":1,"b:17:6:17:Infinity:undefined:undefined:undefined:undefined":1,"s:17:6:17:Infinity":5,"s:17:15:17:Infinity":6,"s:18:6:18:Infinity":7,"b:21:2:21:Infinity:undefined:undefined:undefined:undefined":2,"s:21:2:21:Infinity":8,"s:21:17:21:Infinity":9,"b:22:2:22:Infinity:undefined:undefined:undefined:undefined":3,"s:22:2:22:Infinity":10,"s:22:14:22:Infinity":11,"s:24:2:131:Infinity":12,"f:27:42:27:48":2,"s:27:48:27:69":13,"b:32:13:32:Infinity:33:16:35:Infinity":4,"f:33:33:33:39":3,"s:33:39:33:73":14,"b:37:13:37:Infinity:38:16:41:Infinity":5,"f:38:33:38:39":4,"s:38:39:38:70":15,"b:43:13:43:Infinity:44:16:47:Infinity":6,"f:44:33:44:39":5,"s:44:39:44:72":16,"b:49:13:49:Infinity:50:17:53:Infinity":7,"f:50:34:50:40":6,"s:50:40:50:73":17,"f:66:42:66:43":7,"s:67:28:78:Infinity":18,"b:80:26:80:42:80:42:80:Infinity:81:28:81:Infinity":8,"b:107:54:107:81:107:81:107:87":9}}}
,"/Users/macbookprom1/Well/admin-panel/src/pages/orders/OrdersPage.tsx": {"path":"/Users/macbookprom1/Well/admin-panel/src/pages/orders/OrdersPage.tsx","statementMap":{"0":{"start":{"line":11,"column":34},"end":{"line":11,"column":null}},"1":{"start":{"line":12,"column":28},"end":{"line":12,"column":null}},"2":{"start":{"line":13,"column":26},"end":{"line":13,"column":null}},"3":{"start":{"line":15,"column":40},"end":{"line":21,"column":null}},"4":{"start":{"line":23,"column":26},"end":{"line":23,"column":null}},"5":{"start":{"line":25,"column":2},"end":{"line":56,"column":null}},"6":{"start":{"line":40,"column":31},"end":{"line":40,"column":null}},"7":{"start":{"line":51,"column":53},"end":{"line":51,"column":null}}},"fnMap":{"0":{"name":"OrdersPage","decl":{"start":{"line":10,"column":24},"end":{"line":10,"column":37}},"loc":{"start":{"line":10,"column":37},"end":{"line":58,"column":null}},"line":10},"1":{"name":"(anonymous_1)","decl":{"start":{"line":40,"column":24},"end":{"line":40,"column":25}},"loc":{"start":{"line":40,"column":31},"end":{"line":40,"column":null}},"line":40},"2":{"name":"(anonymous_2)","decl":{"start":{"line":51,"column":28},"end":{"line":51,"column":29}},"loc":{"start":{"line":51,"column":53},"end":{"line":51,"column":null}},"line":51}},"branchMap":{"0":{"loc":{"start":{"line":18,"column":12},"end":{"line":18,"column":null}},"type":"binary-expr","locations":[{"start":{"line":18,"column":12},"end":{"line":18,"column":22}},{"start":{"line":18,"column":22},"end":{"line":18,"column":null}}],"line":18},"1":{"loc":{"start":{"line":19,"column":12},"end":{"line":19,"column":null}},"type":"cond-expr","locations":[{"start":{"line":19,"column":29},"end":{"line":19,"column":45}},{"start":{"line":19,"column":45},"end":{"line":19,"column":null}}],"line":19},"2":{"loc":{"start":{"line":20,"column":15},"end":{"line":20,"column":null}},"type":"cond-expr","locations":[{"start":{"line":20,"column":33},"end":{"line":20,"column":69}},{"start":{"line":20,"column":69},"end":{"line":20,"column":null}}],"line":20},"3":{"loc":{"start":{"line":20,"column":33},"end":{"line":20,"column":69}},"type":"cond-expr","locations":[{"start":{"line":20,"column":51},"end":{"line":20,"column":60}},{"start":{"line":20,"column":60},"end":{"line":20,"column":69}}],"line":20},"4":{"loc":{"start":{"line":47,"column":14},"end":{"line":47,"column":null}},"type":"binary-expr","locations":[{"start":{"line":47,"column":14},"end":{"line":47,"column":28}},{"start":{"line":47,"column":28},"end":{"line":47,"column":null}}],"line":47},"5":{"loc":{"start":{"line":48,"column":19},"end":{"line":48,"column":null}},"type":"binary-expr","locations":[{"start":{"line":48,"column":19},"end":{"line":48,"column":39}},{"start":{"line":48,"column":39},"end":{"line":48,"column":null}}],"line":48}},"s":{"0":4,"1":4,"2":4,"3":4,"4":4,"5":4,"6":1,"7":0},"f":{"0":4,"1":1,"2":0},"b":{"0":[4,3],"1":[0,4],"2":[0,4],"3":[0,0],"4":[4,0],"5":[4,3]},"meta":{"lastBranch":6,"lastFunction":3,"lastStatement":8,"seen":{"f:10:24:10:37":0,"s:11:34:11:Infinity":0,"s:12:28:12:Infinity":1,"s:13:26:13:Infinity":2,"s:15:40:21:Infinity":3,"b:18:12:18:22:18:22:18:Infinity":0,"b:19:29:19:45:19:45:19:Infinity":1,"b:20:33:20:69:20:69:20:Infinity":2,"b:20:51:20:60:20:60:20:69":3,"s:23:26:23:Infinity":4,"s:25:2:56:Infinity":5,"f:40:24:40:25":1,"s:40:31:40:Infinity":6,"b:47:14:47:28:47:28:47:Infinity":4,"b:48:19:48:39:48:39:48:Infinity":5,"f:51:28:51:29":2,"s:51:53:51:Infinity":7}}}
,"/Users/macbookprom1/Well/admin-panel/src/pages/orders/columns.tsx": {"path":"/Users/macbookprom1/Well/admin-panel/src/pages/orders/columns.tsx","statementMap":{"0":{"start":{"line":9,"column":43},"end":{"line":108,"column":null}},"1":{"start":{"line":14,"column":6},"end":{"line":14,"column":null}},"2":{"start":{"line":21,"column":6},"end":{"line":24,"column":null}},"3":{"start":{"line":31,"column":8},"end":{"line":39,"column":null}},"4":{"start":{"line":34,"column":27},"end":{"line":34,"column":null}},"5":{"start":{"line":43,"column":6},"end":{"line":46,"column":null}},"6":{"start":{"line":54,"column":21},"end":{"line":54,"column":null}},"7":{"start":{"line":55,"column":92},"end":{"line":62,"column":null}},"8":{"start":{"line":64,"column":21},"end":{"line":71,"column":null}},"9":{"start":{"line":73,"column":6},"end":{"line":73,"column":null}},"10":{"start":{"line":79,"column":8},"end":{"line":87,"column":null}},"11":{"start":{"line":82,"column":27},"end":{"line":82,"column":null}},"12":{"start":{"line":91,"column":6},"end":{"line":91,"column":null}},"13":{"start":{"line":97,"column":6},"end":{"line":104,"column":null}}},"fnMap":{"0":{"name":"(anonymous_0)","decl":{"start":{"line":13,"column":10},"end":{"line":13,"column":11}},"loc":{"start":{"line":13,"column":23},"end":{"line":15,"column":null}},"line":13},"1":{"name":"(anonymous_1)","decl":{"start":{"line":20,"column":10},"end":{"line":20,"column":11}},"loc":{"start":{"line":20,"column":23},"end":{"line":26,"column":null}},"line":20},"2":{"name":"(anonymous_2)","decl":{"start":{"line":30,"column":12},"end":{"line":30,"column":13}},"loc":{"start":{"line":30,"column":28},"end":{"line":41,"column":null}},"line":30},"3":{"name":"(anonymous_3)","decl":{"start":{"line":34,"column":21},"end":{"line":34,"column":27}},"loc":{"start":{"line":34,"column":27},"end":{"line":34,"column":null}},"line":34},"4":{"name":"(anonymous_4)","decl":{"start":{"line":42,"column":10},"end":{"line":42,"column":11}},"loc":{"start":{"line":42,"column":23},"end":{"line":48,"column":null}},"line":42},"5":{"name":"(anonymous_5)","decl":{"start":{"line":53,"column":10},"end":{"line":53,"column":11}},"loc":{"start":{"line":53,"column":23},"end":{"line":74,"column":null}},"line":53},"6":{"name":"(anonymous_6)","decl":{"start":{"line":78,"column":12},"end":{"line":78,"column":13}},"loc":{"start":{"line":78,"column":28},"end":{"line":89,"column":null}},"line":78},"7":{"name":"(anonymous_7)","decl":{"start":{"line":82,"column":21},"end":{"line":82,"column":27}},"loc":{"start":{"line":82,"column":27},"end":{"line":82,"column":null}},"line":82},"8":{"name":"(anonymous_8)","decl":{"start":{"line":90,"column":10},"end":{"line":90,"column":11}},"loc":{"start":{"line":90,"column":23},"end":{"line":92,"column":null}},"line":90},"9":{"name":"(anonymous_9)","decl":{"start":{"line":96,"column":10},"end":{"line":96,"column":11}},"loc":{"start":{"line":96,"column":23},"end":{"line":106,"column":null}},"line":96}},"branchMap":{"0":{"loc":{"start":{"line":23,"column":11},"end":{"line":23,"column":null}},"type":"binary-expr","locations":[{"start":{"line":23,"column":11},"end":{"line":23,"column":47}},{"start":{"line":23,"column":47},"end":{"line":23,"column":null}}],"line":23},"1":{"loc":{"start":{"line":73,"column":31},"end":{"line":73,"column":54}},"type":"binary-expr","locations":[{"start":{"line":73,"column":31},"end":{"line":73,"column":49}},{"start":{"line":73,"column":49},"end":{"line":73,"column":54}}],"line":73}},"s":{"0":2,"1":1,"2":1,"3":1,"4":0,"5":1,"6":1,"7":1,"8":1,"9":1,"10":1,"11":0,"12":1,"13":1},"f":{"0":1,"1":1,"2":1,"3":0,"4":1,"5":1,"6":1,"7":0,"8":1,"9":1},"b":{"0":[1,0],"1":[1,0]},"meta":{"lastBranch":2,"lastFunction":10,"lastStatement":14,"seen":{"s:9:43:108:Infinity":0,"f:13:10:13:11":0,"s:14:6:14:Infinity":1,"f:20:10:20:11":1,"s:21:6:24:Infinity":2,"b:23:11:23:47:23:47:23:Infinity":0,"f:30:12:30:13":2,"s:31:8:39:Infinity":3,"f:34:21:34:27":3,"s:34:27:34:Infinity":4,"f:42:10:42:11":4,"s:43:6:46:Infinity":5,"f:53:10:53:11":5,"s:54:21:54:Infinity":6,"s:55:92:62:Infinity":7,"s:64:21:71:Infinity":8,"s:73:6:73:Infinity":9,"b:73:31:73:49:73:49:73:54":1,"f:78:12:78:13":6,"s:79:8:87:Infinity":10,"f:82:21:82:27":7,"s:82:27:82:Infinity":11,"f:90:10:90:11":8,"s:91:6:91:Infinity":12,"f:96:10:96:11":9,"s:97:6:104:Infinity":13}}}
,"/Users/macbookprom1/Well/admin-panel/src/pages/users/UsersPage.tsx": {"path":"/Users/macbookprom1/Well/admin-panel/src/pages/users/UsersPage.tsx","statementMap":{"0":{"start":{"line":12,"column":34},"end":{"line":12,"column":null}},"1":{"start":{"line":13,"column":28},"end":{"line":13,"column":null}},"2":{"start":{"line":14,"column":26},"end":{"line":14,"column":null}},"3":{"start":{"line":17,"column":40},"end":{"line":23,"column":null}},"4":{"start":{"line":25,"column":26},"end":{"line":25,"column":null}},"5":{"start":{"line":27,"column":2},"end":{"line":64,"column":null}},"6":{"start":{"line":47,"column":31},"end":{"line":47,"column":null}},"7":{"start":{"line":59,"column":53},"end":{"line":59,"column":null}}},"fnMap":{"0":{"name":"UsersPage","decl":{"start":{"line":11,"column":24},"end":{"line":11,"column":36}},"loc":{"start":{"line":11,"column":36},"end":{"line":66,"column":null}},"line":11},"1":{"name":"(anonymous_1)","decl":{"start":{"line":47,"column":24},"end":{"line":47,"column":25}},"loc":{"start":{"line":47,"column":31},"end":{"line":47,"column":null}},"line":47},"2":{"name":"(anonymous_2)","decl":{"start":{"line":59,"column":28},"end":{"line":59,"column":29}},"loc":{"start":{"line":59,"column":53},"end":{"line":59,"column":null}},"line":59}},"branchMap":{"0":{"loc":{"start":{"line":20,"column":12},"end":{"line":20,"column":null}},"type":"binary-expr","locations":[{"start":{"line":20,"column":12},"end":{"line":20,"column":22}},{"start":{"line":20,"column":22},"end":{"line":20,"column":null}}],"line":20},"1":{"loc":{"start":{"line":21,"column":12},"end":{"line":21,"column":null}},"type":"cond-expr","locations":[{"start":{"line":21,"column":29},"end":{"line":21,"column":45}},{"start":{"line":21,"column":45},"end":{"line":21,"column":null}}],"line":21},"2":{"loc":{"start":{"line":22,"column":15},"end":{"line":22,"column":null}},"type":"cond-expr","locations":[{"start":{"line":22,"column":33},"end":{"line":22,"column":69}},{"start":{"line":22,"column":69},"end":{"line":22,"column":null}}],"line":22},"3":{"loc":{"start":{"line":22,"column":33},"end":{"line":22,"column":69}},"type":"cond-expr","locations":[{"start":{"line":22,"column":51},"end":{"line":22,"column":60}},{"start":{"line":22,"column":60},"end":{"line":22,"column":69}}],"line":22},"4":{"loc":{"start":{"line":55,"column":14},"end":{"line":55,"column":null}},"type":"binary-expr","locations":[{"start":{"line":55,"column":14},"end":{"line":55,"column":28}},{"start":{"line":55,"column":28},"end":{"line":55,"column":null}}],"line":55},"5":{"loc":{"start":{"line":56,"column":19},"end":{"line":56,"column":null}},"type":"binary-expr","locations":[{"start":{"line":56,"column":19},"end":{"line":56,"column":39}},{"start":{"line":56,"column":39},"end":{"line":56,"column":null}}],"line":56}},"s":{"0":4,"1":4,"2":4,"3":4,"4":4,"5":4,"6":1,"7":0},"f":{"0":4,"1":1,"2":0},"b":{"0":[4,3],"1":[0,4],"2":[0,4],"3":[0,0],"4":[4,0],"5":[4,3]},"meta":{"lastBranch":6,"lastFunction":3,"lastStatement":8,"seen":{"f:11:24:11:36":0,"s:12:34:12:Infinity":0,"s:13:28:13:Infinity":1,"s:14:26:14:Infinity":2,"s:17:40:23:Infinity":3,"b:20:12:20:22:20:22:20:Infinity":0,"b:21:29:21:45:21:45:21:Infinity":1,"b:22:33:22:69:22:69:22:Infinity":2,"b:22:51:22:60:22:60:22:69":3,"s:25:26:25:Infinity":4,"s:27:2:64:Infinity":5,"f:47:24:47:25":1,"s:47:31:47:Infinity":6,"b:55:14:55:28:55:28:55:Infinity":4,"b:56:19:56:39:56:39:56:Infinity":5,"f:59:28:59:29":2,"s:59:53:59:Infinity":7}}}
,"/Users/macbookprom1/Well/admin-panel/src/pages/users/columns.tsx": {"path":"/Users/macbookprom1/Well/admin-panel/src/pages/users/columns.tsx","statementMap":{"0":{"start":{"line":19,"column":42},"end":{"line":92,"column":null}},"1":{"start":{"line":23,"column":6},"end":{"line":31,"column":null}},"2":{"start":{"line":26,"column":25},"end":{"line":26,"column":null}},"3":{"start":{"line":35,"column":19},"end":{"line":35,"column":null}},"4":{"start":{"line":36,"column":6},"end":{"line":49,"column":null}},"5":{"start":{"line":57,"column":6},"end":{"line":57,"column":null}},"6":{"start":{"line":63,"column":8},"end":{"line":71,"column":null}},"7":{"start":{"line":66,"column":27},"end":{"line":66,"column":null}},"8":{"start":{"line":75,"column":6},"end":{"line":75,"column":null}},"9":{"start":{"line":81,"column":19},"end":{"line":81,"column":null}},"10":{"start":{"line":83,"column":6},"end":{"line":88,"column":null}}},"fnMap":{"0":{"name":"(anonymous_0)","decl":{"start":{"line":22,"column":12},"end":{"line":22,"column":13}},"loc":{"start":{"line":22,"column":28},"end":{"line":33,"column":null}},"line":22},"1":{"name":"(anonymous_1)","decl":{"start":{"line":26,"column":19},"end":{"line":26,"column":25}},"loc":{"start":{"line":26,"column":25},"end":{"line":26,"column":null}},"line":26},"2":{"name":"(anonymous_2)","decl":{"start":{"line":34,"column":10},"end":{"line":34,"column":11}},"loc":{"start":{"line":34,"column":23},"end":{"line":51,"column":null}},"line":34},"3":{"name":"(anonymous_3)","decl":{"start":{"line":56,"column":10},"end":{"line":56,"column":11}},"loc":{"start":{"line":56,"column":23},"end":{"line":58,"column":null}},"line":56},"4":{"name":"(anonymous_4)","decl":{"start":{"line":62,"column":12},"end":{"line":62,"column":13}},"loc":{"start":{"line":62,"column":28},"end":{"line":73,"column":null}},"line":62},"5":{"name":"(anonymous_5)","decl":{"start":{"line":66,"column":21},"end":{"line":66,"column":27}},"loc":{"start":{"line":66,"column":27},"end":{"line":66,"column":null}},"line":66},"6":{"name":"(anonymous_6)","decl":{"start":{"line":74,"column":10},"end":{"line":74,"column":11}},"loc":{"start":{"line":74,"column":23},"end":{"line":76,"column":null}},"line":74},"7":{"name":"(anonymous_7)","decl":{"start":{"line":80,"column":10},"end":{"line":80,"column":11}},"loc":{"start":{"line":80,"column":23},"end":{"line":90,"column":null}},"line":80}},"branchMap":{"0":{"loc":{"start":{"line":39,"column":13},"end":{"line":42,"column":null}},"type":"cond-expr","locations":[{"start":{"line":40,"column":14},"end":{"line":40,"column":null}},{"start":{"line":42,"column":14},"end":{"line":42,"column":null}}],"line":39},"1":{"loc":{"start":{"line":42,"column":53},"end":{"line":42,"column":103}},"type":"binary-expr","locations":[{"start":{"line":42,"column":53},"end":{"line":42,"column":82}},{"start":{"line":42,"column":82},"end":{"line":42,"column":103}}],"line":42},"2":{"loc":{"start":{"line":46,"column":42},"end":{"line":46,"column":66}},"type":"binary-expr","locations":[{"start":{"line":46,"column":42},"end":{"line":46,"column":60}},{"start":{"line":46,"column":60},"end":{"line":46,"column":66}}],"line":46}},"s":{"0":2,"1":1,"2":0,"3":1,"4":1,"5":1,"6":1,"7":0,"8":1,"9":1,"10":1},"f":{"0":1,"1":0,"2":1,"3":1,"4":1,"5":0,"6":1,"7":1},"b":{"0":[1,0],"1":[0,0],"2":[1,0]},"meta":{"lastBranch":3,"lastFunction":8,"lastStatement":11,"seen":{"s:19:42:92:Infinity":0,"f:22:12:22:13":0,"s:23:6:31:Infinity":1,"f:26:19:26:25":1,"s:26:25:26:Infinity":2,"f:34:10:34:11":2,"s:35:19:35:Infinity":3,"s:36:6:49:Infinity":4,"b:40:14:40:Infinity:42:14:42:Infinity":0,"b:42:53:42:82:42:82:42:103":1,"b:46:42:46:60:46:60:46:66":2,"f:56:10:56:11":3,"s:57:6:57:Infinity":5,"f:62:12:62:13":4,"s:63:8:71:Infinity":6,"f:66:21:66:27":5,"s:66:27:66:Infinity":7,"f:74:10:74:11":6,"s:75:6:75:Infinity":8,"f:80:10:80:11":7,"s:81:19:81:Infinity":9,"s:83:6:88:Infinity":10}}}
,"/Users/macbookprom1/Well/admin-panel/src/stores/authStore.ts": {"path":"/Users/macbookprom1/Well/admin-panel/src/stores/authStore.ts","statementMap":{"0":{"start":{"line":15,"column":13},"end":{"line":69,"column":null}},"1":{"start":{"line":15,"column":61},"end":{"line":69,"column":2}},"2":{"start":{"line":22,"column":4},"end":{"line":22,"column":null}},"3":{"start":{"line":23,"column":4},"end":{"line":55,"column":null}},"4":{"start":{"line":25,"column":36},"end":{"line":25,"column":null}},"5":{"start":{"line":27,"column":6},"end":{"line":38,"column":null}},"6":{"start":{"line":28,"column":21},"end":{"line":28,"column":null}},"7":{"start":{"line":30,"column":26},"end":{"line":30,"column":null}},"8":{"start":{"line":35,"column":8},"end":{"line":35,"column":null}},"9":{"start":{"line":37,"column":8},"end":{"line":37,"column":null}},"10":{"start":{"line":41,"column":6},"end":{"line":49,"column":null}},"11":{"start":{"line":42,"column":8},"end":{"line":48,"column":null}},"12":{"start":{"line":43,"column":24},"end":{"line":43,"column":null}},"13":{"start":{"line":44,"column":29},"end":{"line":44,"column":null}},"14":{"start":{"line":45,"column":11},"end":{"line":45,"column":null}},"15":{"start":{"line":47,"column":11},"end":{"line":47,"column":null}},"16":{"start":{"line":52,"column":6},"end":{"line":52,"column":null}},"17":{"start":{"line":54,"column":6},"end":{"line":54,"column":null}},"18":{"start":{"line":66,"column":4},"end":{"line":66,"column":null}},"19":{"start":{"line":67,"column":4},"end":{"line":67,"column":null}}},"fnMap":{"0":{"name":"(anonymous_0)","decl":{"start":{"line":15,"column":46},"end":{"line":15,"column":47}},"loc":{"start":{"line":15,"column":61},"end":{"line":69,"column":2}},"line":15},"1":{"name":"(anonymous_1)","decl":{"start":{"line":21,"column":14},"end":{"line":21,"column":26}},"loc":{"start":{"line":21,"column":26},"end":{"line":56,"column":null}},"line":21},"2":{"name":"(anonymous_2)","decl":{"start":{"line":41,"column":38},"end":{"line":41,"column":39}},"loc":{"start":{"line":41,"column":59},"end":{"line":49,"column":7}},"line":41},"3":{"name":"(anonymous_3)","decl":{"start":{"line":58,"column":10},"end":{"line":58,"column":22}},"loc":{"start":{"line":58,"column":22},"end":{"line":63,"column":null}},"line":58},"4":{"name":"(anonymous_4)","decl":{"start":{"line":65,"column":11},"end":{"line":65,"column":23}},"loc":{"start":{"line":65,"column":23},"end":{"line":68,"column":null}},"line":65}},"branchMap":{"0":{"loc":{"start":{"line":27,"column":6},"end":{"line":38,"column":null}},"type":"if","locations":[{"start":{"line":27,"column":6},"end":{"line":38,"column":null}},{"start":{"line":36,"column":13},"end":{"line":38,"column":null}}],"line":27},"1":{"loc":{"start":{"line":30,"column":26},"end":{"line":30,"column":null}},"type":"binary-expr","locations":[{"start":{"line":30,"column":26},"end":{"line":30,"column":67}},{"start":{"line":30,"column":67},"end":{"line":30,"column":null}}],"line":30},"2":{"loc":{"start":{"line":42,"column":8},"end":{"line":48,"column":null}},"type":"if","locations":[{"start":{"line":42,"column":8},"end":{"line":48,"column":null}},{"start":{"line":46,"column":15},"end":{"line":48,"column":null}}],"line":42},"3":{"loc":{"start":{"line":44,"column":29},"end":{"line":44,"column":null}},"type":"binary-expr","locations":[{"start":{"line":44,"column":29},"end":{"line":44,"column":70}},{"start":{"line":44,"column":70},"end":{"line":44,"column":null}}],"line":44}},"s":{"0":1,"1":1,"2":6,"3":6,"4":6,"5":5,"6":2,"7":2,"8":2,"9":3,"10":5,"11":2,"12":1,"13":1,"14":1,"15":1,"16":1,"17":6,"18":1,"19":1},"f":{"0":1,"1":6,"2":2,"3":0,"4":1},"b":{"0":[2,3],"1":[2,1],"2":[1,1],"3":[1,0]},"meta":{"lastBranch":4,"lastFunction":5,"lastStatement":20,"seen":{"s:15:13:69:Infinity":0,"f:15:46:15:47":0,"s:15:61:69:2":1,"f:21:14:21:26":1,"s:22:4:22:Infinity":2,"s:23:4:55:Infinity":3,"s:25:36:25:Infinity":4,"b:27:6:38:Infinity:36:13:38:Infinity":0,"s:27:6:38:Infinity":5,"s:28:21:28:Infinity":6,"s:30:26:30:Infinity":7,"b:30:26:30:67:30:67:30:Infinity":1,"s:35:8:35:Infinity":8,"s:37:8:37:Infinity":9,"s:41:6:49:Infinity":10,"f:41:38:41:39":2,"b:42:8:48:Infinity:46:15:48:Infinity":2,"s:42:8:48:Infinity":11,"s:43:24:43:Infinity":12,"s:44:29:44:Infinity":13,"b:44:29:44:70:44:70:44:Infinity":3,"s:45:11:45:Infinity":14,"s:47:11:47:Infinity":15,"s:52:6:52:Infinity":16,"s:54:6:54:Infinity":17,"f:58:10:58:22":3,"f:65:11:65:23":4,"s:66:4:66:Infinity":18,"s:67:4:67:Infinity":19}}}
}
