{"/Users/macbookprom1/Well/src/store.ts": {"path":"/Users/macbookprom1/Well/src/store.ts","statementMap":{},"fnMap":{},"branchMap":{},"s":{},"f":{},"b":{},"meta":{"lastBranch":0,"lastFunction":0,"lastStatement":0,"seen":{}}}
,"/Users/macbookprom1/Well/src/types.ts": {"path":"/Users/macbookprom1/Well/src/types.ts","statementMap":{"0":{"start":{"line":3,"column":7},"end":{"line":3,"column":null}},"1":{"start":{"line":4,"column":2},"end":{"line":4,"column":15}},"2":{"start":{"line":5,"column":2},"end":{"line":5,"column":17}},"3":{"start":{"line":6,"column":2},"end":{"line":6,"column":19}},"4":{"start":{"line":7,"column":2},"end":{"line":7,"column":16}},"5":{"start":{"line":8,"column":2},"end":{"line":8,"column":18}},"6":{"start":{"line":9,"column":2},"end":{"line":9,"column":11}},"7":{"start":{"line":10,"column":2},"end":{"line":10,"column":16}},"8":{"start":{"line":11,"column":2},"end":{"line":11,"column":8}},"9":{"start":{"line":3,"column":12},"end":{"line":3,"column":null}},"10":{"start":{"line":14,"column":26},"end":{"line":23,"column":null}}},"fnMap":{"0":{"name":"(anonymous_0)","decl":{"start":{"line":3,"column":7},"end":{"line":3,"column":12}},"loc":{"start":{"line":3,"column":7},"end":{"line":3,"column":null}},"line":3}},"branchMap":{"0":{"loc":{"start":{"line":3,"column":12},"end":{"line":3,"column":null}},"type":"binary-expr","locations":[{"start":{"line":3,"column":12},"end":{"line":3,"column":null}},{"start":{"line":3,"column":12},"end":{"line":3,"column":null}}],"line":3}},"s":{"0":10,"1":10,"2":10,"3":10,"4":10,"5":10,"6":10,"7":10,"8":10,"9":10,"10":10},"f":{"0":10},"b":{"0":[10,10]},"meta":{"lastBranch":1,"lastFunction":1,"lastStatement":11,"seen":{"s:3:7:3:Infinity":0,"f:3:7:3:12":0,"s:4:2:4:15":1,"s:5:2:5:17":2,"s:6:2:6:19":3,"s:7:2:7:16":4,"s:8:2:8:18":5,"s:9:2:9:11":6,"s:10:2:10:16":7,"s:11:2:11:8":8,"s:3:12:3:Infinity":9,"b:3:12:3:Infinity:3:12:3:Infinity":0,"s:14:26:23:Infinity":10}}}
,"/Users/macbookprom1/Well/src/agents/index.ts": {"path":"/Users/macbookprom1/Well/src/agents/index.ts","statementMap":{},"fnMap":{},"branchMap":{},"s":{},"f":{},"b":{},"meta":{"lastBranch":0,"lastFunction":0,"lastStatement":0,"seen":{}}}
,"/Users/macbookprom1/Well/src/agents/registry.ts": {"path":"/Users/macbookprom1/Well/src/agents/registry.ts","statementMap":{"0":{"start":{"line":20,"column":2},"end":{"line":20,"column":null}},"1":{"start":{"line":24,"column":4},"end":{"line":24,"column":null}},"2":{"start":{"line":31,"column":4},"end":{"line":33,"column":null}},"3":{"start":{"line":32,"column":6},"end":{"line":32,"column":null}},"4":{"start":{"line":34,"column":4},"end":{"line":34,"column":null}},"5":{"start":{"line":41,"column":4},"end":{"line":41,"column":null}},"6":{"start":{"line":45,"column":4},"end":{"line":47,"column":null}},"7":{"start":{"line":46,"column":17},"end":{"line":46,"column":null}},"8":{"start":{"line":55,"column":4},"end":{"line":55,"column":null}},"9":{"start":{"line":56,"column":4},"end":{"line":56,"column":null}},"10":{"start":{"line":57,"column":4},"end":{"line":57,"column":null}},"11":{"start":{"line":58,"column":4},"end":{"line":58,"column":null}},"12":{"start":{"line":59,"column":4},"end":{"line":59,"column":null}},"13":{"start":{"line":60,"column":4},"end":{"line":60,"column":null}},"14":{"start":{"line":61,"column":4},"end":{"line":61,"column":null}},"15":{"start":{"line":62,"column":4},"end":{"line":62,"column":null}},"16":{"start":{"line":63,"column":4},"end":{"line":63,"column":null}},"17":{"start":{"line":64,"column":4},"end":{"line":64,"column":null}},"18":{"start":{"line":67,"column":4},"end":{"line":67,"column":null}},"19":{"start":{"line":75,"column":79},"end":{"line":109,"column":null}},"20":{"start":{"line":111,"column":4},"end":{"line":114,"column":null}},"21":{"start":{"line":112,"column":22},"end":{"line":112,"column":null}},"22":{"start":{"line":113,"column":6},"end":{"line":113,"column":null}},"23":{"start":{"line":121,"column":4},"end":{"line":121,"column":null}},"24":{"start":{"line":128,"column":4},"end":{"line":128,"column":null}},"25":{"start":{"line":135,"column":4},"end":{"line":137,"column":null}},"26":{"start":{"line":136,"column":17},"end":{"line":136,"column":null}},"27":{"start":{"line":144,"column":4},"end":{"line":144,"column":null}},"28":{"start":{"line":144,"column":55},"end":{"line":144,"column":72}},"29":{"start":{"line":151,"column":4},"end":{"line":151,"column":null}},"30":{"start":{"line":158,"column":4},"end":{"line":158,"column":null}},"31":{"start":{"line":165,"column":4},"end":{"line":165,"column":null}},"32":{"start":{"line":170,"column":29},"end":{"line":170,"column":null}}},"fnMap":{"0":{"name":"(anonymous_0)","decl":{"start":{"line":23,"column":10},"end":{"line":23,"column":24}},"loc":{"start":{"line":23,"column":24},"end":{"line":25,"column":null}},"line":23},"1":{"name":"(anonymous_1)","decl":{"start":{"line":30,"column":9},"end":{"line":30,"column":38}},"loc":{"start":{"line":30,"column":38},"end":{"line":35,"column":null}},"line":30},"2":{"name":"(anonymous_2)","decl":{"start":{"line":40,"column":2},"end":{"line":40,"column":24}},"loc":{"start":{"line":40,"column":24},"end":{"line":42,"column":null}},"line":40},"3":{"name":"(anonymous_3)","decl":{"start":{"line":44,"column":2},"end":{"line":44,"column":16}},"loc":{"start":{"line":44,"column":62},"end":{"line":48,"column":null}},"line":44},"4":{"name":"(anonymous_4)","decl":{"start":{"line":46,"column":6},"end":{"line":46,"column":7}},"loc":{"start":{"line":46,"column":17},"end":{"line":46,"column":null}},"line":46},"5":{"name":"(anonymous_5)","decl":{"start":{"line":53,"column":10},"end":{"line":53,"column":40}},"loc":{"start":{"line":53,"column":40},"end":{"line":68,"column":null}},"line":53},"6":{"name":"(anonymous_6)","decl":{"start":{"line":73,"column":10},"end":{"line":73,"column":42}},"loc":{"start":{"line":73,"column":42},"end":{"line":115,"column":null}},"line":73},"7":{"name":"(anonymous_7)","decl":{"start":{"line":111,"column":29},"end":{"line":111,"column":30}},"loc":{"start":{"line":111,"column":57},"end":{"line":114,"column":5}},"line":111},"8":{"name":"(anonymous_8)","decl":{"start":{"line":120,"column":2},"end":{"line":120,"column":11}},"loc":{"start":{"line":120,"column":35},"end":{"line":122,"column":null}},"line":120},"9":{"name":"(anonymous_9)","decl":{"start":{"line":127,"column":2},"end":{"line":127,"column":6}},"loc":{"start":{"line":127,"column":48},"end":{"line":129,"column":null}},"line":127},"10":{"name":"(anonymous_10)","decl":{"start":{"line":134,"column":2},"end":{"line":134,"column":19}},"loc":{"start":{"line":134,"column":51},"end":{"line":138,"column":null}},"line":134},"11":{"name":"(anonymous_11)","decl":{"start":{"line":136,"column":6},"end":{"line":136,"column":7}},"loc":{"start":{"line":136,"column":17},"end":{"line":136,"column":null}},"line":136},"12":{"name":"(anonymous_12)","decl":{"start":{"line":143,"column":2},"end":{"line":143,"column":31}},"loc":{"start":{"line":143,"column":31},"end":{"line":145,"column":null}},"line":143},"13":{"name":"(anonymous_13)","decl":{"start":{"line":144,"column":48},"end":{"line":144,"column":49}},"loc":{"start":{"line":144,"column":55},"end":{"line":144,"column":72}},"line":144},"14":{"name":"(anonymous_14)","decl":{"start":{"line":150,"column":2},"end":{"line":150,"column":18}},"loc":{"start":{"line":150,"column":18},"end":{"line":152,"column":null}},"line":150},"15":{"name":"(anonymous_15)","decl":{"start":{"line":157,"column":2},"end":{"line":157,"column":13}},"loc":{"start":{"line":157,"column":41},"end":{"line":159,"column":null}},"line":157},"16":{"name":"(anonymous_16)","decl":{"start":{"line":164,"column":2},"end":{"line":164,"column":16}},"loc":{"start":{"line":164,"column":16},"end":{"line":166,"column":null}},"line":164}},"branchMap":{"0":{"loc":{"start":{"line":31,"column":4},"end":{"line":33,"column":null}},"type":"if","locations":[{"start":{"line":31,"column":4},"end":{"line":33,"column":null}},{"start":{},"end":{}}],"line":31}},"s":{"0":4,"1":4,"2":4,"3":4,"4":4,"5":2,"6":0,"7":0,"8":4,"9":4,"10":4,"11":4,"12":4,"13":4,"14":4,"15":4,"16":4,"17":4,"18":4,"19":4,"20":4,"21":80,"22":80,"23":121,"24":142,"25":0,"26":0,"27":11,"28":330,"29":1,"30":0,"31":0,"32":4},"f":{"0":4,"1":4,"2":2,"3":0,"4":0,"5":4,"6":4,"7":80,"8":121,"9":142,"10":0,"11":0,"12":11,"13":330,"14":1,"15":0,"16":0},"b":{"0":[4,0]},"meta":{"lastBranch":1,"lastFunction":17,"lastStatement":33,"seen":{"f:23:10:23:24":0,"s:20:2:20:Infinity":0,"s:24:4:24:Infinity":1,"f:30:9:30:38":1,"b:31:4:33:Infinity:undefined:undefined:undefined:undefined":0,"s:31:4:33:Infinity":2,"s:32:6:32:Infinity":3,"s:34:4:34:Infinity":4,"f:40:2:40:24":2,"s:41:4:41:Infinity":5,"f:44:2:44:16":3,"s:45:4:47:Infinity":6,"f:46:6:46:7":4,"s:46:17:46:Infinity":7,"f:53:10:53:40":5,"s:55:4:55:Infinity":8,"s:56:4:56:Infinity":9,"s:57:4:57:Infinity":10,"s:58:4:58:Infinity":11,"s:59:4:59:Infinity":12,"s:60:4:60:Infinity":13,"s:61:4:61:Infinity":14,"s:62:4:62:Infinity":15,"s:63:4:63:Infinity":16,"s:64:4:64:Infinity":17,"s:67:4:67:Infinity":18,"f:73:10:73:42":6,"s:75:79:109:Infinity":19,"s:111:4:114:Infinity":20,"f:111:29:111:30":7,"s:112:22:112:Infinity":21,"s:113:6:113:Infinity":22,"f:120:2:120:11":8,"s:121:4:121:Infinity":23,"f:127:2:127:6":9,"s:128:4:128:Infinity":24,"f:134:2:134:19":10,"s:135:4:137:Infinity":25,"f:136:6:136:7":11,"s:136:17:136:Infinity":26,"f:143:2:143:31":12,"s:144:4:144:Infinity":27,"f:144:48:144:49":13,"s:144:55:144:72":28,"f:150:2:150:18":14,"s:151:4:151:Infinity":29,"f:157:2:157:13":15,"s:158:4:158:Infinity":30,"f:164:2:164:16":16,"s:165:4:165:Infinity":31,"s:170:29:170:Infinity":32}}}
,"/Users/macbookprom1/Well/src/agents/claudekit/ClaudeKitAdapter.ts": {"path":"/Users/macbookprom1/Well/src/agents/claudekit/ClaudeKitAdapter.ts","statementMap":{"0":{"start":{"line":10,"column":40},"end":{"line":36,"column":null}},"1":{"start":{"line":38,"column":4},"end":{"line":38,"column":null}},"2":{"start":{"line":47,"column":23},"end":{"line":47,"column":null}},"3":{"start":{"line":48,"column":4},"end":{"line":50,"column":null}},"4":{"start":{"line":49,"column":6},"end":{"line":49,"column":null}},"5":{"start":{"line":54,"column":19},"end":{"line":58,"column":null}},"6":{"start":{"line":60,"column":4},"end":{"line":60,"column":null}},"7":{"start":{"line":62,"column":4},"end":{"line":62,"column":null}}},"fnMap":{"0":{"name":"(anonymous_0)","decl":{"start":{"line":9,"column":2},"end":{"line":9,"column":14}},"loc":{"start":{"line":9,"column":66},"end":{"line":39,"column":null}},"line":9},"1":{"name":"(anonymous_1)","decl":{"start":{"line":45,"column":8},"end":{"line":45,"column":16}},"loc":{"start":{"line":45,"column":82},"end":{"line":63,"column":null}},"line":45}},"branchMap":{"0":{"loc":{"start":{"line":48,"column":4},"end":{"line":50,"column":null}},"type":"if","locations":[{"start":{"line":48,"column":4},"end":{"line":50,"column":null}},{"start":{},"end":{}}],"line":48}},"s":{"0":80,"1":80,"2":0,"3":0,"4":0,"5":0,"6":0,"7":0},"f":{"0":80,"1":0},"b":{"0":[0,0]},"meta":{"lastBranch":1,"lastFunction":2,"lastStatement":8,"seen":{"f:9:2:9:14":0,"s:10:40:36:Infinity":0,"s:38:4:38:Infinity":1,"f:45:8:45:16":1,"s:47:23:47:Infinity":2,"b:48:4:50:Infinity:undefined:undefined:undefined:undefined":0,"s:48:4:50:Infinity":3,"s:49:6:49:Infinity":4,"s:54:19:58:Infinity":5,"s:60:4:60:Infinity":6,"s:62:4:62:Infinity":7}}}
,"/Users/macbookprom1/Well/src/agents/core/BaseAgent.ts": {"path":"/Users/macbookprom1/Well/src/agents/core/BaseAgent.ts","statementMap":{"0":{"start":{"line":17,"column":2},"end":{"line":17,"column":null}},"1":{"start":{"line":20,"column":4},"end":{"line":20,"column":null}},"2":{"start":{"line":34,"column":4},"end":{"line":40,"column":null}},"3":{"start":{"line":35,"column":6},"end":{"line":39,"column":null}},"4":{"start":{"line":38,"column":8},"end":{"line":38,"column":null}},"5":{"start":{"line":41,"column":4},"end":{"line":41,"column":null}},"6":{"start":{"line":48,"column":31},"end":{"line":56,"column":null}},"7":{"start":{"line":57,"column":4},"end":{"line":57,"column":null}},"8":{"start":{"line":65,"column":16},"end":{"line":65,"column":null}},"9":{"start":{"line":65,"column":55},"end":{"line":65,"column":70}},"10":{"start":{"line":66,"column":4},"end":{"line":69,"column":null}},"11":{"start":{"line":67,"column":6},"end":{"line":67,"column":null}},"12":{"start":{"line":68,"column":6},"end":{"line":68,"column":null}},"13":{"start":{"line":76,"column":4},"end":{"line":76,"column":null}},"14":{"start":{"line":83,"column":4},"end":{"line":83,"column":null}},"15":{"start":{"line":90,"column":4},"end":{"line":90,"column":null}},"16":{"start":{"line":97,"column":4},"end":{"line":97,"column":null}},"17":{"start":{"line":112,"column":4},"end":{"line":133,"column":null}},"18":{"start":{"line":113,"column":6},"end":{"line":122,"column":null}},"19":{"start":{"line":118,"column":10},"end":{"line":120,"column":null}},"20":{"start":{"line":124,"column":6},"end":{"line":127,"column":null}},"21":{"start":{"line":128,"column":6},"end":{"line":128,"column":null}},"22":{"start":{"line":128,"column":28},"end":{"line":128,"column":null}},"23":{"start":{"line":129,"column":6},"end":{"line":132,"column":null}}},"fnMap":{"0":{"name":"(anonymous_0)","decl":{"start":{"line":19,"column":2},"end":{"line":19,"column":14}},"loc":{"start":{"line":19,"column":43},"end":{"line":21,"column":null}},"line":19},"1":{"name":"(anonymous_1)","decl":{"start":{"line":33,"column":18},"end":{"line":33,"column":32}},"loc":{"start":{"line":33,"column":101},"end":{"line":42,"column":null}},"line":33},"2":{"name":"(anonymous_2)","decl":{"start":{"line":47,"column":12},"end":{"line":47,"column":16}},"loc":{"start":{"line":47,"column":93},"end":{"line":58,"column":null}},"line":47},"3":{"name":"(anonymous_3)","decl":{"start":{"line":64,"column":12},"end":{"line":64,"column":22}},"loc":{"start":{"line":64,"column":57},"end":{"line":70,"column":null}},"line":64},"4":{"name":"(anonymous_4)","decl":{"start":{"line":65,"column":50},"end":{"line":65,"column":55}},"loc":{"start":{"line":65,"column":55},"end":{"line":65,"column":70}},"line":65},"5":{"name":"(anonymous_5)","decl":{"start":{"line":75,"column":2},"end":{"line":75,"column":24}},"loc":{"start":{"line":75,"column":24},"end":{"line":77,"column":null}},"line":75},"6":{"name":"(anonymous_6)","decl":{"start":{"line":82,"column":2},"end":{"line":82,"column":24}},"loc":{"start":{"line":82,"column":24},"end":{"line":84,"column":null}},"line":82},"7":{"name":"(anonymous_7)","decl":{"start":{"line":89,"column":2},"end":{"line":89,"column":35}},"loc":{"start":{"line":89,"column":35},"end":{"line":91,"column":null}},"line":89},"8":{"name":"(anonymous_8)","decl":{"start":{"line":96,"column":2},"end":{"line":96,"column":20}},"loc":{"start":{"line":96,"column":20},"end":{"line":98,"column":null}},"line":96},"9":{"name":"(anonymous_9)","decl":{"start":{"line":104,"column":18},"end":{"line":104,"column":null}},"loc":{"start":{"line":111,"column":16},"end":{"line":134,"column":null}},"line":111},"10":{"name":"(anonymous_10)","decl":{"start":{"line":117,"column":17},"end":{"line":117,"column":18}},"loc":{"start":{"line":117,"column":37},"end":{"line":121,"column":null}},"line":117}},"branchMap":{"0":{"loc":{"start":{"line":35,"column":6},"end":{"line":39,"column":null}},"type":"if","locations":[{"start":{"line":35,"column":6},"end":{"line":39,"column":null}},{"start":{},"end":{}}],"line":35},"1":{"loc":{"start":{"line":53,"column":15},"end":{"line":53,"column":null}},"type":"cond-expr","locations":[{"start":{"line":53,"column":63},"end":{"line":53,"column":72}},{"start":{"line":53,"column":72},"end":{"line":53,"column":null}}],"line":53},"2":{"loc":{"start":{"line":53,"column":15},"end":{"line":53,"column":63}},"type":"binary-expr","locations":[{"start":{"line":53,"column":15},"end":{"line":53,"column":45}},{"start":{"line":53,"column":45},"end":{"line":53,"column":63}}],"line":53},"3":{"loc":{"start":{"line":54,"column":16},"end":{"line":54,"column":null}},"type":"cond-expr","locations":[{"start":{"line":54,"column":66},"end":{"line":54,"column":76}},{"start":{"line":54,"column":76},"end":{"line":54,"column":null}}],"line":54},"4":{"loc":{"start":{"line":54,"column":16},"end":{"line":54,"column":66}},"type":"binary-expr","locations":[{"start":{"line":54,"column":16},"end":{"line":54,"column":47}},{"start":{"line":54,"column":47},"end":{"line":54,"column":66}}],"line":54},"5":{"loc":{"start":{"line":66,"column":4},"end":{"line":69,"column":null}},"type":"if","locations":[{"start":{"line":66,"column":4},"end":{"line":69,"column":null}},{"start":{},"end":{}}],"line":66},"6":{"loc":{"start":{"line":114,"column":21},"end":{"line":114,"column":null}},"type":"binary-expr","locations":[{"start":{"line":114,"column":21},"end":{"line":114,"column":44}},{"start":{"line":114,"column":44},"end":{"line":114,"column":null}}],"line":114},"7":{"loc":{"start":{"line":128,"column":6},"end":{"line":128,"column":null}},"type":"if","locations":[{"start":{"line":128,"column":6},"end":{"line":128,"column":null}},{"start":{},"end":{}}],"line":128}},"s":{"0":149,"1":149,"2":61,"3":122,"4":61,"5":61,"6":61,"7":61,"8":43,"9":43,"10":43,"11":43,"12":43,"13":33,"14":101,"15":517,"16":0,"17":0,"18":0,"19":0,"20":0,"21":0,"22":0,"23":0},"f":{"0":149,"1":61,"2":61,"3":43,"4":43,"5":33,"6":101,"7":517,"8":0,"9":0,"10":0},"b":{"0":[61,61],"1":[61,0],"2":[61,61],"3":[61,0],"4":[61,61],"5":[43,0],"6":[0,0],"7":[0,0]},"meta":{"lastBranch":8,"lastFunction":11,"lastStatement":24,"seen":{"f:19:2:19:14":0,"s:17:2:17:Infinity":0,"s:20:4:20:Infinity":1,"f:33:18:33:32":1,"s:34:4:40:Infinity":2,"b:35:6:39:Infinity:undefined:undefined:undefined:undefined":0,"s:35:6:39:Infinity":3,"s:38:8:38:Infinity":4,"s:41:4:41:Infinity":5,"f:47:12:47:16":2,"s:48:31:56:Infinity":6,"b:53:63:53:72:53:72:53:Infinity":1,"b:53:15:53:45:53:45:53:63":2,"b:54:66:54:76:54:76:54:Infinity":3,"b:54:16:54:47:54:47:54:66":4,"s:57:4:57:Infinity":7,"f:64:12:64:22":3,"s:65:16:65:Infinity":8,"f:65:50:65:55":4,"s:65:55:65:70":9,"b:66:4:69:Infinity:undefined:undefined:undefined:undefined":5,"s:66:4:69:Infinity":10,"s:67:6:67:Infinity":11,"s:68:6:68:Infinity":12,"f:75:2:75:24":5,"s:76:4:76:Infinity":13,"f:82:2:82:24":6,"s:83:4:83:Infinity":14,"f:89:2:89:35":7,"s:90:4:90:Infinity":15,"f:96:2:96:20":8,"s:97:4:97:Infinity":16,"f:104:18:104:Infinity":9,"s:112:4:133:Infinity":17,"s:113:6:122:Infinity":18,"b:114:21:114:44:114:44:114:Infinity":6,"f:117:17:117:18":10,"s:118:10:120:Infinity":19,"s:124:6:127:Infinity":20,"b:128:6:128:Infinity:undefined:undefined:undefined:undefined":7,"s:128:6:128:Infinity":21,"s:128:28:128:Infinity":22,"s:129:6:132:Infinity":23}}}
,"/Users/macbookprom1/Well/src/agents/custom/AgencyOSAgent.ts": {"path":"/Users/macbookprom1/Well/src/agents/custom/AgencyOSAgent.ts","statementMap":{"0":{"start":{"line":44,"column":44},"end":{"line":97,"column":null}},"1":{"start":{"line":99,"column":8},"end":{"line":99,"column":null}},"2":{"start":{"line":41,"column":4},"end":{"line":41,"column":null}},"3":{"start":{"line":111,"column":55},"end":{"line":111,"column":null}},"4":{"start":{"line":113,"column":27},"end":{"line":113,"column":null}},"5":{"start":{"line":114,"column":8},"end":{"line":120,"column":null}},"6":{"start":{"line":115,"column":12},"end":{"line":119,"column":null}},"7":{"start":{"line":122,"column":8},"end":{"line":186,"column":null}},"8":{"start":{"line":123,"column":12},"end":{"line":176,"column":null}},"9":{"start":{"line":125,"column":20},"end":{"line":125,"column":null}},"10":{"start":{"line":125,"column":34},"end":{"line":125,"column":null}},"11":{"start":{"line":126,"column":35},"end":{"line":126,"column":null}},"12":{"start":{"line":127,"column":20},"end":{"line":127,"column":null}},"13":{"start":{"line":129,"column":20},"end":{"line":132,"column":null}},"14":{"start":{"line":130,"column":40},"end":{"line":130,"column":null}},"15":{"start":{"line":130,"column":79},"end":{"line":130,"column":109}},"16":{"start":{"line":131,"column":24},"end":{"line":131,"column":null}},"17":{"start":{"line":133,"column":20},"end":{"line":133,"column":null}},"18":{"start":{"line":137,"column":35},"end":{"line":137,"column":null}},"19":{"start":{"line":138,"column":20},"end":{"line":138,"column":null}},"20":{"start":{"line":139,"column":20},"end":{"line":139,"column":null}},"21":{"start":{"line":143,"column":20},"end":{"line":143,"column":null}},"22":{"start":{"line":143,"column":34},"end":{"line":143,"column":null}},"23":{"start":{"line":144,"column":35},"end":{"line":144,"column":null}},"24":{"start":{"line":145,"column":20},"end":{"line":145,"column":null}},"25":{"start":{"line":145,"column":33},"end":{"line":145,"column":null}},"26":{"start":{"line":147,"column":59},"end":{"line":153,"column":null}},"27":{"start":{"line":154,"column":20},"end":{"line":154,"column":null}},"28":{"start":{"line":155,"column":20},"end":{"line":155,"column":null}},"29":{"start":{"line":159,"column":20},"end":{"line":159,"column":null}},"30":{"start":{"line":159,"column":34},"end":{"line":159,"column":null}},"31":{"start":{"line":160,"column":36},"end":{"line":160,"column":null}},"32":{"start":{"line":162,"column":59},"end":{"line":167,"column":null}},"33":{"start":{"line":168,"column":20},"end":{"line":168,"column":null}},"34":{"start":{"line":169,"column":20},"end":{"line":169,"column":null}},"35":{"start":{"line":173,"column":52},"end":{"line":173,"column":null}},"36":{"start":{"line":174,"column":20},"end":{"line":174,"column":null}},"37":{"start":{"line":178,"column":29},"end":{"line":178,"column":null}},"38":{"start":{"line":179,"column":56},"end":{"line":183,"column":null}},"39":{"start":{"line":184,"column":12},"end":{"line":184,"column":null}},"40":{"start":{"line":185,"column":12},"end":{"line":185,"column":null}},"41":{"start":{"line":196,"column":34},"end":{"line":196,"column":null}},"42":{"start":{"line":198,"column":28},"end":{"line":198,"column":null}},"43":{"start":{"line":199,"column":8},"end":{"line":206,"column":null}},"44":{"start":{"line":200,"column":12},"end":{"line":205,"column":null}},"45":{"start":{"line":208,"column":14},"end":{"line":208,"column":null}},"46":{"start":{"line":209,"column":47},"end":{"line":217,"column":null}},"47":{"start":{"line":219,"column":8},"end":{"line":223,"column":null}},"48":{"start":{"line":225,"column":8},"end":{"line":225,"column":null}},"49":{"start":{"line":235,"column":8},"end":{"line":240,"column":null}},"50":{"start":{"line":236,"column":12},"end":{"line":239,"column":null}},"51":{"start":{"line":242,"column":8},"end":{"line":245,"column":null}},"52":{"start":{"line":252,"column":8},"end":{"line":252,"column":null}}},"fnMap":{"0":{"name":"(anonymous_0)","decl":{"start":{"line":43,"column":4},"end":{"line":43,"column":18}},"loc":{"start":{"line":43,"column":18},"end":{"line":100,"column":null}},"line":43},"1":{"name":"(anonymous_1)","decl":{"start":{"line":105,"column":10},"end":{"line":105,"column":18}},"loc":{"start":{"line":110,"column":115},"end":{"line":187,"column":null}},"line":110},"2":{"name":"(anonymous_2)","decl":{"start":{"line":130,"column":74},"end":{"line":130,"column":79}},"loc":{"start":{"line":130,"column":79},"end":{"line":130,"column":109}},"line":130},"3":{"name":"(anonymous_3)","decl":{"start":{"line":192,"column":18},"end":{"line":192,"column":null}},"loc":{"start":{"line":195,"column":39},"end":{"line":226,"column":null}},"line":195},"4":{"name":"(anonymous_4)","decl":{"start":{"line":231,"column":12},"end":{"line":231,"column":25}},"loc":{"start":{"line":234,"column":6},"end":{"line":246,"column":null}},"line":234},"5":{"name":"(anonymous_5)","decl":{"start":{"line":251,"column":4},"end":{"line":251,"column":47}},"loc":{"start":{"line":251,"column":47},"end":{"line":253,"column":null}},"line":251}},"branchMap":{"0":{"loc":{"start":{"line":114,"column":8},"end":{"line":120,"column":null}},"type":"if","locations":[{"start":{"line":114,"column":8},"end":{"line":120,"column":null}},{"start":{},"end":{}}],"line":114},"1":{"loc":{"start":{"line":117,"column":25},"end":{"line":117,"column":null}},"type":"binary-expr","locations":[{"start":{"line":117,"column":25},"end":{"line":117,"column":36}},{"start":{"line":117,"column":36},"end":{"line":117,"column":null}}],"line":117},"2":{"loc":{"start":{"line":123,"column":12},"end":{"line":176,"column":null}},"type":"switch","locations":[{"start":{"line":124,"column":16},"end":{"line":134,"column":null}},{"start":{"line":136,"column":16},"end":{"line":140,"column":null}},{"start":{"line":142,"column":16},"end":{"line":156,"column":null}},{"start":{"line":158,"column":16},"end":{"line":170,"column":null}},{"start":{"line":172,"column":16},"end":{"line":175,"column":null}}],"line":123},"3":{"loc":{"start":{"line":125,"column":20},"end":{"line":125,"column":null}},"type":"if","locations":[{"start":{"line":125,"column":20},"end":{"line":125,"column":null}},{"start":{},"end":{}}],"line":125},"4":{"loc":{"start":{"line":129,"column":20},"end":{"line":132,"column":null}},"type":"if","locations":[{"start":{"line":129,"column":20},"end":{"line":132,"column":null}},{"start":{},"end":{}}],"line":129},"5":{"loc":{"start":{"line":130,"column":40},"end":{"line":130,"column":null}},"type":"binary-expr","locations":[{"start":{"line":130,"column":40},"end":{"line":130,"column":123}},{"start":{"line":130,"column":123},"end":{"line":130,"column":null}}],"line":130},"6":{"loc":{"start":{"line":143,"column":20},"end":{"line":143,"column":null}},"type":"if","locations":[{"start":{"line":143,"column":20},"end":{"line":143,"column":null}},{"start":{},"end":{}}],"line":143},"7":{"loc":{"start":{"line":145,"column":20},"end":{"line":145,"column":null}},"type":"if","locations":[{"start":{"line":145,"column":20},"end":{"line":145,"column":null}},{"start":{},"end":{}}],"line":145},"8":{"loc":{"start":{"line":159,"column":20},"end":{"line":159,"column":null}},"type":"if","locations":[{"start":{"line":159,"column":20},"end":{"line":159,"column":null}},{"start":{},"end":{}}],"line":159},"9":{"loc":{"start":{"line":178,"column":29},"end":{"line":178,"column":null}},"type":"cond-expr","locations":[{"start":{"line":178,"column":54},"end":{"line":178,"column":70}},{"start":{"line":178,"column":70},"end":{"line":178,"column":null}}],"line":178},"10":{"loc":{"start":{"line":181,"column":25},"end":{"line":181,"column":null}},"type":"binary-expr","locations":[{"start":{"line":181,"column":25},"end":{"line":181,"column":36}},{"start":{"line":181,"column":36},"end":{"line":181,"column":null}}],"line":181},"11":{"loc":{"start":{"line":196,"column":34},"end":{"line":196,"column":null}},"type":"cond-expr","locations":[{"start":{"line":196,"column":60},"end":{"line":196,"column":70}},{"start":{"line":196,"column":70},"end":{"line":196,"column":null}}],"line":196},"12":{"loc":{"start":{"line":199,"column":8},"end":{"line":206,"column":null}},"type":"if","locations":[{"start":{"line":199,"column":8},"end":{"line":206,"column":null}},{"start":{},"end":{}}],"line":199},"13":{"loc":{"start":{"line":235,"column":8},"end":{"line":240,"column":null}},"type":"if","locations":[{"start":{"line":235,"column":8},"end":{"line":240,"column":null}},{"start":{},"end":{}}],"line":235},"14":{"loc":{"start":{"line":235,"column":12},"end":{"line":235,"column":53}},"type":"binary-expr","locations":[{"start":{"line":235,"column":12},"end":{"line":235,"column":24}},{"start":{"line":235,"column":24},"end":{"line":235,"column":53}}],"line":235}},"s":{"0":19,"1":19,"2":19,"3":61,"4":61,"5":61,"6":0,"7":61,"8":61,"9":44,"10":0,"11":44,"12":44,"13":44,"14":39,"15":39,"16":39,"17":44,"18":6,"19":6,"20":6,"21":5,"22":0,"23":5,"24":5,"25":1,"26":4,"27":4,"28":4,"29":5,"30":0,"31":5,"32":5,"33":5,"34":5,"35":1,"36":1,"37":2,"38":2,"39":2,"40":2,"41":44,"42":44,"43":44,"44":5,"45":39,"46":39,"47":39,"48":39,"49":6,"50":2,"51":4,"52":7},"f":{"0":19,"1":61,"2":39,"3":44,"4":6,"5":7},"b":{"0":[0,61],"1":[0,0],"2":[44,6,5,5,1],"3":[0,44],"4":[39,5],"5":[39,5],"6":[0,5],"7":[1,4],"8":[0,5],"9":[2,0],"10":[2,1],"11":[44,0],"12":[5,39],"13":[2,4],"14":[6,2]},"meta":{"lastBranch":15,"lastFunction":6,"lastStatement":53,"seen":{"f:43:4:43:18":0,"s:44:44:97:Infinity":0,"s:99:8:99:Infinity":1,"s:41:4:41:Infinity":2,"f:105:10:105:18":1,"s:111:55:111:Infinity":3,"s:113:27:113:Infinity":4,"b:114:8:120:Infinity:undefined:undefined:undefined:undefined":0,"s:114:8:120:Infinity":5,"s:115:12:119:Infinity":6,"b:117:25:117:36:117:36:117:Infinity":1,"s:122:8:186:Infinity":7,"b:124:16:134:Infinity:136:16:140:Infinity:142:16:156:Infinity:158:16:170:Infinity:172:16:175:Infinity":2,"s:123:12:176:Infinity":8,"b:125:20:125:Infinity:undefined:undefined:undefined:undefined":3,"s:125:20:125:Infinity":9,"s:125:34:125:Infinity":10,"s:126:35:126:Infinity":11,"s:127:20:127:Infinity":12,"b:129:20:132:Infinity:undefined:undefined:undefined:undefined":4,"s:129:20:132:Infinity":13,"s:130:40:130:Infinity":14,"b:130:40:130:123:130:123:130:Infinity":5,"f:130:74:130:79":2,"s:130:79:130:109":15,"s:131:24:131:Infinity":16,"s:133:20:133:Infinity":17,"s:137:35:137:Infinity":18,"s:138:20:138:Infinity":19,"s:139:20:139:Infinity":20,"b:143:20:143:Infinity:undefined:undefined:undefined:undefined":6,"s:143:20:143:Infinity":21,"s:143:34:143:Infinity":22,"s:144:35:144:Infinity":23,"b:145:20:145:Infinity:undefined:undefined:undefined:undefined":7,"s:145:20:145:Infinity":24,"s:145:33:145:Infinity":25,"s:147:59:153:Infinity":26,"s:154:20:154:Infinity":27,"s:155:20:155:Infinity":28,"b:159:20:159:Infinity:undefined:undefined:undefined:undefined":8,"s:159:20:159:Infinity":29,"s:159:34:159:Infinity":30,"s:160:36:160:Infinity":31,"s:162:59:167:Infinity":32,"s:168:20:168:Infinity":33,"s:169:20:169:Infinity":34,"s:173:52:173:Infinity":35,"s:174:20:174:Infinity":36,"s:178:29:178:Infinity":37,"b:178:54:178:70:178:70:178:Infinity":9,"s:179:56:183:Infinity":38,"b:181:25:181:36:181:36:181:Infinity":10,"s:184:12:184:Infinity":39,"s:185:12:185:Infinity":40,"f:192:18:192:Infinity":3,"s:196:34:196:Infinity":41,"b:196:60:196:70:196:70:196:Infinity":11,"s:198:28:198:Infinity":42,"b:199:8:206:Infinity:undefined:undefined:undefined:undefined":12,"s:199:8:206:Infinity":43,"s:200:12:205:Infinity":44,"s:208:14:208:Infinity":45,"s:209:47:217:Infinity":46,"s:219:8:223:Infinity":47,"s:225:8:225:Infinity":48,"f:231:12:231:25":4,"b:235:8:240:Infinity:undefined:undefined:undefined:undefined":13,"s:235:8:240:Infinity":49,"b:235:12:235:24:235:24:235:53":14,"s:236:12:239:Infinity":50,"s:242:8:245:Infinity":51,"f:251:4:251:47":5,"s:252:8:252:Infinity":52}}}
,"/Users/macbookprom1/Well/src/agents/custom/CodeReviewerAgent.ts": {"path":"/Users/macbookprom1/Well/src/agents/custom/CodeReviewerAgent.ts","statementMap":{"0":{"start":{"line":28,"column":8},"end":{"line":84,"column":null}},"1":{"start":{"line":24,"column":4},"end":{"line":24,"column":null}},"2":{"start":{"line":25,"column":4},"end":{"line":25,"column":null}},"3":{"start":{"line":88,"column":8},"end":{"line":127,"column":null}},"4":{"start":{"line":91,"column":12},"end":{"line":119,"column":null}},"5":{"start":{"line":93,"column":20},"end":{"line":97,"column":null}},"6":{"start":{"line":98,"column":20},"end":{"line":98,"column":null}},"7":{"start":{"line":99,"column":20},"end":{"line":99,"column":null}},"8":{"start":{"line":100,"column":20},"end":{"line":100,"column":null}},"9":{"start":{"line":103,"column":20},"end":{"line":103,"column":null}},"10":{"start":{"line":104,"column":20},"end":{"line":104,"column":null}},"11":{"start":{"line":107,"column":20},"end":{"line":107,"column":null}},"12":{"start":{"line":108,"column":20},"end":{"line":108,"column":null}},"13":{"start":{"line":111,"column":20},"end":{"line":111,"column":null}},"14":{"start":{"line":112,"column":20},"end":{"line":112,"column":null}},"15":{"start":{"line":116,"column":52},"end":{"line":116,"column":null}},"16":{"start":{"line":117,"column":20},"end":{"line":117,"column":null}},"17":{"start":{"line":121,"column":12},"end":{"line":121,"column":null}},"18":{"start":{"line":123,"column":12},"end":{"line":126,"column":null}},"19":{"start":{"line":138,"column":38},"end":{"line":138,"column":null}},"20":{"start":{"line":141,"column":8},"end":{"line":144,"column":null}},"21":{"start":{"line":142,"column":36},"end":{"line":142,"column":null}},"22":{"start":{"line":143,"column":12},"end":{"line":143,"column":null}},"23":{"start":{"line":147,"column":8},"end":{"line":147,"column":null}},"24":{"start":{"line":148,"column":8},"end":{"line":148,"column":null}},"25":{"start":{"line":151,"column":8},"end":{"line":153,"column":null}},"26":{"start":{"line":152,"column":12},"end":{"line":152,"column":null}},"27":{"start":{"line":156,"column":8},"end":{"line":156,"column":null}},"28":{"start":{"line":157,"column":8},"end":{"line":157,"column":null}},"29":{"start":{"line":159,"column":24},"end":{"line":159,"column":null}},"30":{"start":{"line":161,"column":8},"end":{"line":168,"column":null}},"31":{"start":{"line":172,"column":71},"end":{"line":172,"column":null}},"32":{"start":{"line":173,"column":8},"end":{"line":180,"column":null}},"33":{"start":{"line":174,"column":12},"end":{"line":176,"column":null}},"34":{"start":{"line":175,"column":16},"end":{"line":175,"column":null}},"35":{"start":{"line":177,"column":12},"end":{"line":179,"column":null}},"36":{"start":{"line":178,"column":16},"end":{"line":178,"column":null}},"37":{"start":{"line":181,"column":8},"end":{"line":181,"column":null}},"38":{"start":{"line":185,"column":8},"end":{"line":189,"column":null}},"39":{"start":{"line":193,"column":8},"end":{"line":202,"column":null}}},"fnMap":{"0":{"name":"(anonymous_0)","decl":{"start":{"line":27,"column":4},"end":{"line":27,"column":18}},"loc":{"start":{"line":27,"column":18},"end":{"line":85,"column":null}},"line":27},"1":{"name":"(anonymous_1)","decl":{"start":{"line":87,"column":10},"end":{"line":87,"column":18}},"loc":{"start":{"line":87,"column":123},"end":{"line":128,"column":null}},"line":87},"2":{"name":"(anonymous_2)","decl":{"start":{"line":133,"column":18},"end":{"line":133,"column":null}},"loc":{"start":{"line":137,"column":29},"end":{"line":169,"column":null}},"line":137},"3":{"name":"(anonymous_3)","decl":{"start":{"line":171,"column":18},"end":{"line":171,"column":38}},"loc":{"start":{"line":171,"column":84},"end":{"line":182,"column":null}},"line":171},"4":{"name":"(anonymous_4)","decl":{"start":{"line":184,"column":18},"end":{"line":184,"column":42}},"loc":{"start":{"line":184,"column":91},"end":{"line":190,"column":null}},"line":184},"5":{"name":"(anonymous_5)","decl":{"start":{"line":192,"column":18},"end":{"line":192,"column":41}},"loc":{"start":{"line":192,"column":89},"end":{"line":203,"column":null}},"line":192}},"branchMap":{"0":{"loc":{"start":{"line":91,"column":12},"end":{"line":119,"column":null}},"type":"switch","locations":[{"start":{"line":92,"column":16},"end":{"line":100,"column":null}},{"start":{"line":102,"column":16},"end":{"line":104,"column":null}},{"start":{"line":106,"column":16},"end":{"line":108,"column":null}},{"start":{"line":110,"column":16},"end":{"line":113,"column":null}},{"start":{"line":115,"column":16},"end":{"line":118,"column":null}}],"line":91},"1":{"loc":{"start":{"line":94,"column":24},"end":{"line":94,"column":null}},"type":"binary-expr","locations":[{"start":{"line":94,"column":24},"end":{"line":94,"column":43}},{"start":{"line":94,"column":43},"end":{"line":94,"column":null}}],"line":94},"2":{"loc":{"start":{"line":95,"column":24},"end":{"line":95,"column":null}},"type":"binary-expr","locations":[{"start":{"line":95,"column":24},"end":{"line":95,"column":40}},{"start":{"line":95,"column":40},"end":{"line":95,"column":null}}],"line":95},"3":{"loc":{"start":{"line":103,"column":60},"end":{"line":103,"column":78}},"type":"binary-expr","locations":[{"start":{"line":103,"column":60},"end":{"line":103,"column":76}},{"start":{"line":103,"column":76},"end":{"line":103,"column":78}}],"line":103},"4":{"loc":{"start":{"line":107,"column":64},"end":{"line":107,"column":82}},"type":"binary-expr","locations":[{"start":{"line":107,"column":64},"end":{"line":107,"column":80}},{"start":{"line":107,"column":80},"end":{"line":107,"column":82}}],"line":107},"5":{"loc":{"start":{"line":111,"column":63},"end":{"line":111,"column":81}},"type":"binary-expr","locations":[{"start":{"line":111,"column":63},"end":{"line":111,"column":79}},{"start":{"line":111,"column":79},"end":{"line":111,"column":81}}],"line":111},"6":{"loc":{"start":{"line":125,"column":23},"end":{"line":125,"column":null}},"type":"cond-expr","locations":[{"start":{"line":125,"column":48},"end":{"line":125,"column":64}},{"start":{"line":125,"column":64},"end":{"line":125,"column":null}}],"line":125},"7":{"loc":{"start":{"line":141,"column":8},"end":{"line":144,"column":null}},"type":"if","locations":[{"start":{"line":141,"column":8},"end":{"line":144,"column":null}},{"start":{},"end":{}}],"line":141},"8":{"loc":{"start":{"line":151,"column":8},"end":{"line":153,"column":null}},"type":"if","locations":[{"start":{"line":151,"column":8},"end":{"line":153,"column":null}},{"start":{},"end":{}}],"line":151},"9":{"loc":{"start":{"line":174,"column":12},"end":{"line":176,"column":null}},"type":"if","locations":[{"start":{"line":174,"column":12},"end":{"line":176,"column":null}},{"start":{},"end":{}}],"line":174},"10":{"loc":{"start":{"line":177,"column":12},"end":{"line":179,"column":null}},"type":"if","locations":[{"start":{"line":177,"column":12},"end":{"line":179,"column":null}},{"start":{},"end":{}}],"line":177},"11":{"loc":{"start":{"line":196,"column":26},"end":{"line":196,"column":null}},"type":"binary-expr","locations":[{"start":{"line":196,"column":26},"end":{"line":196,"column":38}},{"start":{"line":196,"column":38},"end":{"line":196,"column":null}}],"line":196}},"s":{"0":4,"1":4,"2":4,"3":0,"4":0,"5":0,"6":0,"7":0,"8":0,"9":0,"10":0,"11":0,"12":0,"13":0,"14":0,"15":0,"16":0,"17":0,"18":0,"19":0,"20":0,"21":0,"22":0,"23":0,"24":0,"25":0,"26":0,"27":0,"28":0,"29":0,"30":0,"31":0,"32":0,"33":0,"34":0,"35":0,"36":0,"37":0,"38":0,"39":0},"f":{"0":4,"1":0,"2":0,"3":0,"4":0,"5":0},"b":{"0":[0,0,0,0,0],"1":[0,0],"2":[0,0],"3":[0,0],"4":[0,0],"5":[0,0],"6":[0,0],"7":[0,0],"8":[0,0],"9":[0,0],"10":[0,0],"11":[0,0]},"meta":{"lastBranch":12,"lastFunction":6,"lastStatement":40,"seen":{"f:27:4:27:18":0,"s:28:8:84:Infinity":0,"s:24:4:24:Infinity":1,"s:25:4:25:Infinity":2,"f:87:10:87:18":1,"s:88:8:127:Infinity":3,"b:92:16:100:Infinity:102:16:104:Infinity:106:16:108:Infinity:110:16:113:Infinity:115:16:118:Infinity":0,"s:91:12:119:Infinity":4,"s:93:20:97:Infinity":5,"b:94:24:94:43:94:43:94:Infinity":1,"b:95:24:95:40:95:40:95:Infinity":2,"s:98:20:98:Infinity":6,"s:99:20:99:Infinity":7,"s:100:20:100:Infinity":8,"s:103:20:103:Infinity":9,"b:103:60:103:76:103:76:103:78":3,"s:104:20:104:Infinity":10,"s:107:20:107:Infinity":11,"b:107:64:107:80:107:80:107:82":4,"s:108:20:108:Infinity":12,"s:111:20:111:Infinity":13,"b:111:63:111:79:111:79:111:81":5,"s:112:20:112:Infinity":14,"s:116:52:116:Infinity":15,"s:117:20:117:Infinity":16,"s:121:12:121:Infinity":17,"s:123:12:126:Infinity":18,"b:125:48:125:64:125:64:125:Infinity":6,"f:133:18:133:Infinity":2,"s:138:38:138:Infinity":19,"b:141:8:144:Infinity:undefined:undefined:undefined:undefined":7,"s:141:8:144:Infinity":20,"s:142:36:142:Infinity":21,"s:143:12:143:Infinity":22,"s:147:8:147:Infinity":23,"s:148:8:148:Infinity":24,"b:151:8:153:Infinity:undefined:undefined:undefined:undefined":8,"s:151:8:153:Infinity":25,"s:152:12:152:Infinity":26,"s:156:8:156:Infinity":27,"s:157:8:157:Infinity":28,"s:159:24:159:Infinity":29,"s:161:8:168:Infinity":30,"f:171:18:171:38":3,"s:172:71:172:Infinity":31,"s:173:8:180:Infinity":32,"b:174:12:176:Infinity:undefined:undefined:undefined:undefined":9,"s:174:12:176:Infinity":33,"s:175:16:175:Infinity":34,"b:177:12:179:Infinity:undefined:undefined:undefined:undefined":10,"s:177:12:179:Infinity":35,"s:178:16:178:Infinity":36,"s:181:8:181:Infinity":37,"f:184:18:184:42":4,"s:185:8:189:Infinity":38,"f:192:18:192:41":5,"s:193:8:202:Infinity":39,"b:196:26:196:38:196:38:196:Infinity":11}}}
,"/Users/macbookprom1/Well/src/agents/custom/DebuggerAgent.ts": {"path":"/Users/macbookprom1/Well/src/agents/custom/DebuggerAgent.ts","statementMap":{"0":{"start":{"line":21,"column":8},"end":{"line":71,"column":null}},"1":{"start":{"line":16,"column":4},"end":{"line":16,"column":null}},"2":{"start":{"line":17,"column":4},"end":{"line":17,"column":null}},"3":{"start":{"line":18,"column":4},"end":{"line":18,"column":null}},"4":{"start":{"line":75,"column":26},"end":{"line":75,"column":null}},"5":{"start":{"line":77,"column":8},"end":{"line":119,"column":null}},"6":{"start":{"line":80,"column":12},"end":{"line":105,"column":null}},"7":{"start":{"line":82,"column":20},"end":{"line":82,"column":null}},"8":{"start":{"line":83,"column":20},"end":{"line":83,"column":null}},"9":{"start":{"line":84,"column":20},"end":{"line":84,"column":null}},"10":{"start":{"line":85,"column":20},"end":{"line":85,"column":null}},"11":{"start":{"line":88,"column":20},"end":{"line":88,"column":null}},"12":{"start":{"line":89,"column":20},"end":{"line":89,"column":null}},"13":{"start":{"line":90,"column":20},"end":{"line":90,"column":null}},"14":{"start":{"line":91,"column":20},"end":{"line":91,"column":null}},"15":{"start":{"line":94,"column":20},"end":{"line":94,"column":null}},"16":{"start":{"line":95,"column":20},"end":{"line":95,"column":null}},"17":{"start":{"line":98,"column":20},"end":{"line":98,"column":null}},"18":{"start":{"line":99,"column":20},"end":{"line":99,"column":null}},"19":{"start":{"line":102,"column":52},"end":{"line":102,"column":null}},"20":{"start":{"line":103,"column":20},"end":{"line":103,"column":null}},"21":{"start":{"line":108,"column":18},"end":{"line":108,"column":null}},"22":{"start":{"line":109,"column":12},"end":{"line":109,"column":null}},"23":{"start":{"line":110,"column":28},"end":{"line":110,"column":null}},"24":{"start":{"line":111,"column":12},"end":{"line":111,"column":null}},"25":{"start":{"line":113,"column":12},"end":{"line":113,"column":null}},"26":{"start":{"line":115,"column":12},"end":{"line":118,"column":null}},"27":{"start":{"line":126,"column":8},"end":{"line":135,"column":null}}},"fnMap":{"0":{"name":"(anonymous_0)","decl":{"start":{"line":20,"column":4},"end":{"line":20,"column":18}},"loc":{"start":{"line":20,"column":18},"end":{"line":72,"column":null}},"line":20},"1":{"name":"(anonymous_1)","decl":{"start":{"line":74,"column":10},"end":{"line":74,"column":18}},"loc":{"start":{"line":74,"column":112},"end":{"line":120,"column":null}},"line":74},"2":{"name":"(anonymous_2)","decl":{"start":{"line":125,"column":18},"end":{"line":125,"column":29}},"loc":{"start":{"line":125,"column":83},"end":{"line":136,"column":null}},"line":125}},"branchMap":{"0":{"loc":{"start":{"line":80,"column":12},"end":{"line":105,"column":null}},"type":"switch","locations":[{"start":{"line":81,"column":16},"end":{"line":85,"column":null}},{"start":{"line":87,"column":16},"end":{"line":91,"column":null}},{"start":{"line":93,"column":16},"end":{"line":95,"column":null}},{"start":{"line":97,"column":16},"end":{"line":99,"column":null}},{"start":{"line":101,"column":16},"end":{"line":104,"column":null}}],"line":80},"1":{"loc":{"start":{"line":88,"column":51},"end":{"line":88,"column":71}},"type":"binary-expr","locations":[{"start":{"line":88,"column":51},"end":{"line":88,"column":69}},{"start":{"line":88,"column":69},"end":{"line":88,"column":71}}],"line":88},"2":{"loc":{"start":{"line":110,"column":73},"end":{"line":110,"column":105}},"type":"binary-expr","locations":[{"start":{"line":110,"column":73},"end":{"line":110,"column":103}},{"start":{"line":110,"column":103},"end":{"line":110,"column":105}}],"line":110},"3":{"loc":{"start":{"line":117,"column":23},"end":{"line":117,"column":null}},"type":"cond-expr","locations":[{"start":{"line":117,"column":48},"end":{"line":117,"column":64}},{"start":{"line":117,"column":64},"end":{"line":117,"column":null}}],"line":117},"4":{"loc":{"start":{"line":129,"column":28},"end":{"line":129,"column":null}},"type":"binary-expr","locations":[{"start":{"line":129,"column":28},"end":{"line":129,"column":66}},{"start":{"line":129,"column":66},"end":{"line":129,"column":null}}],"line":129}},"s":{"0":4,"1":4,"2":4,"3":4,"4":0,"5":0,"6":0,"7":0,"8":0,"9":0,"10":0,"11":0,"12":0,"13":0,"14":0,"15":0,"16":0,"17":0,"18":0,"19":0,"20":0,"21":0,"22":0,"23":0,"24":0,"25":0,"26":0,"27":0},"f":{"0":4,"1":0,"2":0},"b":{"0":[0,0,0,0,0],"1":[0,0],"2":[0,0],"3":[0,0],"4":[0,0]},"meta":{"lastBranch":5,"lastFunction":3,"lastStatement":28,"seen":{"f:20:4:20:18":0,"s:21:8:71:Infinity":0,"s:16:4:16:Infinity":1,"s:17:4:17:Infinity":2,"s:18:4:18:Infinity":3,"f:74:10:74:18":1,"s:75:26:75:Infinity":4,"s:77:8:119:Infinity":5,"b:81:16:85:Infinity:87:16:91:Infinity:93:16:95:Infinity:97:16:99:Infinity:101:16:104:Infinity":0,"s:80:12:105:Infinity":6,"s:82:20:82:Infinity":7,"s:83:20:83:Infinity":8,"s:84:20:84:Infinity":9,"s:85:20:85:Infinity":10,"s:88:20:88:Infinity":11,"b:88:51:88:69:88:69:88:71":1,"s:89:20:89:Infinity":12,"s:90:20:90:Infinity":13,"s:91:20:91:Infinity":14,"s:94:20:94:Infinity":15,"s:95:20:95:Infinity":16,"s:98:20:98:Infinity":17,"s:99:20:99:Infinity":18,"s:102:52:102:Infinity":19,"s:103:20:103:Infinity":20,"s:108:18:108:Infinity":21,"s:109:12:109:Infinity":22,"s:110:28:110:Infinity":23,"b:110:73:110:103:110:103:110:105":2,"s:111:12:111:Infinity":24,"s:113:12:113:Infinity":25,"s:115:12:118:Infinity":26,"b:117:48:117:64:117:64:117:Infinity":3,"f:125:18:125:29":2,"s:126:8:135:Infinity":27,"b:129:28:129:66:129:66:129:Infinity":4}}}
,"/Users/macbookprom1/Well/src/agents/custom/DocsManagerAgent.ts": {"path":"/Users/macbookprom1/Well/src/agents/custom/DocsManagerAgent.ts","statementMap":{"0":{"start":{"line":28,"column":8},"end":{"line":81,"column":null}},"1":{"start":{"line":25,"column":4},"end":{"line":25,"column":null}},"2":{"start":{"line":85,"column":8},"end":{"line":123,"column":null}},"3":{"start":{"line":88,"column":12},"end":{"line":115,"column":null}},"4":{"start":{"line":90,"column":20},"end":{"line":90,"column":null}},"5":{"start":{"line":91,"column":20},"end":{"line":91,"column":null}},"6":{"start":{"line":92,"column":20},"end":{"line":92,"column":null}},"7":{"start":{"line":93,"column":20},"end":{"line":93,"column":null}},"8":{"start":{"line":96,"column":20},"end":{"line":96,"column":null}},"9":{"start":{"line":97,"column":20},"end":{"line":97,"column":null}},"10":{"start":{"line":98,"column":20},"end":{"line":98,"column":null}},"11":{"start":{"line":99,"column":20},"end":{"line":99,"column":null}},"12":{"start":{"line":102,"column":20},"end":{"line":102,"column":null}},"13":{"start":{"line":103,"column":20},"end":{"line":103,"column":null}},"14":{"start":{"line":104,"column":20},"end":{"line":104,"column":null}},"15":{"start":{"line":105,"column":20},"end":{"line":105,"column":null}},"16":{"start":{"line":108,"column":20},"end":{"line":108,"column":null}},"17":{"start":{"line":109,"column":20},"end":{"line":109,"column":null}},"18":{"start":{"line":112,"column":52},"end":{"line":112,"column":null}},"19":{"start":{"line":113,"column":20},"end":{"line":113,"column":null}},"20":{"start":{"line":117,"column":12},"end":{"line":117,"column":null}},"21":{"start":{"line":119,"column":12},"end":{"line":122,"column":null}},"22":{"start":{"line":130,"column":25},"end":{"line":137,"column":null}},"23":{"start":{"line":139,"column":24},"end":{"line":139,"column":null}},"24":{"start":{"line":141,"column":8},"end":{"line":146,"column":null}},"25":{"start":{"line":153,"column":26},"end":{"line":153,"column":null}},"26":{"start":{"line":155,"column":8},"end":{"line":160,"column":null}},"27":{"start":{"line":167,"column":25},"end":{"line":178,"column":null}},"28":{"start":{"line":180,"column":8},"end":{"line":185,"column":null}},"29":{"start":{"line":192,"column":8},"end":{"line":200,"column":null}}},"fnMap":{"0":{"name":"(anonymous_0)","decl":{"start":{"line":27,"column":4},"end":{"line":27,"column":18}},"loc":{"start":{"line":27,"column":18},"end":{"line":82,"column":null}},"line":27},"1":{"name":"(anonymous_1)","decl":{"start":{"line":84,"column":10},"end":{"line":84,"column":18}},"loc":{"start":{"line":84,"column":120},"end":{"line":124,"column":null}},"line":84},"2":{"name":"(anonymous_2)","decl":{"start":{"line":129,"column":18},"end":{"line":129,"column":31}},"loc":{"start":{"line":129,"column":77},"end":{"line":147,"column":null}},"line":129},"3":{"name":"(anonymous_3)","decl":{"start":{"line":152,"column":18},"end":{"line":152,"column":60}},"loc":{"start":{"line":152,"column":60},"end":{"line":161,"column":null}},"line":152},"4":{"name":"(anonymous_4)","decl":{"start":{"line":166,"column":18},"end":{"line":166,"column":74}},"loc":{"start":{"line":166,"column":74},"end":{"line":186,"column":null}},"line":166},"5":{"name":"(anonymous_5)","decl":{"start":{"line":191,"column":18},"end":{"line":191,"column":61}},"loc":{"start":{"line":191,"column":61},"end":{"line":201,"column":null}},"line":191}},"branchMap":{"0":{"loc":{"start":{"line":88,"column":12},"end":{"line":115,"column":null}},"type":"switch","locations":[{"start":{"line":89,"column":16},"end":{"line":93,"column":null}},{"start":{"line":95,"column":16},"end":{"line":99,"column":null}},{"start":{"line":101,"column":16},"end":{"line":105,"column":null}},{"start":{"line":107,"column":16},"end":{"line":109,"column":null}},{"start":{"line":111,"column":16},"end":{"line":114,"column":null}}],"line":88},"1":{"loc":{"start":{"line":121,"column":23},"end":{"line":121,"column":null}},"type":"cond-expr","locations":[{"start":{"line":121,"column":48},"end":{"line":121,"column":64}},{"start":{"line":121,"column":64},"end":{"line":121,"column":null}}],"line":121},"2":{"loc":{"start":{"line":130,"column":25},"end":{"line":137,"column":null}},"type":"binary-expr","locations":[{"start":{"line":130,"column":25},"end":{"line":130,"column":46}},{"start":{"line":130,"column":46},"end":{"line":137,"column":null}}],"line":130}},"s":{"0":4,"1":4,"2":0,"3":0,"4":0,"5":0,"6":0,"7":0,"8":0,"9":0,"10":0,"11":0,"12":0,"13":0,"14":0,"15":0,"16":0,"17":0,"18":0,"19":0,"20":0,"21":0,"22":0,"23":0,"24":0,"25":0,"26":0,"27":0,"28":0,"29":0},"f":{"0":4,"1":0,"2":0,"3":0,"4":0,"5":0},"b":{"0":[0,0,0,0,0],"1":[0,0],"2":[0,0]},"meta":{"lastBranch":3,"lastFunction":6,"lastStatement":30,"seen":{"f:27:4:27:18":0,"s:28:8:81:Infinity":0,"s:25:4:25:Infinity":1,"f:84:10:84:18":1,"s:85:8:123:Infinity":2,"b:89:16:93:Infinity:95:16:99:Infinity:101:16:105:Infinity:107:16:109:Infinity:111:16:114:Infinity":0,"s:88:12:115:Infinity":3,"s:90:20:90:Infinity":4,"s:91:20:91:Infinity":5,"s:92:20:92:Infinity":6,"s:93:20:93:Infinity":7,"s:96:20:96:Infinity":8,"s:97:20:97:Infinity":9,"s:98:20:98:Infinity":10,"s:99:20:99:Infinity":11,"s:102:20:102:Infinity":12,"s:103:20:103:Infinity":13,"s:104:20:104:Infinity":14,"s:105:20:105:Infinity":15,"s:108:20:108:Infinity":16,"s:109:20:109:Infinity":17,"s:112:52:112:Infinity":18,"s:113:20:113:Infinity":19,"s:117:12:117:Infinity":20,"s:119:12:122:Infinity":21,"b:121:48:121:64:121:64:121:Infinity":1,"f:129:18:129:31":2,"s:130:25:137:Infinity":22,"b:130:25:130:46:130:46:137:Infinity":2,"s:139:24:139:Infinity":23,"s:141:8:146:Infinity":24,"f:152:18:152:60":3,"s:153:26:153:Infinity":25,"s:155:8:160:Infinity":26,"f:166:18:166:74":4,"s:167:25:178:Infinity":27,"s:180:8:185:Infinity":28,"f:191:18:191:61":5,"s:192:8:200:Infinity":29}}}
,"/Users/macbookprom1/Well/src/agents/custom/GeminiCoachAgent.ts": {"path":"/Users/macbookprom1/Well/src/agents/custom/GeminiCoachAgent.ts","statementMap":{"0":{"start":{"line":23,"column":40},"end":{"line":90,"column":null}},"1":{"start":{"line":92,"column":4},"end":{"line":92,"column":null}},"2":{"start":{"line":99,"column":51},"end":{"line":99,"column":null}},"3":{"start":{"line":102,"column":23},"end":{"line":102,"column":null}},"4":{"start":{"line":103,"column":4},"end":{"line":105,"column":null}},"5":{"start":{"line":104,"column":6},"end":{"line":104,"column":null}},"6":{"start":{"line":107,"column":4},"end":{"line":145,"column":null}},"7":{"start":{"line":110,"column":6},"end":{"line":130,"column":null}},"8":{"start":{"line":112,"column":10},"end":{"line":112,"column":null}},"9":{"start":{"line":112,"column":21},"end":{"line":112,"column":null}},"10":{"start":{"line":113,"column":10},"end":{"line":113,"column":null}},"11":{"start":{"line":116,"column":22},"end":{"line":116,"column":null}},"12":{"start":{"line":116,"column":61},"end":{"line":116,"column":91}},"13":{"start":{"line":117,"column":10},"end":{"line":119,"column":null}},"14":{"start":{"line":118,"column":12},"end":{"line":118,"column":null}},"15":{"start":{"line":120,"column":10},"end":{"line":120,"column":null}},"16":{"start":{"line":124,"column":10},"end":{"line":124,"column":null}},"17":{"start":{"line":124,"column":28},"end":{"line":124,"column":null}},"18":{"start":{"line":125,"column":10},"end":{"line":125,"column":null}},"19":{"start":{"line":126,"column":10},"end":{"line":126,"column":null}},"20":{"start":{"line":129,"column":10},"end":{"line":129,"column":null}},"21":{"start":{"line":133,"column":6},"end":{"line":133,"column":null}},"22":{"start":{"line":135,"column":6},"end":{"line":135,"column":null}},"23":{"start":{"line":137,"column":26},"end":{"line":140,"column":null}},"24":{"start":{"line":142,"column":6},"end":{"line":142,"column":null}},"25":{"start":{"line":144,"column":6},"end":{"line":144,"column":null}},"26":{"start":{"line":152,"column":4},"end":{"line":170,"column":null}},"27":{"start":{"line":154,"column":32},"end":{"line":156,"column":null}},"28":{"start":{"line":158,"column":8},"end":{"line":160,"column":null}},"29":{"start":{"line":159,"column":12},"end":{"line":159,"column":null}},"30":{"start":{"line":162,"column":8},"end":{"line":165,"column":null}},"31":{"start":{"line":163,"column":13},"end":{"line":163,"column":null}},"32":{"start":{"line":163,"column":37},"end":{"line":163,"column":null}},"33":{"start":{"line":164,"column":13},"end":{"line":164,"column":null}},"34":{"start":{"line":167,"column":8},"end":{"line":167,"column":null}},"35":{"start":{"line":177,"column":4},"end":{"line":183,"column":null}},"36":{"start":{"line":178,"column":21},"end":{"line":178,"column":null}},"37":{"start":{"line":179,"column":6},"end":{"line":179,"column":null}},"38":{"start":{"line":181,"column":6},"end":{"line":181,"column":null}},"39":{"start":{"line":182,"column":6},"end":{"line":182,"column":null}},"40":{"start":{"line":190,"column":4},"end":{"line":201,"column":null}},"41":{"start":{"line":191,"column":21},"end":{"line":192,"column":null}},"42":{"start":{"line":197,"column":6},"end":{"line":197,"column":null}},"43":{"start":{"line":199,"column":6},"end":{"line":199,"column":null}},"44":{"start":{"line":200,"column":6},"end":{"line":200,"column":null}},"45":{"start":{"line":208,"column":4},"end":{"line":215,"column":null}},"46":{"start":{"line":230,"column":19},"end":{"line":239,"column":null}},"47":{"start":{"line":241,"column":4},"end":{"line":241,"column":null}},"48":{"start":{"line":248,"column":4},"end":{"line":248,"column":null}}},"fnMap":{"0":{"name":"(anonymous_0)","decl":{"start":{"line":22,"column":2},"end":{"line":22,"column":16}},"loc":{"start":{"line":22,"column":16},"end":{"line":93,"column":null}},"line":22},"1":{"name":"(anonymous_1)","decl":{"start":{"line":98,"column":8},"end":{"line":98,"column":16}},"loc":{"start":{"line":98,"column":133},"end":{"line":146,"column":null}},"line":98},"2":{"name":"(anonymous_2)","decl":{"start":{"line":116,"column":56},"end":{"line":116,"column":61}},"loc":{"start":{"line":116,"column":61},"end":{"line":116,"column":91}},"line":116},"3":{"name":"(anonymous_3)","decl":{"start":{"line":151,"column":16},"end":{"line":151,"column":27}},"loc":{"start":{"line":151,"column":104},"end":{"line":171,"column":null}},"line":151},"4":{"name":"(anonymous_4)","decl":{"start":{"line":153,"column":6},"end":{"line":153,"column":18}},"loc":{"start":{"line":153,"column":18},"end":{"line":168,"column":null}},"line":153},"5":{"name":"(anonymous_5)","decl":{"start":{"line":176,"column":16},"end":{"line":176,"column":31}},"loc":{"start":{"line":176,"column":78},"end":{"line":184,"column":null}},"line":176},"6":{"name":"(anonymous_6)","decl":{"start":{"line":189,"column":16},"end":{"line":189,"column":32}},"loc":{"start":{"line":189,"column":85},"end":{"line":202,"column":null}},"line":189},"7":{"name":"(anonymous_7)","decl":{"start":{"line":207,"column":10},"end":{"line":207,"column":30}},"loc":{"start":{"line":207,"column":68},"end":{"line":224,"column":null}},"line":207},"8":{"name":"(anonymous_8)","decl":{"start":{"line":229,"column":10},"end":{"line":229,"column":36}},"loc":{"start":{"line":229,"column":56},"end":{"line":242,"column":null}},"line":229},"9":{"name":"(anonymous_9)","decl":{"start":{"line":247,"column":10},"end":{"line":247,"column":30}},"loc":{"start":{"line":247,"column":54},"end":{"line":249,"column":null}},"line":247}},"branchMap":{"0":{"loc":{"start":{"line":103,"column":4},"end":{"line":105,"column":null}},"type":"if","locations":[{"start":{"line":103,"column":4},"end":{"line":105,"column":null}},{"start":{},"end":{}}],"line":103},"1":{"loc":{"start":{"line":110,"column":6},"end":{"line":130,"column":null}},"type":"switch","locations":[{"start":{"line":111,"column":8},"end":{"line":121,"column":null}},{"start":{"line":123,"column":8},"end":{"line":126,"column":null}},{"start":{"line":128,"column":8},"end":{"line":129,"column":null}}],"line":110},"2":{"loc":{"start":{"line":112,"column":10},"end":{"line":112,"column":null}},"type":"if","locations":[{"start":{"line":112,"column":10},"end":{"line":112,"column":null}},{"start":{},"end":{}}],"line":112},"3":{"loc":{"start":{"line":117,"column":10},"end":{"line":119,"column":null}},"type":"if","locations":[{"start":{"line":117,"column":10},"end":{"line":119,"column":null}},{"start":{},"end":{}}],"line":117},"4":{"loc":{"start":{"line":118,"column":27},"end":{"line":118,"column":47}},"type":"binary-expr","locations":[{"start":{"line":118,"column":27},"end":{"line":118,"column":42}},{"start":{"line":118,"column":42},"end":{"line":118,"column":47}}],"line":118},"5":{"loc":{"start":{"line":124,"column":10},"end":{"line":124,"column":null}},"type":"if","locations":[{"start":{"line":124,"column":10},"end":{"line":124,"column":null}},{"start":{},"end":{}}],"line":124},"6":{"loc":{"start":{"line":138,"column":15},"end":{"line":138,"column":null}},"type":"cond-expr","locations":[{"start":{"line":138,"column":40},"end":{"line":138,"column":56}},{"start":{"line":138,"column":56},"end":{"line":138,"column":null}}],"line":138},"7":{"loc":{"start":{"line":151,"column":43},"end":{"line":151,"column":104}},"type":"default-arg","locations":[{"start":{"line":151,"column":63},"end":{"line":151,"column":104}}],"line":151},"8":{"loc":{"start":{"line":158,"column":8},"end":{"line":160,"column":null}},"type":"if","locations":[{"start":{"line":158,"column":8},"end":{"line":160,"column":null}},{"start":{},"end":{}}],"line":158},"9":{"loc":{"start":{"line":162,"column":8},"end":{"line":165,"column":null}},"type":"if","locations":[{"start":{"line":162,"column":8},"end":{"line":165,"column":null}},{"start":{},"end":{}}],"line":162},"10":{"loc":{"start":{"line":162,"column":12},"end":{"line":162,"column":33}},"type":"binary-expr","locations":[{"start":{"line":162,"column":12},"end":{"line":162,"column":21}},{"start":{"line":162,"column":21},"end":{"line":162,"column":33}}],"line":162},"11":{"loc":{"start":{"line":163,"column":13},"end":{"line":163,"column":null}},"type":"if","locations":[{"start":{"line":163,"column":13},"end":{"line":163,"column":null}},{"start":{},"end":{}}],"line":163},"12":{"loc":{"start":{"line":163,"column":17},"end":{"line":163,"column":37}},"type":"binary-expr","locations":[{"start":{"line":163,"column":17},"end":{"line":163,"column":25}},{"start":{"line":163,"column":25},"end":{"line":163,"column":37}}],"line":163},"13":{"loc":{"start":{"line":215,"column":2},"end":{"line":215,"column":61}},"type":"cond-expr","locations":[{"start":{"line":215,"column":12},"end":{"line":215,"column":37}},{"start":{"line":215,"column":37},"end":{"line":215,"column":61}}],"line":215}},"s":{"0":4,"1":4,"2":0,"3":0,"4":0,"5":0,"6":0,"7":0,"8":0,"9":0,"10":0,"11":0,"12":0,"13":0,"14":0,"15":0,"16":0,"17":0,"18":0,"19":0,"20":0,"21":0,"22":0,"23":0,"24":0,"25":0,"26":0,"27":0,"28":0,"29":0,"30":0,"31":0,"32":0,"33":0,"34":0,"35":0,"36":0,"37":0,"38":0,"39":0,"40":0,"41":0,"42":0,"43":0,"44":0,"45":0,"46":0,"47":0,"48":0},"f":{"0":4,"1":0,"2":0,"3":0,"4":0,"5":0,"6":0,"7":0,"8":0,"9":0},"b":{"0":[0,0],"1":[0,0,0],"2":[0,0],"3":[0,0],"4":[0,0],"5":[0,0],"6":[0,0],"7":[0],"8":[0,0],"9":[0,0],"10":[0,0],"11":[0,0],"12":[0,0],"13":[0,0]},"meta":{"lastBranch":14,"lastFunction":10,"lastStatement":49,"seen":{"f:22:2:22:16":0,"s:23:40:90:Infinity":0,"s:92:4:92:Infinity":1,"f:98:8:98:16":1,"s:99:51:99:Infinity":2,"s:102:23:102:Infinity":3,"b:103:4:105:Infinity:undefined:undefined:undefined:undefined":0,"s:103:4:105:Infinity":4,"s:104:6:104:Infinity":5,"s:107:4:145:Infinity":6,"b:111:8:121:Infinity:123:8:126:Infinity:128:8:129:Infinity":1,"s:110:6:130:Infinity":7,"b:112:10:112:Infinity:undefined:undefined:undefined:undefined":2,"s:112:10:112:Infinity":8,"s:112:21:112:Infinity":9,"s:113:10:113:Infinity":10,"s:116:22:116:Infinity":11,"f:116:56:116:61":2,"s:116:61:116:91":12,"b:117:10:119:Infinity:undefined:undefined:undefined:undefined":3,"s:117:10:119:Infinity":13,"s:118:12:118:Infinity":14,"b:118:27:118:42:118:42:118:47":4,"s:120:10:120:Infinity":15,"b:124:10:124:Infinity:undefined:undefined:undefined:undefined":5,"s:124:10:124:Infinity":16,"s:124:28:124:Infinity":17,"s:125:10:125:Infinity":18,"s:126:10:126:Infinity":19,"s:129:10:129:Infinity":20,"s:133:6:133:Infinity":21,"s:135:6:135:Infinity":22,"s:137:26:140:Infinity":23,"b:138:40:138:56:138:56:138:Infinity":6,"s:142:6:142:Infinity":24,"s:144:6:144:Infinity":25,"f:151:16:151:27":3,"b:151:63:151:104":7,"s:152:4:170:Infinity":26,"f:153:6:153:18":4,"s:154:32:156:Infinity":27,"b:158:8:160:Infinity:undefined:undefined:undefined:undefined":8,"s:158:8:160:Infinity":28,"s:159:12:159:Infinity":29,"b:162:8:165:Infinity:undefined:undefined:undefined:undefined":9,"s:162:8:165:Infinity":30,"b:162:12:162:21:162:21:162:33":10,"b:163:13:163:Infinity:undefined:undefined:undefined:undefined":11,"s:163:13:163:Infinity":31,"b:163:17:163:25:163:25:163:37":12,"s:163:37:163:Infinity":32,"s:164:13:164:Infinity":33,"s:167:8:167:Infinity":34,"f:176:16:176:31":5,"s:177:4:183:Infinity":35,"s:178:21:178:Infinity":36,"s:179:6:179:Infinity":37,"s:181:6:181:Infinity":38,"s:182:6:182:Infinity":39,"f:189:16:189:32":6,"s:190:4:201:Infinity":40,"s:191:21:192:Infinity":41,"s:197:6:197:Infinity":42,"s:199:6:199:Infinity":43,"s:200:6:200:Infinity":44,"f:207:10:207:30":7,"s:208:4:215:Infinity":45,"b:215:12:215:37:215:37:215:61":13,"f:229:10:229:36":8,"s:230:19:239:Infinity":46,"s:241:4:241:Infinity":47,"f:247:10:247:30":9,"s:248:4:248:Infinity":48}}}
,"/Users/macbookprom1/Well/src/agents/custom/ProjectManagerAgent.ts": {"path":"/Users/macbookprom1/Well/src/agents/custom/ProjectManagerAgent.ts","statementMap":{"0":{"start":{"line":29,"column":8},"end":{"line":82,"column":null}},"1":{"start":{"line":26,"column":4},"end":{"line":26,"column":null}},"2":{"start":{"line":86,"column":8},"end":{"line":120,"column":null}},"3":{"start":{"line":89,"column":12},"end":{"line":112,"column":null}},"4":{"start":{"line":91,"column":20},"end":{"line":91,"column":null}},"5":{"start":{"line":92,"column":20},"end":{"line":92,"column":null}},"6":{"start":{"line":93,"column":20},"end":{"line":93,"column":null}},"7":{"start":{"line":94,"column":20},"end":{"line":94,"column":null}},"8":{"start":{"line":97,"column":20},"end":{"line":97,"column":null}},"9":{"start":{"line":98,"column":20},"end":{"line":98,"column":null}},"10":{"start":{"line":101,"column":20},"end":{"line":101,"column":null}},"11":{"start":{"line":102,"column":20},"end":{"line":102,"column":null}},"12":{"start":{"line":105,"column":20},"end":{"line":105,"column":null}},"13":{"start":{"line":106,"column":20},"end":{"line":106,"column":null}},"14":{"start":{"line":109,"column":52},"end":{"line":109,"column":null}},"15":{"start":{"line":110,"column":20},"end":{"line":110,"column":null}},"16":{"start":{"line":114,"column":12},"end":{"line":114,"column":null}},"17":{"start":{"line":116,"column":12},"end":{"line":119,"column":null}},"18":{"start":{"line":124,"column":8},"end":{"line":144,"column":null}},"19":{"start":{"line":148,"column":8},"end":{"line":158,"column":null}},"20":{"start":{"line":162,"column":8},"end":{"line":169,"column":null}},"21":{"start":{"line":173,"column":8},"end":{"line":185,"column":null}}},"fnMap":{"0":{"name":"(anonymous_0)","decl":{"start":{"line":28,"column":4},"end":{"line":28,"column":18}},"loc":{"start":{"line":28,"column":18},"end":{"line":83,"column":null}},"line":28},"1":{"name":"(anonymous_1)","decl":{"start":{"line":85,"column":10},"end":{"line":85,"column":18}},"loc":{"start":{"line":85,"column":119},"end":{"line":121,"column":null}},"line":85},"2":{"name":"(anonymous_2)","decl":{"start":{"line":123,"column":18},"end":{"line":123,"column":37}},"loc":{"start":{"line":123,"column":82},"end":{"line":145,"column":null}},"line":123},"3":{"name":"(anonymous_3)","decl":{"start":{"line":147,"column":18},"end":{"line":147,"column":38}},"loc":{"start":{"line":147,"column":80},"end":{"line":159,"column":null}},"line":147},"4":{"name":"(anonymous_4)","decl":{"start":{"line":161,"column":18},"end":{"line":161,"column":34}},"loc":{"start":{"line":161,"column":76},"end":{"line":170,"column":null}},"line":161},"5":{"name":"(anonymous_5)","decl":{"start":{"line":172,"column":18},"end":{"line":172,"column":55}},"loc":{"start":{"line":172,"column":55},"end":{"line":186,"column":null}},"line":172}},"branchMap":{"0":{"loc":{"start":{"line":89,"column":12},"end":{"line":112,"column":null}},"type":"switch","locations":[{"start":{"line":90,"column":16},"end":{"line":94,"column":null}},{"start":{"line":96,"column":16},"end":{"line":98,"column":null}},{"start":{"line":100,"column":16},"end":{"line":102,"column":null}},{"start":{"line":104,"column":16},"end":{"line":106,"column":null}},{"start":{"line":108,"column":16},"end":{"line":111,"column":null}}],"line":89},"1":{"loc":{"start":{"line":118,"column":23},"end":{"line":118,"column":null}},"type":"cond-expr","locations":[{"start":{"line":118,"column":48},"end":{"line":118,"column":64}},{"start":{"line":118,"column":64},"end":{"line":118,"column":null}}],"line":118},"2":{"loc":{"start":{"line":125,"column":24},"end":{"line":125,"column":null}},"type":"binary-expr","locations":[{"start":{"line":125,"column":24},"end":{"line":125,"column":38}},{"start":{"line":125,"column":38},"end":{"line":125,"column":null}}],"line":125},"3":{"loc":{"start":{"line":150,"column":20},"end":{"line":150,"column":null}},"type":"binary-expr","locations":[{"start":{"line":150,"column":20},"end":{"line":150,"column":30}},{"start":{"line":150,"column":30},"end":{"line":150,"column":null}}],"line":150},"4":{"loc":{"start":{"line":163,"column":19},"end":{"line":163,"column":null}},"type":"binary-expr","locations":[{"start":{"line":163,"column":19},"end":{"line":163,"column":28}},{"start":{"line":163,"column":28},"end":{"line":163,"column":null}}],"line":163}},"s":{"0":18,"1":18,"2":11,"3":11,"4":4,"5":4,"6":4,"7":4,"8":2,"9":2,"10":2,"11":2,"12":2,"13":2,"14":1,"15":1,"16":10,"17":1,"18":4,"19":2,"20":2,"21":2},"f":{"0":18,"1":11,"2":4,"3":2,"4":2,"5":2},"b":{"0":[4,2,2,2,1],"1":[1,0],"2":[4,3],"3":[2,1],"4":[2,1]},"meta":{"lastBranch":5,"lastFunction":6,"lastStatement":22,"seen":{"f:28:4:28:18":0,"s:29:8:82:Infinity":0,"s:26:4:26:Infinity":1,"f:85:10:85:18":1,"s:86:8:120:Infinity":2,"b:90:16:94:Infinity:96:16:98:Infinity:100:16:102:Infinity:104:16:106:Infinity:108:16:111:Infinity":0,"s:89:12:112:Infinity":3,"s:91:20:91:Infinity":4,"s:92:20:92:Infinity":5,"s:93:20:93:Infinity":6,"s:94:20:94:Infinity":7,"s:97:20:97:Infinity":8,"s:98:20:98:Infinity":9,"s:101:20:101:Infinity":10,"s:102:20:102:Infinity":11,"s:105:20:105:Infinity":12,"s:106:20:106:Infinity":13,"s:109:52:109:Infinity":14,"s:110:20:110:Infinity":15,"s:114:12:114:Infinity":16,"s:116:12:119:Infinity":17,"b:118:48:118:64:118:64:118:Infinity":1,"f:123:18:123:37":2,"s:124:8:144:Infinity":18,"b:125:24:125:38:125:38:125:Infinity":2,"f:147:18:147:38":3,"s:148:8:158:Infinity":19,"b:150:20:150:30:150:30:150:Infinity":3,"f:161:18:161:34":4,"s:162:8:169:Infinity":20,"b:163:19:163:28:163:28:163:Infinity":4,"f:172:18:172:55":5,"s:173:8:185:Infinity":21}}}
,"/Users/macbookprom1/Well/src/agents/custom/SalesCopilotAgent.ts": {"path":"/Users/macbookprom1/Well/src/agents/custom/SalesCopilotAgent.ts","statementMap":{"0":{"start":{"line":27,"column":40},"end":{"line":84,"column":null}},"1":{"start":{"line":86,"column":4},"end":{"line":86,"column":null}},"2":{"start":{"line":93,"column":4},"end":{"line":111,"column":null}},"3":{"start":{"line":95,"column":32},"end":{"line":97,"column":null}},"4":{"start":{"line":99,"column":8},"end":{"line":101,"column":null}},"5":{"start":{"line":100,"column":12},"end":{"line":100,"column":null}},"6":{"start":{"line":103,"column":8},"end":{"line":106,"column":null}},"7":{"start":{"line":104,"column":13},"end":{"line":104,"column":null}},"8":{"start":{"line":104,"column":37},"end":{"line":104,"column":null}},"9":{"start":{"line":105,"column":13},"end":{"line":105,"column":null}},"10":{"start":{"line":108,"column":8},"end":{"line":108,"column":null}},"11":{"start":{"line":126,"column":107},"end":{"line":126,"column":null}},"12":{"start":{"line":128,"column":23},"end":{"line":128,"column":null}},"13":{"start":{"line":129,"column":4},"end":{"line":131,"column":null}},"14":{"start":{"line":130,"column":6},"end":{"line":130,"column":null}},"15":{"start":{"line":133,"column":4},"end":{"line":176,"column":null}},"16":{"start":{"line":136,"column":6},"end":{"line":168,"column":null}},"17":{"start":{"line":138,"column":10},"end":{"line":138,"column":null}},"18":{"start":{"line":138,"column":24},"end":{"line":138,"column":null}},"19":{"start":{"line":139,"column":10},"end":{"line":139,"column":null}},"20":{"start":{"line":140,"column":10},"end":{"line":140,"column":null}},"21":{"start":{"line":144,"column":10},"end":{"line":144,"column":null}},"22":{"start":{"line":144,"column":24},"end":{"line":144,"column":null}},"23":{"start":{"line":145,"column":23},"end":{"line":145,"column":null}},"24":{"start":{"line":146,"column":10},"end":{"line":146,"column":null}},"25":{"start":{"line":147,"column":10},"end":{"line":147,"column":null}},"26":{"start":{"line":152,"column":10},"end":{"line":152,"column":null}},"27":{"start":{"line":152,"column":24},"end":{"line":152,"column":null}},"28":{"start":{"line":153,"column":10},"end":{"line":153,"column":null}},"29":{"start":{"line":154,"column":10},"end":{"line":154,"column":null}},"30":{"start":{"line":157,"column":10},"end":{"line":157,"column":null}},"31":{"start":{"line":157,"column":51},"end":{"line":157,"column":null}},"32":{"start":{"line":158,"column":10},"end":{"line":158,"column":null}},"33":{"start":{"line":159,"column":10},"end":{"line":159,"column":null}},"34":{"start":{"line":162,"column":10},"end":{"line":162,"column":null}},"35":{"start":{"line":162,"column":48},"end":{"line":162,"column":null}},"36":{"start":{"line":163,"column":10},"end":{"line":163,"column":null}},"37":{"start":{"line":164,"column":10},"end":{"line":164,"column":null}},"38":{"start":{"line":167,"column":10},"end":{"line":167,"column":null}},"39":{"start":{"line":170,"column":6},"end":{"line":170,"column":null}},"40":{"start":{"line":171,"column":6},"end":{"line":171,"column":null}},"41":{"start":{"line":173,"column":26},"end":{"line":173,"column":null}},"42":{"start":{"line":174,"column":6},"end":{"line":174,"column":null}},"43":{"start":{"line":175,"column":6},"end":{"line":175,"column":null}},"44":{"start":{"line":183,"column":25},"end":{"line":183,"column":null}},"45":{"start":{"line":185,"column":4},"end":{"line":190,"column":null}},"46":{"start":{"line":186,"column":6},"end":{"line":186,"column":null}},"47":{"start":{"line":186,"column":42},"end":{"line":186,"column":null}},"48":{"start":{"line":187,"column":6},"end":{"line":189,"column":null}},"49":{"start":{"line":187,"column":46},"end":{"line":187,"column":90}},"50":{"start":{"line":188,"column":8},"end":{"line":188,"column":null}},"51":{"start":{"line":192,"column":4},"end":{"line":192,"column":null}},"52":{"start":{"line":199,"column":21},"end":{"line":199,"column":null}},"53":{"start":{"line":199,"column":53},"end":{"line":199,"column":77}},"54":{"start":{"line":201,"column":4},"end":{"line":203,"column":null}},"55":{"start":{"line":202,"column":6},"end":{"line":202,"column":null}},"56":{"start":{"line":206,"column":24},"end":{"line":206,"column":null}},"57":{"start":{"line":207,"column":4},"end":{"line":207,"column":null}},"58":{"start":{"line":218,"column":26},"end":{"line":218,"column":null}},"59":{"start":{"line":219,"column":23},"end":{"line":219,"column":null}},"60":{"start":{"line":221,"column":4},"end":{"line":245,"column":null}},"61":{"start":{"line":222,"column":30},"end":{"line":222,"column":null}},"62":{"start":{"line":223,"column":28},"end":{"line":225,"column":null}},"63":{"start":{"line":224,"column":22},"end":{"line":224,"column":89}},"64":{"start":{"line":227,"column":23},"end":{"line":227,"column":null}},"65":{"start":{"line":235,"column":21},"end":{"line":235,"column":null}},"66":{"start":{"line":237,"column":8},"end":{"line":241,"column":null}},"67":{"start":{"line":243,"column":8},"end":{"line":243,"column":null}},"68":{"start":{"line":244,"column":8},"end":{"line":244,"column":null}},"69":{"start":{"line":256,"column":4},"end":{"line":264,"column":null}},"70":{"start":{"line":257,"column":23},"end":{"line":257,"column":null}},"71":{"start":{"line":259,"column":21},"end":{"line":259,"column":null}},"72":{"start":{"line":260,"column":8},"end":{"line":260,"column":null}},"73":{"start":{"line":262,"column":8},"end":{"line":262,"column":null}},"74":{"start":{"line":263,"column":8},"end":{"line":263,"column":null}},"75":{"start":{"line":273,"column":4},"end":{"line":285,"column":null}},"76":{"start":{"line":274,"column":28},"end":{"line":276,"column":null}},"77":{"start":{"line":275,"column":22},"end":{"line":275,"column":83}},"78":{"start":{"line":278,"column":23},"end":{"line":278,"column":null}},"79":{"start":{"line":280,"column":21},"end":{"line":280,"column":null}},"80":{"start":{"line":281,"column":8},"end":{"line":281,"column":null}},"81":{"start":{"line":283,"column":8},"end":{"line":283,"column":null}},"82":{"start":{"line":284,"column":8},"end":{"line":284,"column":null}}},"fnMap":{"0":{"name":"(anonymous_0)","decl":{"start":{"line":26,"column":2},"end":{"line":26,"column":16}},"loc":{"start":{"line":26,"column":16},"end":{"line":87,"column":null}},"line":26},"1":{"name":"(anonymous_1)","decl":{"start":{"line":92,"column":16},"end":{"line":92,"column":27}},"loc":{"start":{"line":92,"column":150},"end":{"line":112,"column":null}},"line":92},"2":{"name":"(anonymous_2)","decl":{"start":{"line":94,"column":6},"end":{"line":94,"column":18}},"loc":{"start":{"line":94,"column":18},"end":{"line":109,"column":null}},"line":94},"3":{"name":"(anonymous_3)","decl":{"start":{"line":117,"column":8},"end":{"line":117,"column":16}},"loc":{"start":{"line":125,"column":34},"end":{"line":177,"column":null}},"line":125},"4":{"name":"(anonymous_4)","decl":{"start":{"line":182,"column":10},"end":{"line":182,"column":26}},"loc":{"start":{"line":182,"column":58},"end":{"line":193,"column":null}},"line":182},"5":{"name":"(anonymous_5)","decl":{"start":{"line":187,"column":33},"end":{"line":187,"column":34}},"loc":{"start":{"line":187,"column":46},"end":{"line":187,"column":90}},"line":187},"6":{"name":"(anonymous_6)","decl":{"start":{"line":198,"column":10},"end":{"line":198,"column":31}},"loc":{"start":{"line":198,"column":69},"end":{"line":208,"column":null}},"line":198},"7":{"name":"(anonymous_7)","decl":{"start":{"line":199,"column":46},"end":{"line":199,"column":47}},"loc":{"start":{"line":199,"column":53},"end":{"line":199,"column":77}},"line":199},"8":{"name":"(anonymous_8)","decl":{"start":{"line":213,"column":16},"end":{"line":213,"column":null}},"loc":{"start":{"line":217,"column":87},"end":{"line":246,"column":null}},"line":217},"9":{"name":"(anonymous_9)","decl":{"start":{"line":224,"column":15},"end":{"line":224,"column":22}},"loc":{"start":{"line":224,"column":22},"end":{"line":224,"column":89}},"line":224},"10":{"name":"(anonymous_10)","decl":{"start":{"line":251,"column":16},"end":{"line":251,"column":null}},"loc":{"start":{"line":255,"column":21},"end":{"line":265,"column":null}},"line":255},"11":{"name":"(anonymous_11)","decl":{"start":{"line":270,"column":16},"end":{"line":270,"column":null}},"loc":{"start":{"line":272,"column":21},"end":{"line":286,"column":null}},"line":272},"12":{"name":"(anonymous_12)","decl":{"start":{"line":275,"column":15},"end":{"line":275,"column":22}},"loc":{"start":{"line":275,"column":22},"end":{"line":275,"column":83}},"line":275}},"branchMap":{"0":{"loc":{"start":{"line":92,"column":43},"end":{"line":92,"column":99}},"type":"default-arg","locations":[{"start":{"line":92,"column":95},"end":{"line":92,"column":99}}],"line":92},"1":{"loc":{"start":{"line":92,"column":99},"end":{"line":92,"column":150}},"type":"default-arg","locations":[{"start":{"line":92,"column":119},"end":{"line":92,"column":150}}],"line":92},"2":{"loc":{"start":{"line":99,"column":8},"end":{"line":101,"column":null}},"type":"if","locations":[{"start":{"line":99,"column":8},"end":{"line":101,"column":null}},{"start":{},"end":{}}],"line":99},"3":{"loc":{"start":{"line":103,"column":8},"end":{"line":106,"column":null}},"type":"if","locations":[{"start":{"line":103,"column":8},"end":{"line":106,"column":null}},{"start":{},"end":{}}],"line":103},"4":{"loc":{"start":{"line":103,"column":12},"end":{"line":103,"column":33}},"type":"binary-expr","locations":[{"start":{"line":103,"column":12},"end":{"line":103,"column":21}},{"start":{"line":103,"column":21},"end":{"line":103,"column":33}}],"line":103},"5":{"loc":{"start":{"line":104,"column":13},"end":{"line":104,"column":null}},"type":"if","locations":[{"start":{"line":104,"column":13},"end":{"line":104,"column":null}},{"start":{},"end":{}}],"line":104},"6":{"loc":{"start":{"line":104,"column":17},"end":{"line":104,"column":37}},"type":"binary-expr","locations":[{"start":{"line":104,"column":17},"end":{"line":104,"column":25}},{"start":{"line":104,"column":25},"end":{"line":104,"column":37}}],"line":104},"7":{"loc":{"start":{"line":129,"column":4},"end":{"line":131,"column":null}},"type":"if","locations":[{"start":{"line":129,"column":4},"end":{"line":131,"column":null}},{"start":{},"end":{}}],"line":129},"8":{"loc":{"start":{"line":136,"column":6},"end":{"line":168,"column":null}},"type":"switch","locations":[{"start":{"line":137,"column":8},"end":{"line":140,"column":null}},{"start":{"line":142,"column":8},"end":{"line":148,"column":null}},{"start":{"line":150,"column":8},"end":{"line":154,"column":null}},{"start":{"line":156,"column":8},"end":{"line":159,"column":null}},{"start":{"line":161,"column":8},"end":{"line":164,"column":null}},{"start":{"line":166,"column":8},"end":{"line":167,"column":null}}],"line":136},"9":{"loc":{"start":{"line":138,"column":10},"end":{"line":138,"column":null}},"type":"if","locations":[{"start":{"line":138,"column":10},"end":{"line":138,"column":null}},{"start":{},"end":{}}],"line":138},"10":{"loc":{"start":{"line":144,"column":10},"end":{"line":144,"column":null}},"type":"if","locations":[{"start":{"line":144,"column":10},"end":{"line":144,"column":null}},{"start":
[...]
:176,"column":null}},"50":{"start":{"line":177,"column":6},"end":{"line":177,"column":null}},"51":{"start":{"line":179,"column":6},"end":{"line":179,"column":null}},"52":{"start":{"line":189,"column":4},"end":{"line":191,"column":null}},"53":{"start":{"line":190,"column":6},"end":{"line":190,"column":null}},"54":{"start":{"line":195,"column":4},"end":{"line":202,"column":null}},"55":{"start":{"line":196,"column":19},"end":{"line":196,"column":null}},"56":{"start":{"line":197,"column":6},"end":{"line":199,"column":null}},"57":{"start":{"line":198,"column":8},"end":{"line":198,"column":null}},"58":{"start":{"line":201,"column":6},"end":{"line":201,"column":null}},"59":{"start":{"line":206,"column":34},"end":{"line":206,"column":null}}},"fnMap":{"0":{"name":"(anonymous_0)","decl":{"start":{"line":16,"column":2},"end":{"line":16,"column":16}},"loc":{"start":{"line":16,"column":16},"end":{"line":23,"column":null}},"line":16},"1":{"name":"(anonymous_1)","decl":{"start":{"line":25,"column":9},"end":{"line":25,"column":43}},"loc":{"start":{"line":25,"column":43},"end":{"line":30,"column":null}},"line":25},"2":{"name":"(anonymous_2)","decl":{"start":{"line":59,"column":16},"end":{"line":59,"column":33}},"loc":{"start":{"line":59,"column":33},"end":{"line":63,"column":null}},"line":59},"3":{"name":"(anonymous_3)","decl":{"start":{"line":67,"column":9},"end":{"line":67,"column":24}},"loc":{"start":{"line":67,"column":39},"end":{"line":71,"column":null}},"line":67},"4":{"name":"(anonymous_4)","decl":{"start":{"line":73,"column":9},"end":{"line":73,"column":41}},"loc":{"start":{"line":73,"column":41},"end":{"line":79,"column":null}},"line":73},"5":{"name":"(anonymous_5)","decl":{"start":{"line":81,"column":9},"end":{"line":81,"column":25}},"loc":{"start":{"line":81,"column":40},"end":{"line":84,"column":null}},"line":81},"6":{"name":"(anonymous_6)","decl":{"start":{"line":86,"column":9},"end":{"line":86,"column":42}},"loc":{"start":{"line":86,"column":42},"end":{"line":91,"column":null}},"line":86},"7":{"name":"(anonymous_7)","decl":{"start":{"line":93,"column":9},"end":{"line":93,"column":22}},"loc":{"start":{"line":93,"column":41},"end":{"line":97,"column":null}},"line":93},"8":{"name":"(anonymous_8)","decl":{"start":{"line":99,"column":9},"end":{"line":99,"column":39}},"loc":{"start":{"line":99,"column":39},"end":{"line":105,"column":null}},"line":99},"9":{"name":"(anonymous_9)","decl":{"start":{"line":107,"column":9},"end":{"line":107,"column":17}},"loc":{"start":{"line":107,"column":17},"end":{"line":118,"column":null}},"line":107},"10":{"name":"(anonymous_10)","decl":{"start":{"line":122,"column":9},"end":{"line":122,"column":17}},"loc":{"start":{"line":122,"column":51},"end":{"line":126,"column":null}},"line":122},"11":{"name":"(anonymous_11)","decl":{"start":{"line":128,"column":9},"end":{"line":128,"column":17}},"loc":{"start":{"line":128,"column":45},"end":{"line":138,"column":null}},"line":128},"12":{"name":"(anonymous_12)","decl":{"start":{"line":140,"column":9},"end":{"line":140,"column":20}},"loc":{"start":{"line":140,"column":39},"end":{"line":143,"column":null}},"line":140},"13":{"name":"(anonymous_13)","decl":{"start":{"line":147,"column":10},"end":{"line":147,"column":17}},"loc":{"start":{"line":147,"column":38},"end":{"line":149,"column":null}},"line":147},"14":{"name":"(anonymous_14)","decl":{"start":{"line":154,"column":10},"end":{"line":154,"column":27}},"loc":{"start":{"line":154,"column":55},"end":{"line":167,"column":null}},"line":154},"15":{"name":"(anonymous_15)","decl":{"start":{"line":169,"column":10},"end":{"line":169,"column":29}},"loc":{"start":{"line":169,"column":57},"end":{"line":181,"column":null}},"line":169},"16":{"name":"(anonymous_16)","decl":{"start":{"line":187,"column":10},"end":{"line":187,"column":24}},"loc":{"start":{"line":187,"column":46},"end":{"line":192,"column":null}},"line":187},"17":{"name":"(anonymous_17)","decl":{"start":{"line":189,"column":35},"end":{"line":189,"column":36}},"loc":{"start":{"line":189,"column":42},"end":{"line":191,"column":5}},"line":189},"18":{"name":"(anonymous_18)","decl":{"start":{"line":194,"column":10},"end":{"line":194,"column":24}},"loc":{"start":{"line":194,"column":49},"end":{"line":203,"column":null}},"line":194},"19":{"name":"(anonymous_19)","decl":{"start":{"line":197,"column":32},"end":{"line":197,"column":33}},"loc":{"start":{"line":197,"column":39},"end":{"line":199,"column":7}},"line":197}},"branchMap":{"0":{"loc":{"start":{"line":26,"column":4},"end":{"line":28,"column":null}},"type":"if","locations":[{"start":{"line":26,"column":4},"end":{"line":28,"column":null}},{"start":{},"end":{}}],"line":26},"1":{"loc":{"start":{"line":74,"column":4},"end":{"line":76,"column":null}},"type":"if","locations":[{"start":{"line":74,"column":4},"end":{"line":76,"column":null}},{"start":{},"end":{}}],"line":74},"2":{"loc":{"start":{"line":87,"column":4},"end":{"line":89,"column":null}},"type":"if","locations":[{"start":{"line":87,"column":4},"end":{"line":89,"column":null}},{"start":{},"end":{}}],"line":87},"3":{"loc":{"start":{"line":100,"column":4},"end":{"line":102,"column":null}},"type":"if","locations":[{"start":{"line":100,"column":4},"end":{"line":102,"column":null}},{"start":{},"end":{}}],"line":100},"4":{"loc":{"start":{"line":104,"column":11},"end":{"line":104,"column":null}},"type":"cond-expr","locations":[{"start":{"line":104,"column":23},"end":{"line":104,"column":49}},{"start":{"line":104,"column":49},"end":{"line":104,"column":null}}],"line":104},"5":{"loc":{"start":{"line":129,"column":4},"end":{"line":131,"column":null}},"type":"if","locations":[{"start":{"line":129,"column":4},"end":{"line":131,"column":null}},{"start":{},"end":{}}],"line":129},"6":{"loc":{"start":{"line":134,"column":4},"end":{"line":136,"column":null}},"type":"if","locations":[{"start":{"line":134,"column":4},"end":{"line":136,"column":null}},{"start":{},"end":{}}],"line":134},"7":{"loc":{"start":{"line":172,"column":6},"end":{"line":172,"column":null}},"type":"if","locations":[{"start":{"line":172,"column":6},"end":{"line":172,"column":null}},{"start":{},"end":{}}],"line":172}},"s":{"0":5,"1":5,"2":5,"3":5,"4":5,"5":5,"6":5,"7":5,"8":5,"9":0,"10":0,"11":0,"12":0,"13":0,"14":0,"15":0,"16":0,"17":0,"18":0,"19":0,"20":0,"21":0,"22":0,"23":0,"24":0,"25":0,"26":0,"27":0,"28":0,"29":0,"30":0,"31":0,"32":20,"33":0,"34":20,"35":20,"36":0,"37":20,"38":0,"39":0,"40":20,"41":0,"42":0,"43":0,"44":20,"45":20,"46":20,"47":20,"48":0,"49":0,"50":0,"51":0,"52":0,"53":0,"54":0,"55":0,"56":0,"57":0,"58":0,"59":5},"f":{"0":5,"1":5,"2":5,"3":0,"4":0,"5":0,"6":0,"7":0,"8":0,"9":0,"10":0,"11":20,"12":0,"13":20,"14":0,"15":20,"16":0,"17":0,"18":0,"19":0},"b":{"0":[5,0],"1":[0,0],"2":[0,0],"3":[0,0],"4":[0,0],"5":[0,20],"6":[0,20],"7":[20,0]},"meta":{"lastBranch":8,"lastFunction":20,"lastStatement":60,"seen":{"f:16:2:16:16":0,"s:8:2:8:Infinity":0,"s:9:2:9:Infinity":1,"s:10:2:10:Infinity":2,"s:11:2:11:Infinity":3,"s:17:4:21:Infinity":4,"s:22:4:22:Infinity":5,"f:25:9:25:43":1,"b:26:4:28:Infinity:undefined:undefined:undefined:undefined":0,"s:26:4:28:Infinity":6,"s:27:6:27:Infinity":7,"s:29:4:29:Infinity":8,"f:59:16:59:33":2,"f:67:9:67:24":3,"s:68:4:68:Infinity":9,"s:70:4:70:Infinity":10,"f:73:9:73:41":4,"b:74:4:76:Infinity:undefined:undefined:undefined:undefined":1,"s:74:4:76:Infinity":11,"s:75:6:75:Infinity":12,"s:78:4:78:Infinity":13,"f:81:9:81:25":5,"s:82:4:82:Infinity":14,"s:83:4:83:Infinity":15,"f:86:9:86:42":6,"b:87:4:89:Infinity:undefined:undefined:undefined:undefined":2,"s:87:4:89:Infinity":16,"s:88:6:88:Infinity":17,"s:90:4:90:Infinity":18,"f:93:9:93:22":7,"s:94:16:94:Infinity":19,"s:95:4:95:Infinity":20,"s:96:4:96:Infinity":21,"f:99:9:99:39":8,"b:100:4:102:Infinity:undefined:undefined:undefined:undefined":3,"s:100:4:102:Infinity":22,"s:101:6:101:Infinity":23,"s:103:22:103:Infinity":24,"s:104:4:104:Infinity":25,"b:104:23:104:49:104:49:104:Infinity":4,"f:107:9:107:17":9,"s:108:4:112:Infinity":26,"s:115:4:115:Infinity":27,"s:116:4:116:Infinity":28,"s:117:4:117:Infinity":29,"f:122:9:122:17":10,"s:124:4:124:Infinity":30,"s:125:4:125:Infinity":31,"f:128:9:128:17":11,"b:129:4:131:Infinity:undefined:undefined:undefined:undefined":5,"s:129:4:131:Infinity":32,"s:130:6:130:Infinity":33,"s:132:16:132:Infinity":34,"b:134:4:136:Infinity:undefined:undefined:undefined:undefined":6,"s:134:4:136:Infinity":35,"s:135:6:135:Infinity":36,"s:137:4:137:Infinity":37,"f:140:9:140:20":12,"s:141:4:141:Infinity":38,"s:142:4:142:Infinity":39,"f:147:10:147:17":13,"s:148:4:148:Infinity":40,"f:154:10:154:27":14,"s:155:4:166:Infinity":41,"s:162:24:162:Infinity":42,"s:163:6:163:Infinity":43,"f:169:10:169:29":15,"s:170:4:180:Infinity":44,"s:171:21:171:Infinity":45,"b:172:6:172:Infinity:undefined:undefined:undefined:undefined":7,"s:172:6:172:Infinity":46,"s:172:19:172:Infinity":47,"s:174:24:174:Infinity":48,"s:176:6:176:Infinity":49,"s:177:6:177:Infinity":50,"s:179:6:179:Infinity":51,"f:187:10:187:24":16,"s:189:4:191:Infinity":52,"f:189:35:189:36":17,"s:190:6:190:Infinity":53,"f:194:10:194:24":18,"s:195:4:202:Infinity":54,"s:196:19:196:Infinity":55,"s:197:6:199:Infinity":56,"f:197:32:197:33":19,"s:198:8:198:Infinity":57,"s:201:6:201:Infinity":58,"s:206:34:206:Infinity":59}}}
,"/Users/macbookprom1/Well/src/utils/tax.ts": {"path":"/Users/macbookprom1/Well/src/utils/tax.ts","statementMap":{"0":{"start":{"line":17,"column":29},"end":{"line":20,"column":null}},"1":{"start":{"line":29,"column":28},"end":{"line":41,"column":null}},"2":{"start":{"line":30,"column":20},"end":{"line":30,"column":null}},"3":{"start":{"line":31,"column":20},"end":{"line":31,"column":null}},"4":{"start":{"line":32,"column":14},"end":{"line":32,"column":null}},"5":{"start":{"line":34,"column":2},"end":{"line":40,"column":null}}},"fnMap":{"0":{"name":"(anonymous_0)","decl":{"start":{"line":29,"column":28},"end":{"line":29,"column":29}},"loc":{"start":{"line":29,"column":59},"end":{"line":41,"column":null}},"line":29}},"branchMap":{"0":{"loc":{"start":{"line":31,"column":20},"end":{"line":31,"column":null}},"type":"cond-expr","locations":[{"start":{"line":31,"column":32},"end":{"line":31,"column":62}},{"start":{"line":31,"column":62},"end":{"line":31,"column":null}}],"line":31},"1":{"loc":{"start":{"line":39,"column":13},"end":{"line":39,"column":null}},"type":"cond-expr","locations":[{"start":{"line":39,"column":25},"end":{"line":39,"column":46}},{"start":{"line":39,"column":46},"end":{"line":39,"column":null}}],"line":39}},"s":{"0":2,"1":2,"2":6,"3":6,"4":6,"5":6},"f":{"0":6},"b":{"0":[4,2],"1":[4,2]},"meta":{"lastBranch":2,"lastFunction":1,"lastStatement":6,"seen":{"s:17:29:20:Infinity":0,"s:29:28:41:Infinity":1,"f:29:28:29:29":0,"s:30:20:30:Infinity":2,"s:31:20:31:Infinity":3,"b:31:32:31:62:31:62:31:Infinity":0,"s:32:14:32:Infinity":4,"s:34:2:40:Infinity":5,"b:39:25:39:46:39:46:39:Infinity":1}}}
,"/Users/macbookprom1/Well/src/utils/tokenomics.ts": {"path":"/Users/macbookprom1/Well/src/utils/tokenomics.ts","statementMap":{"0":{"start":{"line":15,"column":20},"end":{"line":15,"column":null}},"1":{"start":{"line":16,"column":17},"end":{"line":16,"column":null}},"2":{"start":{"line":17,"column":2},"end":{"line":17,"column":null}},"3":{"start":{"line":27,"column":20},"end":{"line":30,"column":null}},"4":{"start":{"line":32,"column":2},"end":{"line":36,"column":null}},"5":{"start":{"line":33,"column":4},"end":{"line":33,"column":null}},"6":{"start":{"line":35,"column":4},"end":{"line":35,"column":null}},"7":{"start":{"line":44,"column":21},"end":{"line":44,"column":null}},"8":{"start":{"line":45,"column":13},"end":{"line":45,"column":null}},"9":{"start":{"line":48,"column":2},"end":{"line":51,"column":null}},"10":{"start":{"line":48,"column":15},"end":{"line":48,"column":18}},"11":{"start":{"line":49,"column":24},"end":{"line":49,"column":null}},"12":{"start":{"line":50,"column":4},"end":{"line":50,"column":null}},"13":{"start":{"line":53,"column":2},"end":{"line":53,"column":null}}},"fnMap":{"0":{"name":"calculateStakingReward","decl":{"start":{"line":10,"column":16},"end":{"line":10,"column":null}},"loc":{"start":{"line":14,"column":10},"end":{"line":18,"column":null}},"line":14},"1":{"name":"formatToken","decl":{"start":{"line":26,"column":16},"end":{"line":26,"column":28}},"loc":{"start":{"line":26,"column":69},"end":{"line":37,"column":null}},"line":26},"2":{"name":"generateTxHash","decl":{"start":{"line":43,"column":16},"end":{"line":43,"column":41}},"loc":{"start":{"line":43,"column":41},"end":{"line":54,"column":null}},"line":43}},"branchMap":{"0":{"loc":{"start":{"line":32,"column":2},"end":{"line":36,"column":null}},"type":"if","locations":[{"start":{"line":32,"column":2},"end":{"line":36,"column":null}},{"start":{"line":34,"column":9},"end":{"line":36,"column":null}}],"line":32}},"s":{"0":6,"1":6,"2":6,"3":4,"4":4,"5":2,"6":2,"7":9,"8":9,"9":9,"10":9,"11":576,"12":576,"13":9},"f":{"0":6,"1":4,"2":9},"b":{"0":[2,2]},"meta":{"lastBranch":1,"lastFunction":3,"lastStatement":14,"seen":{"f:10:16:10:Infinity":0,"s:15:20:15:Infinity":0,"s:16:17:16:Infinity":1,"s:17:2:17:Infinity":2,"f:26:16:26:28":1,"s:27:20:30:Infinity":3,"b:32:2:36:Infinity:34:9:36:Infinity":0,"s:32:2:36:Infinity":4,"s:33:4:33:Infinity":5,"s:35:4:35:Infinity":6,"f:43:16:43:41":2,"s:44:21:44:Infinity":7,"s:45:13:45:Infinity":8,"s:48:2:51:Infinity":9,"s:48:15:48:18":10,"s:49:24:49:Infinity":11,"s:50:4:50:Infinity":12,"s:53:2:53:Infinity":13}}}
,"/Users/macbookprom1/Well/src/utils/validate-config.ts": {"path":"/Users/macbookprom1/Well/src/utils/validate-config.ts","statementMap":{"0":{"start":{"line":3,"column":6},"end":{"line":3,"column":null}},"1":{"start":{"line":15,"column":26},"end":{"line":27,"column":null}},"2":{"start":{"line":29,"column":32},"end":{"line":29,"column":null}},"3":{"start":{"line":31,"column":2},"end":{"line":37,"column":null}},"4":{"start":{"line":34,"column":4},"end":{"line":36,"column":null}},"5":{"start":{"line":35,"column":6},"end":{"line":35,"column":null}},"6":{"start":{"line":39,"column":2},"end":{"line":53,"column":null}},"7":{"start":{"line":40,"column":25},"end":{"line":44,"column":null}},"8":{"start":{"line":44,"column":25},"end":{"line":44,"column":38}},"9":{"start":{"line":50,"column":4},"end":{"line":50,"column":null}},"10":{"start":{"line":52,"column":4},"end":{"line":52,"column":null}},"11":{"start":{"line":55,"column":2},"end":{"line":55,"column":null}}},"fnMap":{"0":{"name":"validateConfig","decl":{"start":{"line":14,"column":16},"end":{"line":14,"column":31}},"loc":{"start":{"line":14,"column":113},"end":{"line":56,"column":null}},"line":14},"1":{"name":"(anonymous_1)","decl":{"start":{"line":44,"column":18},"end":{"line":44,"column":25}},"loc":{"start":{"line":44,"column":25},"end":{"line":44,"column":38}},"line":44}},"branchMap":{"0":{"loc":{"start":{"line":14,"column":31},"end":{"line":14,"column":113}},"type":"default-arg","locations":[{"start":{"line":14,"column":83},"end":{"line":14,"column":113}}],"line":14},"1":{"loc":{"start":{"line":34,"column":4},"end":{"line":36,"column":null}},"type":"if","locations":[{"start":{"line":34,"column":4},"end":{"line":36,"column":null}},{"start":{},"end":{}}],"line":34},"2":{"loc":{"start":{"line":39,"column":2},"end":{"line":53,"column":null}},"type":"if","locations":[{"start":{"line":39,"column":2},"end":{"line":53,"column":null}},{"start":{},"end":{}}],"line":39}},"s":{"0":1,"1":3,"2":3,"3":3,"4":27,"5":17,"6":3,"7":2,"8":17,"9":2,"10":2,"11":1},"f":{"0":3,"1":17},"b":{"0":[3],"1":[17,10],"2":[2,1]},"meta":{"lastBranch":3,"lastFunction":2,"lastStatement":12,"seen":{"s:3:6:3:Infinity":0,"f:14:16:14:31":0,"b:14:83:14:113":0,"s:15:26:27:Infinity":1,"s:29:32:29:Infinity":2,"s:31:2:37:Infinity":3,"b:34:4:36:Infinity:undefined:undefined:undefined:undefined":1,"s:34:4:36:Infinity":4,"s:35:6:35:Infinity":5,"b:39:2:53:Infinity:undefined:undefined:undefined:undefined":2,"s:39:2:53:Infinity":6,"s:40:25:44:Infinity":7,"f:44:18:44:25":1,"s:44:25:44:38":8,"s:50:4:50:Infinity":9,"s:52:4:52:Infinity":10,"s:55:2:55:Infinity":11}}}
,"/Users/macbookprom1/Well/src/utils/business/wealthEngine.ts": {"path":"/Users/macbookprom1/Well/src/utils/business/wealthEngine.ts","statementMap":{"0":{"start":{"line":9,"column":26},"end":{"line":9,"column":null}},"1":{"start":{"line":11,"column":29},"end":{"line":11,"column":null}},"2":{"start":{"line":13,"column":21},"end":{"line":13,"column":null}},"3":{"start":{"line":14,"column":4},"end":{"line":14,"column":null}},"4":{"start":{"line":22,"column":29},"end":{"line":22,"column":null}},"5":{"start":{"line":23,"column":4},"end":{"line":23,"column":null}},"6":{"start":{"line":31,"column":4},"end":{"line":31,"column":null}},"7":{"start":{"line":31,"column":39},"end":{"line":31,"column":null}},"8":{"start":{"line":32,"column":4},"end":{"line":32,"column":null}},"9":{"start":{"line":32,"column":38},"end":{"line":32,"column":null}},"10":{"start":{"line":33,"column":4},"end":{"line":33,"column":null}},"11":{"start":{"line":33,"column":38},"end":{"line":33,"column":null}},"12":{"start":{"line":34,"column":4},"end":{"line":34,"column":null}},"13":{"start":{"line":41,"column":26},"end":{"line":41,"column":null}},"14":{"start":{"line":42,"column":30},"end":{"line":42,"column":null}},"15":{"start":{"line":43,"column":24},"end":{"line":43,"column":null}},"16":{"start":{"line":44,"column":26},"end":{"line":44,"column":null}},"17":{"start":{"line":45,"column":28},"end":{"line":45,"column":null}},"18":{"start":{"line":46,"column":34},"end":{"line":46,"column":null}},"19":{"start":{"line":48,"column":4},"end":{"line":56,"column":null}}},"fnMap":{"0":{"name":"calculateBusinessValuation","decl":{"start":{"line":7,"column":16},"end":{"line":7,"column":43}},"loc":{"start":{"line":7,"column":63},"end":{"line":15,"column":null}},"line":7},"1":{"name":"calculateEquityValue","decl":{"start":{"line":21,"column":16},"end":{"line":21,"column":37}},"loc":{"start":{"line":21,"column":66},"end":{"line":24,"column":null}},"line":21},"2":{"name":"calculateAssetGrowthRate","decl":{"start":{"line":29,"column":16},"end":{"line":29,"column":41}},"loc":{"start":{"line":29,"column":61},"end":{"line":35,"column":null}},"line":29},"3":{"name":"enrichUserWithWealthMetrics","decl":{"start":{"line":40,"column":16},"end":{"line":40,"column":44}},"loc":{"start":{"line":40,"column":62},"end":{"line":57,"column":null}},"line":40}},"branchMap":{"0":{"loc":{"start":{"line":31,"column":4},"end":{"line":31,"column":null}},"type":"if","locations":[{"start":{"line":31,"column":4},"end":{"line":31,"column":null}},{"start":{},"end":{}}],"line":31},"1":{"loc":{"start":{"line":32,"column":4},"end":{"line":32,"column":null}},"type":"if","locations":[{"start":{"line":32,"column":4},"end":{"line":32,"column":null}},{"start":{},"end":{}}],"line":32},"2":{"loc":{"start":{"line":33,"column":4},"end":{"line":33,"column":null}},"type":"if","locations":[{"start":{"line":33,"column":4},"end":{"line":33,"column":null}},{"start":{},"end":{}}],"line":33}},"s":{"0":3,"1":3,"2":3,"3":3,"4":3,"5":3,"6":4,"7":1,"8":3,"9":2,"10":1,"11":0,"12":1,"13":1,"14":1,"15":1,"16":1,"17":1,"18":1,"19":1},"f":{"0":3,"1":3,"2":4,"3":1},"b":{"0":[1,3],"1":[2,1],"2":[0,1]},"meta":{"lastBranch":3,"lastFunction":4,"lastStatement":20,"seen":{"f:7:16:7:43":0,"s:9:26:9:Infinity":0,"s:11:29:11:Infinity":1,"s:13:21:13:Infinity":2,"s:14:4:14:Infinity":3,"f:21:16:21:37":1,"s:22:29:22:Infinity":4,"s:23:4:23:Infinity":5,"f:29:16:29:41":2,"b:31:4:31:Infinity:undefined:undefined:undefined:undefined":0,"s:31:4:31:Infinity":6,"s:31:39:31:Infinity":7,"b:32:4:32:Infinity:undefined:undefined:undefined:undefined":1,"s:32:4:32:Infinity":8,"s:32:38:32:Infinity":9,"b:33:4:33:Infinity:undefined:undefined:undefined:undefined":2,"s:33:4:33:Infinity":10,"s:33:38:33:Infinity":11,"s:34:4:34:Infinity":12,"f:40:16:40:44":3,"s:41:26:41:Infinity":13,"s:42:30:42:Infinity":14,"s:43:24:43:Infinity":15,"s:44:26:44:Infinity":16,"s:45:28:45:Infinity":17,"s:46:34:46:Infinity":18,"s:48:4:56:Infinity":19}}}
}
